0 verbose cli /usr/local/bin/node /usr/local/bin/npm
1 info using npm@11.6.2
2 info using node@v24.12.0
3 silly config load:file:/usr/local/lib/node_modules/npm/npmrc
4 silly config load:file:/Users/patrickstephenson/bay-area-golf-times/.npmrc
5 silly config load:file:/Users/patrickstephenson/.npmrc
6 silly config load:file:/usr/local/etc/npmrc
7 verbose title npm install better-sqlite3 puppeteer-core
8 verbose argv "install" "better-sqlite3" "puppeteer-core" "--cache" ".npm-cache"
9 verbose logfile logs-max:10 dir:/Users/patrickstephenson/bay-area-golf-times/.npm-cache/_logs/2026-01-02T13_00_02_911Z-
10 verbose logfile /Users/patrickstephenson/bay-area-golf-times/.npm-cache/_logs/2026-01-02T13_00_02_911Z-debug-0.log
11 silly logfile done cleaning log files
12 silly packumentCache heap:2348810240 maxSize:587202560 maxEntrySize:293601280
13 silly idealTree buildDeps
14 silly fetch manifest better-sqlite3@*
15 silly packumentCache full:https://registry.npmjs.org/better-sqlite3 cache-miss
16 http fetch GET 200 https://registry.npmjs.org/better-sqlite3 128ms (cache miss)
17 silly packumentCache full:https://registry.npmjs.org/better-sqlite3 set size:undefined disposed:false
18 silly fetch manifest puppeteer-core@*
19 silly packumentCache full:https://registry.npmjs.org/puppeteer-core cache-miss
20 http fetch GET 200 https://registry.npmjs.org/puppeteer-core 49ms (cache miss)
21 silly packumentCache full:https://registry.npmjs.org/puppeteer-core set size:undefined disposed:false
22 silly placeDep ROOT better-sqlite3@12.5.0 OK for: bay-area-golf-times@1.0.0 want: *
23 silly placeDep ROOT puppeteer-core@24.34.0 OK for: bay-area-golf-times@1.0.0 want: *
24 silly fetch manifest bindings@^1.5.0
25 silly packumentCache full:https://registry.npmjs.org/bindings cache-miss
26 silly fetch manifest prebuild-install@^7.1.1
27 silly packumentCache full:https://registry.npmjs.org/prebuild-install cache-miss
28 silly fetch manifest @puppeteer/browsers@2.11.0
29 silly packumentCache full:https://registry.npmjs.org/@puppeteer%2fbrowsers cache-miss
30 silly fetch manifest chromium-bidi@12.0.1
31 silly packumentCache full:https://registry.npmjs.org/chromium-bidi cache-miss
32 silly fetch manifest devtools-protocol@0.0.1534754
33 silly packumentCache full:https://registry.npmjs.org/devtools-protocol cache-miss
34 silly fetch manifest typed-query-selector@^2.12.0
35 silly packumentCache full:https://registry.npmjs.org/typed-query-selector cache-miss
36 silly fetch manifest webdriver-bidi-protocol@0.3.10
37 silly packumentCache full:https://registry.npmjs.org/webdriver-bidi-protocol cache-miss
38 http fetch GET 200 https://registry.npmjs.org/bindings 35ms (cache miss)
39 silly packumentCache full:https://registry.npmjs.org/bindings set size:undefined disposed:false
40 silly fetch manifest ws@^8.18.3
41 silly packumentCache full:https://registry.npmjs.org/ws cache-miss
42 http fetch GET 200 https://registry.npmjs.org/ws 50ms (cache miss)
43 silly packumentCache full:https://registry.npmjs.org/ws set size:undefined disposed:false
44 http fetch GET 200 https://registry.npmjs.org/prebuild-install 127ms (cache miss)
45 silly packumentCache full:https://registry.npmjs.org/prebuild-install set size:undefined disposed:false
46 http fetch GET 200 https://registry.npmjs.org/webdriver-bidi-protocol 130ms (cache miss)
47 silly packumentCache full:https://registry.npmjs.org/webdriver-bidi-protocol set size:undefined disposed:false
48 http fetch GET 200 https://registry.npmjs.org/chromium-bidi 147ms (cache miss)
49 silly packumentCache full:https://registry.npmjs.org/chromium-bidi set size:undefined disposed:false
50 http fetch GET 200 https://registry.npmjs.org/typed-query-selector 158ms (cache miss)
51 silly packumentCache full:https://registry.npmjs.org/typed-query-selector set size:undefined disposed:false
52 http fetch GET 200 https://registry.npmjs.org/@puppeteer%2fbrowsers 160ms (cache miss)
53 silly packumentCache full:https://registry.npmjs.org/@puppeteer%2fbrowsers set size:undefined disposed:false
54 http fetch GET 200 https://registry.npmjs.org/devtools-protocol 225ms (cache miss)
55 silly packumentCache full:https://registry.npmjs.org/devtools-protocol set size:undefined disposed:false
56 silly placeDep ROOT bindings@1.5.0 OK for: better-sqlite3@12.5.0 want: ^1.5.0
57 silly placeDep ROOT prebuild-install@7.1.3 OK for: better-sqlite3@12.5.0 want: ^7.1.1
58 silly fetch manifest file-uri-to-path@1.0.0
59 silly packumentCache full:https://registry.npmjs.org/file-uri-to-path cache-miss
60 silly fetch manifest detect-libc@^2.0.0
61 silly packumentCache full:https://registry.npmjs.org/detect-libc cache-miss
62 silly fetch manifest expand-template@^2.0.3
63 silly packumentCache full:https://registry.npmjs.org/expand-template cache-miss
64 silly fetch manifest github-from-package@0.0.0
65 silly packumentCache full:https://registry.npmjs.org/github-from-package cache-miss
66 silly fetch manifest minimist@^1.2.3
67 silly packumentCache full:https://registry.npmjs.org/minimist cache-miss
68 silly fetch manifest mkdirp-classic@^0.5.3
69 silly packumentCache full:https://registry.npmjs.org/mkdirp-classic cache-miss
70 silly fetch manifest napi-build-utils@^2.0.0
71 silly packumentCache full:https://registry.npmjs.org/napi-build-utils cache-miss
72 http fetch GET 200 https://registry.npmjs.org/github-from-package 107ms (cache miss)
73 silly packumentCache full:https://registry.npmjs.org/github-from-package set size:undefined disposed:false
74 silly fetch manifest node-abi@^3.3.0
75 silly packumentCache full:https://registry.npmjs.org/node-abi cache-miss
76 http fetch GET 200 https://registry.npmjs.org/napi-build-utils 109ms (cache miss)
77 silly packumentCache full:https://registry.npmjs.org/napi-build-utils set size:undefined disposed:false
78 silly fetch manifest pump@^3.0.0
79 silly packumentCache full:https://registry.npmjs.org/pump cache-miss
80 http fetch GET 200 https://registry.npmjs.org/mkdirp-classic 110ms (cache miss)
81 silly packumentCache full:https://registry.npmjs.org/mkdirp-classic set size:undefined disposed:false
82 silly fetch manifest rc@^1.2.7
83 silly packumentCache full:https://registry.npmjs.org/rc cache-miss
84 http fetch GET 200 https://registry.npmjs.org/file-uri-to-path 112ms (cache miss)
85 silly packumentCache full:https://registry.npmjs.org/file-uri-to-path set size:undefined disposed:false
86 silly fetch manifest simple-get@^4.0.0
87 silly packumentCache full:https://registry.npmjs.org/simple-get cache-miss
88 http fetch GET 200 https://registry.npmjs.org/detect-libc 113ms (cache miss)
89 silly packumentCache full:https://registry.npmjs.org/detect-libc set size:undefined disposed:false
90 silly fetch manifest tar-fs@^2.0.0
91 silly packumentCache full:https://registry.npmjs.org/tar-fs cache-miss
92 http fetch GET 200 https://registry.npmjs.org/expand-template 113ms (cache miss)
93 silly packumentCache full:https://registry.npmjs.org/expand-template set size:undefined disposed:false
94 silly fetch manifest tunnel-agent@^0.6.0
95 silly packumentCache full:https://registry.npmjs.org/tunnel-agent cache-miss
96 http fetch GET 200 https://registry.npmjs.org/minimist 114ms (cache miss)
97 silly packumentCache full:https://registry.npmjs.org/minimist set size:undefined disposed:false
98 http fetch GET 200 https://registry.npmjs.org/node-abi 47ms (cache miss)
99 silly packumentCache full:https://registry.npmjs.org/node-abi set size:undefined disposed:false
100 http fetch GET 200 https://registry.npmjs.org/rc 48ms (cache miss)
101 silly packumentCache full:https://registry.npmjs.org/rc set size:undefined disposed:false
102 http fetch GET 200 https://registry.npmjs.org/pump 51ms (cache miss)
103 silly packumentCache full:https://registry.npmjs.org/pump set size:undefined disposed:false
104 http fetch GET 200 https://registry.npmjs.org/simple-get 51ms (cache miss)
105 silly packumentCache full:https://registry.npmjs.org/simple-get set size:undefined disposed:false
106 http fetch GET 200 https://registry.npmjs.org/tar-fs 50ms (cache miss)
107 silly packumentCache full:https://registry.npmjs.org/tar-fs set size:undefined disposed:false
108 http fetch GET 200 https://registry.npmjs.org/tunnel-agent 50ms (cache miss)
109 silly packumentCache full:https://registry.npmjs.org/tunnel-agent set size:undefined disposed:false
110 silly placeDep ROOT file-uri-to-path@1.0.0 OK for: bindings@1.5.0 want: 1.0.0
111 silly placeDep ROOT detect-libc@2.1.2 OK for: prebuild-install@7.1.3 want: ^2.0.0
112 silly placeDep ROOT expand-template@2.0.3 OK for: prebuild-install@7.1.3 want: ^2.0.3
113 silly placeDep ROOT github-from-package@0.0.0 OK for: prebuild-install@7.1.3 want: 0.0.0
114 silly placeDep ROOT minimist@1.2.8 OK for: prebuild-install@7.1.3 want: ^1.2.3
115 silly placeDep ROOT mkdirp-classic@0.5.3 OK for: prebuild-install@7.1.3 want: ^0.5.3
116 silly placeDep ROOT napi-build-utils@2.0.0 OK for: prebuild-install@7.1.3 want: ^2.0.0
117 silly placeDep ROOT node-abi@3.85.0 OK for: prebuild-install@7.1.3 want: ^3.3.0
118 silly placeDep ROOT pump@3.0.3 OK for: prebuild-install@7.1.3 want: ^3.0.0
119 silly placeDep ROOT rc@1.2.8 OK for: prebuild-install@7.1.3 want: ^1.2.7
120 silly placeDep ROOT simple-get@4.0.1 OK for: prebuild-install@7.1.3 want: ^4.0.0
121 silly placeDep ROOT tar-fs@2.1.4 OK for: prebuild-install@7.1.3 want: ^2.0.0
122 silly placeDep ROOT tunnel-agent@0.6.0 OK for: prebuild-install@7.1.3 want: ^0.6.0
123 silly fetch manifest semver@^7.3.5
124 silly packumentCache full:https://registry.npmjs.org/semver cache-miss
125 silly fetch manifest end-of-stream@^1.1.0
126 silly packumentCache full:https://registry.npmjs.org/end-of-stream cache-miss
127 silly fetch manifest ini@~1.3.0
128 silly packumentCache full:https://registry.npmjs.org/ini cache-miss
129 silly fetch manifest deep-extend@^0.6.0
130 silly packumentCache full:https://registry.npmjs.org/deep-extend cache-miss
131 silly fetch manifest strip-json-comments@~2.0.1
132 silly packumentCache full:https://registry.npmjs.org/strip-json-comments cache-miss
133 silly fetch manifest decompress-response@^6.0.0
134 silly packumentCache full:https://registry.npmjs.org/decompress-response cache-miss
135 silly fetch manifest simple-concat@^1.0.0
136 silly packumentCache full:https://registry.npmjs.org/simple-concat cache-miss
137 http fetch GET 200 https://registry.npmjs.org/semver 37ms (cache miss)
138 silly packumentCache full:https://registry.npmjs.org/semver set size:undefined disposed:false
139 silly fetch manifest chownr@^1.1.1
140 silly packumentCache full:https://registry.npmjs.org/chownr cache-miss
141 http fetch GET 200 https://registry.npmjs.org/end-of-stream 41ms (cache miss)
142 silly packumentCache full:https://registry.npmjs.org/end-of-stream set size:undefined disposed:false
143 silly fetch manifest tar-stream@^2.1.4
144 silly packumentCache full:https://registry.npmjs.org/tar-stream cache-miss
145 http fetch GET 200 https://registry.npmjs.org/simple-concat 44ms (cache miss)
146 silly packumentCache full:https://registry.npmjs.org/simple-concat set size:undefined disposed:false
147 silly fetch manifest safe-buffer@^5.0.1
148 silly packumentCache full:https://registry.npmjs.org/safe-buffer cache-miss
149 http fetch GET 200 https://registry.npmjs.org/ini 45ms (cache miss)
150 silly packumentCache full:https://registry.npmjs.org/ini set size:undefined disposed:false
151 http fetch GET 200 https://registry.npmjs.org/decompress-response 47ms (cache miss)
152 silly packumentCache full:https://registry.npmjs.org/decompress-response set size:undefined disposed:false
153 http fetch GET 200 https://registry.npmjs.org/strip-json-comments 50ms (cache miss)
154 silly packumentCache full:https://registry.npmjs.org/strip-json-comments set size:undefined disposed:false
155 http fetch GET 200 https://registry.npmjs.org/chownr 36ms (cache miss)
156 silly packumentCache full:https://registry.npmjs.org/chownr set size:undefined disposed:false
157 http fetch GET 200 https://registry.npmjs.org/tar-stream 40ms (cache miss)
158 silly packumentCache full:https://registry.npmjs.org/tar-stream set size:undefined disposed:false
159 http fetch GET 200 https://registry.npmjs.org/safe-buffer 38ms (cache miss)
160 silly packumentCache full:https://registry.npmjs.org/safe-buffer set size:undefined disposed:false
161 http fetch GET 200 https://registry.npmjs.org/deep-extend 132ms (cache miss)
162 silly packumentCache full:https://registry.npmjs.org/deep-extend set size:undefined disposed:false
163 silly placeDep ROOT semver@7.7.3 OK for: node-abi@3.85.0 want: ^7.3.5
164 silly placeDep ROOT end-of-stream@1.4.5 OK for: pump@3.0.3 want: ^1.1.0
165 silly fetch manifest bufferutil@^4.0.1
166 silly packumentCache full:https://registry.npmjs.org/bufferutil cache-miss
167 http fetch GET 200 https://registry.npmjs.org/bufferutil 38ms (cache miss)
168 silly packumentCache full:https://registry.npmjs.org/bufferutil set size:undefined disposed:false
169 silly fetch manifest utf-8-validate@>=5.0.2
170 silly packumentCache full:https://registry.npmjs.org/utf-8-validate cache-miss
171 http fetch GET 200 https://registry.npmjs.org/utf-8-validate 43ms (cache miss)
172 silly packumentCache full:https://registry.npmjs.org/utf-8-validate set size:undefined disposed:false
173 silly placeDep ROOT @puppeteer/browsers@2.11.0 OK for: puppeteer-core@24.34.0 want: 2.11.0
174 silly placeDep ROOT chromium-bidi@12.0.1 OK for: puppeteer-core@24.34.0 want: 12.0.1
175 silly placeDep ROOT devtools-protocol@0.0.1534754 OK for: chromium-bidi@12.0.1 want: *
176 silly placeDep ROOT typed-query-selector@2.12.0 OK for: puppeteer-core@24.34.0 want: ^2.12.0
177 silly placeDep ROOT webdriver-bidi-protocol@0.3.10 OK for: puppeteer-core@24.34.0 want: 0.3.10
178 silly placeDep ROOT ws@8.18.3 OK for: puppeteer-core@24.34.0 want: ^8.18.3
179 silly fetch manifest extract-zip@^2.0.1
180 silly packumentCache full:https://registry.npmjs.org/extract-zip cache-miss
181 silly fetch manifest progress@^2.0.3
182 silly packumentCache full:https://registry.npmjs.org/progress cache-miss
183 silly fetch manifest proxy-agent@^6.5.0
184 silly packumentCache full:https://registry.npmjs.org/proxy-agent cache-miss
185 silly fetch manifest tar-fs@^3.1.1
186 silly packumentCache full:https://registry.npmjs.org/tar-fs cache-miss
187 silly fetch manifest yargs@^17.7.2
188 silly packumentCache full:https://registry.npmjs.org/yargs cache-miss
189 silly fetch manifest mitt@^3.0.1
190 silly packumentCache full:https://registry.npmjs.org/mitt cache-miss
191 silly fetch manifest zod@^3.24.1
192 silly packumentCache full:https://registry.npmjs.org/zod cache-miss
193 http cache https://registry.npmjs.org/tar-fs 6ms (cache hit)
194 silly packumentCache full:https://registry.npmjs.org/tar-fs set size:116372 disposed:false
195 http fetch GET 200 https://registry.npmjs.org/progress 47ms (cache miss)
196 silly packumentCache full:https://registry.npmjs.org/progress set size:undefined disposed:false
197 http fetch GET 200 https://registry.npmjs.org/proxy-agent 48ms (cache miss)
198 silly packumentCache full:https://registry.npmjs.org/proxy-agent set size:undefined disposed:false
199 http fetch GET 200 https://registry.npmjs.org/extract-zip 49ms (cache miss)
200 silly packumentCache full:https://registry.npmjs.org/extract-zip set size:undefined disposed:false
201 http fetch GET 200 https://registry.npmjs.org/mitt 49ms (cache miss)
202 silly packumentCache full:https://registry.npmjs.org/mitt set size:undefined disposed:false
203 http fetch GET 200 https://registry.npmjs.org/yargs 53ms (cache miss)
204 silly packumentCache full:https://registry.npmjs.org/yargs set size:undefined disposed:false
205 http fetch GET 200 https://registry.npmjs.org/zod 73ms (cache miss)
206 silly packumentCache full:https://registry.npmjs.org/zod set size:undefined disposed:false
207 silly placeDep ROOT extract-zip@2.0.1 OK for: @puppeteer/browsers@2.11.0 want: ^2.0.1
208 silly placeDep ROOT progress@2.0.3 OK for: @puppeteer/browsers@2.11.0 want: ^2.0.3
209 silly placeDep ROOT proxy-agent@6.5.0 OK for: @puppeteer/browsers@2.11.0 want: ^6.5.0
210 silly placeDep node_modules/@puppeteer/browsers tar-fs@3.1.1 OK for: @puppeteer/browsers@2.11.0 want: ^3.1.1
211 silly placeDep ROOT yargs@17.7.2 OK for: @puppeteer/browsers@2.11.0 want: ^17.7.2
212 silly fetch manifest get-stream@^5.1.0
213 silly packumentCache full:https://registry.npmjs.org/get-stream cache-miss
214 silly fetch manifest yauzl@^2.10.0
215 silly packumentCache full:https://registry.npmjs.org/yauzl cache-miss
216 silly fetch manifest @types/yauzl@^2.9.1
217 silly packumentCache full:https://registry.npmjs.org/@types%2fyauzl cache-miss
218 silly fetch manifest agent-base@^7.1.2
219 silly packumentCache full:https://registry.npmjs.org/agent-base cache-miss
220 silly fetch manifest http-proxy-agent@^7.0.1
221 silly packumentCache full:https://registry.npmjs.org/http-proxy-agent cache-miss
222 silly fetch manifest https-proxy-agent@^7.0.6
223 silly packumentCache full:https://registry.npmjs.org/https-proxy-agent cache-miss
224 silly fetch manifest lru-cache@^7.14.1
225 silly packumentCache full:https://registry.npmjs.org/lru-cache cache-miss
226 http fetch GET 200 https://registry.npmjs.org/get-stream 37ms (cache miss)
227 silly packumentCache full:https://registry.npmjs.org/get-stream set size:undefined disposed:false
228 silly fetch manifest pac-proxy-agent@^7.1.0
229 silly packumentCache full:https://registry.npmjs.org/pac-proxy-agent cache-miss
230 http fetch GET 200 https://registry.npmjs.org/https-proxy-agent 40ms (cache miss)
231 silly packumentCache full:https://registry.npmjs.org/https-proxy-agent set size:undefined disposed:false
232 silly fetch manifest proxy-from-env@^1.1.0
233 silly packumentCache full:https://registry.npmjs.org/proxy-from-env cache-miss
234 http fetch GET 200 https://registry.npmjs.org/agent-base 43ms (cache miss)
235 silly packumentCache full:https://registry.npmjs.org/agent-base set size:undefined disposed:false
236 silly fetch manifest socks-proxy-agent@^8.0.5
237 silly packumentCache full:https://registry.npmjs.org/socks-proxy-agent cache-miss
238 http fetch GET 200 https://registry.npmjs.org/yauzl 44ms (cache miss)
239 silly packumentCache full:https://registry.npmjs.org/yauzl set size:undefined disposed:false
240 silly fetch manifest tar-stream@^3.1.5
241 silly packumentCache full:https://registry.npmjs.org/tar-stream cache-miss
242 http fetch GET 200 https://registry.npmjs.org/http-proxy-agent 45ms (cache miss)
243 silly packumentCache full:https://registry.npmjs.org/http-proxy-agent set size:undefined disposed:false
244 silly fetch manifest bare-fs@^4.0.1
245 silly packumentCache full:https://registry.npmjs.org/bare-fs cache-miss
246 http cache https://registry.npmjs.org/tar-stream 1ms (cache hit)
247 silly packumentCache full:https://registry.npmjs.org/tar-stream set size:132352 disposed:false
248 silly fetch manifest bare-path@^3.0.0
249 silly packumentCache full:https://registry.npmjs.org/bare-path cache-miss
250 http fetch GET 200 https://registry.npmjs.org/@types%2fyauzl 49ms (cache miss)
251 silly packumentCache full:https://registry.npmjs.org/@types%2fyauzl set size:undefined disposed:false
252 silly fetch manifest y18n@^5.0.5
253 silly packumentCache full:https://registry.npmjs.org/y18n cache-miss
254 http fetch GET 200 https://registry.npmjs.org/pac-proxy-agent 108ms (cache miss)
255 silly packumentCache full:https://registry.npmjs.org/pac-proxy-agent set size:undefined disposed:false
256 silly fetch manifest cliui@^8.0.1
257 silly packumentCache full:https://registry.npmjs.org/cliui cache-miss
258 http fetch GET 200 https://registry.npmjs.org/proxy-from-env 107ms (cache miss)
259 silly packumentCache full:https://registry.npmjs.org/proxy-from-env set size:undefined disposed:false
260 silly fetch manifest escalade@^3.1.1
261 silly packumentCache full:https://registry.npmjs.org/escalade cache-miss
262 http fetch GET 200 https://registry.npmjs.org/lru-cache 148ms (cache miss)
263 silly packumentCache full:https://registry.npmjs.org/lru-cache set size:undefined disposed:false
264 silly fetch manifest string-width@^4.2.3
265 silly packumentCache full:https://registry.npmjs.org/string-width cache-miss
266 http fetch GET 200 https://registry.npmjs.org/socks-proxy-agent 109ms (cache miss)
267 silly packumentCache full:https://registry.npmjs.org/socks-proxy-agent set size:undefined disposed:false
268 silly fetch manifest yargs-parser@^21.1.1
269 silly packumentCache full:https://registry.npmjs.org/yargs-parser cache-miss
270 http fetch GET 200 https://registry.npmjs.org/y18n 126ms (cache miss)
271 silly packumentCache full:https://registry.npmjs.org/y18n set size:undefined disposed:false
272 silly fetch manifest get-caller-file@^2.0.5
273 silly packumentCache full:https://registry.npmjs.org/get-caller-file cache-miss
274 http fetch GET 200 https://registry.npmjs.org/bare-fs 133ms (cache miss)
275 silly packumentCache full:https://registry.npmjs.org/bare-fs set size:undefined disposed:false
276 silly fetch manifest require-directory@^2.1.1
277 silly packumentCache full:https://registry.npmjs.org/require-directory cache-miss
278 http fetch GET 200 https://registry.npmjs.org/cliui 34ms (cache miss)
279 silly packumentCache full:https://registry.npmjs.org/cliui set size:undefined disposed:false
280 http fetch GET 200 https://registry.npmjs.org/bare-path 134ms (cache miss)
281 silly packumentCache full:https://registry.npmjs.org/bare-path set size:undefined disposed:false
282 http fetch GET 200 https://registry.npmjs.org/escalade 40ms (cache miss)
283 silly packumentCache full:https://registry.npmjs.org/escalade set size:undefined disposed:false
284 http fetch GET 200 https://registry.npmjs.org/string-width 37ms (cache miss)
285 silly packumentCache full:https://registry.npmjs.org/string-width set size:undefined disposed:false
286 http fetch GET 200 https://registry.npmjs.org/yargs-parser 43ms (cache miss)
287 silly packumentCache full:https://registry.npmjs.org/yargs-parser set size:undefined disposed:false
288 http fetch GET 200 https://registry.npmjs.org/get-caller-file 38ms (cache miss)
289 silly packumentCache full:https://registry.npmjs.org/get-caller-file set size:undefined disposed:false
290 http fetch GET 200 https://registry.npmjs.org/require-directory 36ms (cache miss)
291 silly packumentCache full:https://registry.npmjs.org/require-directory set size:undefined disposed:false
292 silly placeDep ROOT mitt@3.0.1 OK for: chromium-bidi@12.0.1 want: ^3.0.1
293 silly placeDep ROOT zod@3.25.76 OK for: chromium-bidi@12.0.1 want: ^3.24.1
294 silly placeDep ROOT @types/yauzl@2.10.3 OK for: extract-zip@2.0.1 want: ^2.9.1
295 silly placeDep ROOT get-stream@5.2.0 OK for: extract-zip@2.0.1 want: ^5.1.0
296 silly placeDep ROOT yauzl@2.10.0 OK for: extract-zip@2.0.1 want: ^2.10.0
297 silly fetch manifest @types/node@*
298 silly packumentCache full:https://registry.npmjs.org/@types%2fnode cache-miss
299 silly fetch manifest fd-slicer@~1.1.0
300 silly packumentCache full:https://registry.npmjs.org/fd-slicer cache-miss
301 silly fetch manifest buffer-crc32@~0.2.3
302 silly packumentCache full:https://registry.npmjs.org/buffer-crc32 cache-miss
303 http fetch GET 200 https://registry.npmjs.org/fd-slicer 35ms (cache miss)
304 silly packumentCache full:https://registry.npmjs.org/fd-slicer set size:undefined disposed:false
305 http fetch GET 200 https://registry.npmjs.org/buffer-crc32 42ms (cache miss)
306 silly packumentCache full:https://registry.npmjs.org/buffer-crc32 set size:undefined disposed:false
307 http fetch GET 200 https://registry.npmjs.org/@types%2fnode 120ms (cache miss)
308 silly packumentCache full:https://registry.npmjs.org/@types%2fnode set size:undefined disposed:false
309 silly placeDep ROOT @types/node@25.0.3 OK for: @types/yauzl@2.10.3 want: *
310 silly fetch manifest undici-types@~7.16.0
311 silly packumentCache full:https://registry.npmjs.org/undici-types cache-miss
312 http fetch GET 200 https://registry.npmjs.org/undici-types 34ms (cache miss)
313 silly packumentCache full:https://registry.npmjs.org/undici-types set size:undefined disposed:false
314 silly placeDep ROOT undici-types@7.16.0 OK for: @types/node@25.0.3 want: ~7.16.0
315 silly placeDep ROOT agent-base@7.1.4 OK for: proxy-agent@6.5.0 want: ^7.1.2
316 silly placeDep ROOT http-proxy-agent@7.0.2 OK for: proxy-agent@6.5.0 want: ^7.0.1
317 silly placeDep ROOT https-proxy-agent@7.0.6 OK for: proxy-agent@6.5.0 want: ^7.0.6
318 silly placeDep ROOT lru-cache@7.18.3 OK for: proxy-agent@6.5.0 want: ^7.14.1
319 silly placeDep ROOT pac-proxy-agent@7.2.0 OK for: proxy-agent@6.5.0 want: ^7.1.0
320 silly placeDep ROOT proxy-from-env@1.1.0 OK for: proxy-agent@6.5.0 want: ^1.1.0
321 silly placeDep ROOT socks-proxy-agent@8.0.5 OK for: proxy-agent@6.5.0 want: ^8.0.5
322 silly fetch manifest @tootallnate/quickjs-emscripten@^0.23.0
323 silly packumentCache full:https://registry.npmjs.org/@tootallnate%2fquickjs-emscripten cache-miss
324 silly fetch manifest get-uri@^6.0.1
325 silly packumentCache full:https://registry.npmjs.org/get-uri cache-miss
326 silly fetch manifest pac-resolver@^7.0.1
327 silly packumentCache full:https://registry.npmjs.org/pac-resolver cache-miss
328 silly fetch manifest socks@^2.8.3
329 silly packumentCache full:https://registry.npmjs.org/socks cache-miss
330 http fetch GET 200 https://registry.npmjs.org/get-uri 36ms (cache miss)
331 silly packumentCache full:https://registry.npmjs.org/get-uri set size:undefined disposed:false
332 http fetch GET 200 https://registry.npmjs.org/pac-resolver 39ms (cache miss)
333 silly packumentCache full:https://registry.npmjs.org/pac-resolver set size:undefined disposed:false
334 http fetch GET 200 https://registry.npmjs.org/@tootallnate%2fquickjs-emscripten 44ms (cache miss)
335 silly packumentCache full:https://registry.npmjs.org/@tootallnate%2fquickjs-emscripten set size:undefined disposed:false
336 http fetch GET 200 https://registry.npmjs.org/socks 45ms (cache miss)
337 silly packumentCache full:https://registry.npmjs.org/socks set size:undefined disposed:false
338 silly placeDep ROOT @tootallnate/quickjs-emscripten@0.23.0 OK for: pac-proxy-agent@7.2.0 want: ^0.23.0
339 silly placeDep ROOT get-uri@6.0.5 OK for: pac-proxy-agent@7.2.0 want: ^6.0.1
340 silly placeDep ROOT pac-resolver@7.0.1 OK for: pac-proxy-agent@7.2.0 want: ^7.0.1
341 silly fetch manifest basic-ftp@^5.0.2
342 silly packumentCache full:https://registry.npmjs.org/basic-ftp cache-miss
343 silly fetch manifest data-uri-to-buffer@^6.0.2
344 silly packumentCache full:https://registry.npmjs.org/data-uri-to-buffer cache-miss
345 silly fetch manifest degenerator@^5.0.0
346 silly packumentCache full:https://registry.npmjs.org/degenerator cache-miss
347 silly fetch manifest netmask@^2.0.2
348 silly packumentCache full:https://registry.npmjs.org/netmask cache-miss
349 http fetch GET 200 https://registry.npmjs.org/netmask 36ms (cache miss)
350 silly packumentCache full:https://registry.npmjs.org/netmask set size:undefined disposed:false
351 http fetch GET 200 https://registry.npmjs.org/degenerator 39ms (cache miss)
352 silly packumentCache full:https://registry.npmjs.org/degenerator set size:undefined disposed:false
353 http fetch GET 200 https://registry.npmjs.org/data-uri-to-buffer 43ms (cache miss)
354 silly packumentCache full:https://registry.npmjs.org/data-uri-to-buffer set size:undefined disposed:false
355 http fetch GET 200 https://registry.npmjs.org/basic-ftp 44ms (cache miss)
356 silly packumentCache full:https://registry.npmjs.org/basic-ftp set size:undefined disposed:false
357 silly placeDep ROOT basic-ftp@5.1.0 OK for: get-uri@6.0.5 want: ^5.0.2
358 silly placeDep ROOT data-uri-to-buffer@6.0.2 OK for: get-uri@6.0.5 want: ^6.0.2
359 silly placeDep ROOT degenerator@5.0.1 OK for: pac-resolver@7.0.1 want: ^5.0.0
360 silly placeDep ROOT netmask@2.0.2 OK for: pac-resolver@7.0.1 want: ^2.0.2
361 silly fetch manifest ast-types@^0.13.4
362 silly packumentCache full:https://registry.npmjs.org/ast-types cache-miss
363 silly fetch manifest escodegen@^2.1.0
364 silly packumentCache full:https://registry.npmjs.org/escodegen cache-miss
365 silly fetch manifest esprima@^4.0.1
366 silly packumentCache full:https://registry.npmjs.org/esprima cache-miss
367 http fetch GET 200 https://registry.npmjs.org/ast-types 36ms (cache miss)
368 silly packumentCache full:https://registry.npmjs.org/ast-types set size:undefined disposed:false
369 http fetch GET 200 https://registry.npmjs.org/esprima 40ms (cache miss)
370 silly packumentCache full:https://registry.npmjs.org/esprima set size:undefined disposed:false
371 http fetch GET 200 https://registry.npmjs.org/escodegen 42ms (cache miss)
372 silly packumentCache full:https://registry.npmjs.org/escodegen set size:undefined disposed:false
373 silly placeDep ROOT ast-types@0.13.4 OK for: degenerator@5.0.1 want: ^0.13.4
374 silly placeDep ROOT escodegen@2.1.0 OK for: degenerator@5.0.1 want: ^2.1.0
375 silly placeDep ROOT esprima@4.0.1 OK for: degenerator@5.0.1 want: ^4.0.1
376 silly fetch manifest tslib@^2.0.1
377 silly packumentCache full:https://registry.npmjs.org/tslib cache-miss
378 silly fetch manifest estraverse@^5.2.0
379 silly packumentCache full:https://registry.npmjs.org/estraverse cache-miss
380 silly fetch manifest esutils@^2.0.2
381 silly packumentCache full:https://registry.npmjs.org/esutils cache-miss
382 silly fetch manifest source-map@~0.6.1
383 silly packumentCache full:https://registry.npmjs.org/source-map cache-miss
384 http fetch GET 200 https://registry.npmjs.org/esutils 109ms (cache miss)
385 silly packumentCache full:https://registry.npmjs.org/esutils set size:undefined disposed:false
386 http fetch GET 200 https://registry.npmjs.org/tslib 110ms (cache miss)
387 silly packumentCache full:https://registry.npmjs.org/tslib set size:undefined disposed:false
388 http fetch GET 200 https://registry.npmjs.org/estraverse 111ms (cache miss)
389 silly packumentCache full:https://registry.npmjs.org/estraverse set size:undefined disposed:false
390 http fetch GET 200 https://registry.npmjs.org/source-map 112ms (cache miss)
391 silly packumentCache full:https://registry.npmjs.org/source-map set size:undefined disposed:false
392 silly placeDep ROOT tslib@2.8.1 OK for: ast-types@0.13.4 want: ^2.0.1
393 silly placeDep ROOT estraverse@5.3.0 OK for: escodegen@2.1.0 want: ^5.2.0
394 silly placeDep ROOT esutils@2.0.3 OK for: escodegen@2.1.0 want: ^2.0.2
395 silly placeDep ROOT source-map@0.6.1 OK for: escodegen@2.1.0 want: ~0.6.1
396 silly placeDep ROOT deep-extend@0.6.0 OK for: rc@1.2.8 want: ^0.6.0
397 silly placeDep ROOT ini@1.3.8 OK for: rc@1.2.8 want: ~1.3.0
398 silly placeDep ROOT strip-json-comments@2.0.1 OK for: rc@1.2.8 want: ~2.0.1
399 silly placeDep ROOT decompress-response@6.0.0 OK for: simple-get@4.0.1 want: ^6.0.0
400 silly placeDep ROOT simple-concat@1.0.1 OK for: simple-get@4.0.1 want: ^1.0.0
401 silly fetch manifest mimic-response@^3.1.0
402 silly packumentCache full:https://registry.npmjs.org/mimic-response cache-miss
403 http fetch GET 200 https://registry.npmjs.org/mimic-response 48ms (cache miss)
404 silly packumentCache full:https://registry.npmjs.org/mimic-response set size:undefined disposed:false
405 silly placeDep ROOT mimic-response@3.1.0 OK for: decompress-response@6.0.0 want: ^3.1.0
406 silly placeDep ROOT socks@2.8.7 OK for: socks-proxy-agent@8.0.5 want: ^2.8.3
407 silly fetch manifest ip-address@^10.0.1
408 silly packumentCache full:https://registry.npmjs.org/ip-address cache-miss
409 silly fetch manifest smart-buffer@^4.2.0
410 silly packumentCache full:https://registry.npmjs.org/smart-buffer cache-miss
411 http fetch GET 200 https://registry.npmjs.org/smart-buffer 41ms (cache miss)
412 silly packumentCache full:https://registry.npmjs.org/smart-buffer set size:undefined disposed:false
413 http fetch GET 200 https://registry.npmjs.org/ip-address 42ms (cache miss)
414 silly packumentCache full:https://registry.npmjs.org/ip-address set size:undefined disposed:false
415 silly placeDep ROOT ip-address@10.1.0 OK for: socks@2.8.7 want: ^10.0.1
416 silly placeDep ROOT smart-buffer@4.2.0 OK for: socks@2.8.7 want: ^4.2.0
417 silly placeDep ROOT chownr@1.1.4 OK for: tar-fs@2.1.4 want: ^1.1.1
418 silly placeDep ROOT tar-stream@2.2.0 OK for: tar-fs@2.1.4 want: ^2.1.4
419 silly fetch manifest bl@^4.0.3
420 silly packumentCache full:https://registry.npmjs.org/bl cache-miss
421 silly fetch manifest fs-constants@^1.0.0
422 silly packumentCache full:https://registry.npmjs.org/fs-constants cache-miss
423 silly fetch manifest readable-stream@^3.1.1
424 silly packumentCache full:https://registry.npmjs.org/readable-stream cache-miss
425 http fetch GET 200 https://registry.npmjs.org/bl 41ms (cache miss)
426 silly packumentCache full:https://registry.npmjs.org/bl set size:undefined disposed:false
427 http fetch GET 200 https://registry.npmjs.org/readable-stream 43ms (cache miss)
428 silly packumentCache full:https://registry.npmjs.org/readable-stream set size:undefined disposed:false
429 http fetch GET 200 https://registry.npmjs.org/fs-constants 58ms (cache miss)
430 silly packumentCache full:https://registry.npmjs.org/fs-constants set size:undefined disposed:false
431 silly placeDep ROOT bl@4.1.0 OK for: tar-stream@2.2.0 want: ^4.0.3
432 silly placeDep ROOT fs-constants@1.0.0 OK for: tar-stream@2.2.0 want: ^1.0.0
433 silly placeDep ROOT readable-stream@3.6.2 OK for: tar-stream@2.2.0 want: ^3.1.1
434 silly fetch manifest buffer@^5.5.0
435 silly packumentCache full:https://registry.npmjs.org/buffer cache-miss
436 silly fetch manifest readable-stream@^3.4.0
437 silly packumentCache full:https://registry.npmjs.org/readable-stream cache-miss
438 silly fetch manifest string_decoder@^1.1.1
439 silly packumentCache full:https://registry.npmjs.org/string_decoder cache-miss
440 silly fetch manifest util-deprecate@^1.0.1
441 silly packumentCache full:https://registry.npmjs.org/util-deprecate cache-miss
442 http cache https://registry.npmjs.org/readable-stream 6ms (cache hit)
443 silly packumentCache full:https://registry.npmjs.org/readable-stream set size:261096 disposed:false
444 http fetch GET 200 https://registry.npmjs.org/string_decoder 35ms (cache miss)
445 silly packumentCache full:https://registry.npmjs.org/string_decoder set size:undefined disposed:false
446 http fetch GET 200 https://registry.npmjs.org/util-deprecate 36ms (cache miss)
447 silly packumentCache full:https://registry.npmjs.org/util-deprecate set size:undefined disposed:false
448 http fetch GET 200 https://registry.npmjs.org/buffer 42ms (cache miss)
449 silly packumentCache full:https://registry.npmjs.org/buffer set size:undefined disposed:false
450 silly placeDep ROOT buffer@5.7.1 OK for: bl@4.1.0 want: ^5.5.0
451 silly fetch manifest base64-js@^1.3.1
452 silly packumentCache full:https://registry.npmjs.org/base64-js cache-miss
453 silly fetch manifest ieee754@^1.1.13
454 silly packumentCache full:https://registry.npmjs.org/ieee754 cache-miss
455 http fetch GET 200 https://registry.npmjs.org/ieee754 40ms (cache miss)
456 silly packumentCache full:https://registry.npmjs.org/ieee754 set size:undefined disposed:false
457 http fetch GET 200 https://registry.npmjs.org/base64-js 41ms (cache miss)
458 silly packumentCache full:https://registry.npmjs.org/base64-js set size:undefined disposed:false
459 silly placeDep ROOT base64-js@1.5.1 OK for: buffer@5.7.1 want: ^1.3.1
460 silly placeDep ROOT ieee754@1.2.1 OK for: buffer@5.7.1 want: ^1.1.13
461 silly placeDep ROOT string_decoder@1.3.0 OK for: readable-stream@3.6.2 want: ^1.1.1
462 silly placeDep ROOT util-deprecate@1.0.2 OK for: readable-stream@3.6.2 want: ^1.0.1
463 silly fetch manifest safe-buffer@~5.2.0
464 silly packumentCache full:https://registry.npmjs.org/safe-buffer cache-miss
465 http cache https://registry.npmjs.org/safe-buffer 2ms (cache hit)
466 silly packumentCache full:https://registry.npmjs.org/safe-buffer set size:41183 disposed:false
467 silly placeDep ROOT safe-buffer@5.2.1 OK for: string_decoder@1.3.0 want: ~5.2.0
468 silly placeDep ROOT cliui@8.0.1 OK for: yargs@17.7.2 want: ^8.0.1
469 silly placeDep ROOT escalade@3.2.0 OK for: yargs@17.7.2 want: ^3.1.1
470 silly placeDep ROOT get-caller-file@2.0.5 OK for: yargs@17.7.2 want: ^2.0.5
471 silly placeDep ROOT require-directory@2.1.1 OK for: yargs@17.7.2 want: ^2.1.1
472 silly placeDep ROOT string-width@4.2.3 OK for: yargs@17.7.2 want: ^4.2.3
473 silly placeDep ROOT y18n@5.0.8 OK for: yargs@17.7.2 want: ^5.0.5
474 silly placeDep ROOT yargs-parser@21.1.1 OK for: yargs@17.7.2 want: ^21.1.1
475 silly fetch manifest wrap-ansi@^7.0.0
476 silly packumentCache full:https://registry.npmjs.org/wrap-ansi cache-miss
477 silly fetch manifest strip-ansi@^6.0.1
478 silly packumentCache full:https://registry.npmjs.org/strip-ansi cache-miss
479 silly fetch manifest string-width@^4.2.0
480 silly packumentCache full:https://registry.npmjs.org/string-width cache-miss
481 silly fetch manifest strip-ansi@^6.0.1
482 silly packumentCache full:https://registry.npmjs.org/strip-ansi cache-miss
483 silly fetch manifest emoji-regex@^8.0.0
484 silly packumentCache full:https://registry.npmjs.org/emoji-regex cache-miss
485 silly fetch manifest is-fullwidth-code-point@^3.0.0
486 silly packumentCache full:https://registry.npmjs.org/is-fullwidth-code-point cache-miss
487 http cache https://registry.npmjs.org/string-width 4ms (cache hit)
488 silly packumentCache full:https://registry.npmjs.org/string-width set size:64158 disposed:false
489 http fetch GET 200 https://registry.npmjs.org/wrap-ansi 38ms (cache miss)
490 silly packumentCache full:https://registry.npmjs.org/wrap-ansi set size:undefined disposed:false
491 http fetch GET 200 https://registry.npmjs.org/strip-ansi 39ms (cache miss)
492 silly packumentCache full:https://registry.npmjs.org/strip-ansi set size:undefined disposed:false
493 http fetch GET 200 https://registry.npmjs.org/strip-ansi 41ms (cache miss)
494 silly packumentCache full:https://registry.npmjs.org/strip-ansi set size:undefined disposed:false
495 http fetch GET 200 https://registry.npmjs.org/is-fullwidth-code-point 40ms (cache miss)
496 silly packumentCache full:https://registry.npmjs.org/is-fullwidth-code-point set size:undefined disposed:false
497 http fetch GET 200 https://registry.npmjs.org/emoji-regex 41ms (cache miss)
498 silly packumentCache full:https://registry.npmjs.org/emoji-regex set size:undefined disposed:false
499 silly placeDep ROOT strip-ansi@6.0.1 OK for: cliui@8.0.1 want: ^6.0.1
500 silly placeDep ROOT wrap-ansi@7.0.0 OK for: cliui@8.0.1 want: ^7.0.0
501 silly fetch manifest ansi-regex@^5.0.1
502 silly packumentCache full:https://registry.npmjs.org/ansi-regex cache-miss
503 silly fetch manifest ansi-styles@^4.0.0
504 silly packumentCache full:https://registry.npmjs.org/ansi-styles cache-miss
505 http fetch GET 200 https://registry.npmjs.org/ansi-styles 56ms (cache miss)
506 silly packumentCache full:https://registry.npmjs.org/ansi-styles set size:undefined disposed:false
507 http fetch GET 200 https://registry.npmjs.org/ansi-regex 57ms (cache miss)
508 silly packumentCache full:https://registry.npmjs.org/ansi-regex set size:undefined disposed:false
509 silly placeDep ROOT emoji-regex@8.0.0 OK for: string-width@4.2.3 want: ^8.0.0
510 silly placeDep ROOT is-fullwidth-code-point@3.0.0 OK for: string-width@4.2.3 want: ^3.0.0
511 silly placeDep ROOT ansi-regex@5.0.1 OK for: strip-ansi@6.0.1 want: ^5.0.1
512 silly placeDep ROOT ansi-styles@4.3.0 OK for: wrap-ansi@7.0.0 want: ^4.0.0
513 silly fetch manifest color-convert@^2.0.1
514 silly packumentCache full:https://registry.npmjs.org/color-convert cache-miss
515 http fetch GET 200 https://registry.npmjs.org/color-convert 35ms (cache miss)
516 silly packumentCache full:https://registry.npmjs.org/color-convert set size:undefined disposed:false
517 silly placeDep ROOT color-convert@2.0.1 OK for: ansi-styles@4.3.0 want: ^2.0.1
518 silly fetch manifest color-name@~1.1.4
519 silly packumentCache full:https://registry.npmjs.org/color-name cache-miss
520 http fetch GET 200 https://registry.npmjs.org/color-name 121ms (cache miss)
521 silly packumentCache full:https://registry.npmjs.org/color-name set size:undefined disposed:false
522 silly placeDep ROOT color-name@1.1.4 OK for: color-convert@2.0.1 want: ~1.1.4
523 silly placeDep ROOT buffer-crc32@0.2.13 OK for: yauzl@2.10.0 want: ~0.2.3
524 silly placeDep ROOT fd-slicer@1.1.0 OK for: yauzl@2.10.0 want: ~1.1.0
525 silly fetch manifest pend@~1.2.0
526 silly packumentCache full:https://registry.npmjs.org/pend cache-miss
527 http fetch GET 200 https://registry.npmjs.org/pend 39ms (cache miss)
528 silly packumentCache full:https://registry.npmjs.org/pend set size:undefined disposed:false
529 silly placeDep ROOT pend@1.2.0 OK for: fd-slicer@1.1.0 want: ~1.2.0
530 silly fetch manifest bare-buffer@*
531 silly packumentCache full:https://registry.npmjs.org/bare-buffer cache-miss
532 http fetch GET 200 https://registry.npmjs.org/bare-buffer 38ms (cache miss)
533 silly packumentCache full:https://registry.npmjs.org/bare-buffer set size:undefined disposed:false
534 silly placeDep ROOT bare-fs@4.5.2 OK for: tar-fs@3.1.1 want: ^4.0.1
535 silly placeDep ROOT bare-path@3.0.0 OK for: tar-fs@3.1.1 want: ^3.0.0
536 silly placeDep node_modules/@puppeteer/browsers tar-stream@3.1.7 OK for: tar-fs@3.1.1 want: ^3.1.5
537 silly fetch manifest bare-events@^2.5.4
538 silly packumentCache full:https://registry.npmjs.org/bare-events cache-miss
539 silly fetch manifest bare-stream@^2.6.4
540 silly packumentCache full:https://registry.npmjs.org/bare-stream cache-miss
541 silly fetch manifest bare-url@^2.2.2
542 silly packumentCache full:https://registry.npmjs.org/bare-url cache-miss
543 silly fetch manifest fast-fifo@^1.3.2
544 silly packumentCache full:https://registry.npmjs.org/fast-fifo cache-miss
545 silly fetch manifest bare-os@^3.0.1
546 silly packumentCache full:https://registry.npmjs.org/bare-os cache-miss
547 silly fetch manifest b4a@^1.6.4
548 silly packumentCache full:https://registry.npmjs.org/b4a cache-miss
549 silly fetch manifest streamx@^2.15.0
550 silly packumentCache full:https://registry.npmjs.org/streamx cache-miss
551 http fetch GET 200 https://registry.npmjs.org/bare-events 38ms (cache miss)
552 silly packumentCache full:https://registry.npmjs.org/bare-events set size:undefined disposed:false
553 silly fetch manifest fast-fifo@^1.2.0
554 silly packumentCache full:https://registry.npmjs.org/fast-fifo cache-miss
555 http fetch GET 200 https://registry.npmjs.org/bare-url 42ms (cache miss)
556 silly packumentCache full:https://registry.npmjs.org/bare-url set size:undefined disposed:false
557 http fetch GET 200 https://registry.npmjs.org/bare-stream 48ms (cache miss)
558 silly packumentCache full:https://registry.npmjs.org/bare-stream set size:undefined disposed:false
559 http fetch GET 200 https://registry.npmjs.org/fast-fifo 49ms (cache miss)
560 silly packumentCache full:https://registry.npmjs.org/fast-fifo set size:undefined disposed:false
561 http fetch GET 200 https://registry.npmjs.org/b4a 50ms (cache miss)
562 silly packumentCache full:https://registry.npmjs.org/b4a set size:undefined disposed:false
563 http fetch GET 200 https://registry.npmjs.org/streamx 50ms (cache miss)
564 silly packumentCache full:https://registry.npmjs.org/streamx set size:undefined disposed:false
565 http fetch GET 200 https://registry.npmjs.org/bare-os 72ms (cache miss)
566 silly packumentCache full:https://registry.npmjs.org/bare-os set size:undefined disposed:false
567 http fetch GET 200 https://registry.npmjs.org/fast-fifo 36ms (cache miss)
568 silly packumentCache full:https://registry.npmjs.org/fast-fifo set size:undefined disposed:false
569 silly fetch manifest bare-abort-controller@*
570 silly packumentCache full:https://registry.npmjs.org/bare-abort-controller cache-miss
571 http fetch GET 200 https://registry.npmjs.org/bare-abort-controller 37ms (cache miss)
572 silly packumentCache full:https://registry.npmjs.org/bare-abort-controller set size:undefined disposed:false
573 silly placeDep ROOT bare-events@2.8.2 OK for: bare-fs@4.5.2 want: ^2.5.4
574 silly placeDep ROOT bare-stream@2.7.0 OK for: bare-fs@4.5.2 want: ^2.6.4
575 silly placeDep ROOT bare-url@2.3.2 OK for: bare-fs@4.5.2 want: ^2.2.2
576 silly placeDep ROOT fast-fifo@1.3.2 OK for: bare-fs@4.5.2 want: ^1.3.2
577 silly fetch manifest streamx@^2.21.0
578 silly packumentCache full:https://registry.npmjs.org/streamx cache-miss
579 http cache https://registry.npmjs.org/streamx 6ms (cache hit)
580 silly packumentCache full:https://registry.npmjs.org/streamx set size:156879 disposed:false
581 silly placeDep ROOT bare-os@3.6.2 OK for: bare-path@3.0.0 want: ^3.0.1
582 silly placeDep ROOT streamx@2.23.0 OK for: bare-stream@2.7.0 want: ^2.21.0
583 silly fetch manifest events-universal@^1.0.0
584 silly packumentCache full:https://registry.npmjs.org/events-universal cache-miss
585 silly fetch manifest text-decoder@^1.1.0
586 silly packumentCache full:https://registry.npmjs.org/text-decoder cache-miss
587 http fetch GET 200 https://registry.npmjs.org/events-universal 33ms (cache miss)
588 silly packumentCache full:https://registry.npmjs.org/events-universal set size:undefined disposed:false
589 http fetch GET 200 https://registry.npmjs.org/text-decoder 37ms (cache miss)
590 silly packumentCache full:https://registry.npmjs.org/text-decoder set size:undefined disposed:false
591 silly placeDep ROOT events-universal@1.0.1 OK for: streamx@2.23.0 want: ^1.0.0
592 silly placeDep ROOT text-decoder@1.2.3 OK for: streamx@2.23.0 want: ^1.1.0
593 silly fetch manifest react-native-b4a@*
594 silly packumentCache full:https://registry.npmjs.org/react-native-b4a cache-miss
595 http fetch GET 200 https://registry.npmjs.org/react-native-b4a 36ms (cache miss)
596 silly packumentCache full:https://registry.npmjs.org/react-native-b4a set size:undefined disposed:false
597 silly fetch manifest react@*
598 silly packumentCache full:https://registry.npmjs.org/react cache-miss
599 http fetch GET 200 https://registry.npmjs.org/react 106ms (cache miss)
600 silly packumentCache full:https://registry.npmjs.org/react set size:undefined disposed:false
601 silly fetch manifest react-native@*
602 silly packumentCache full:https://registry.npmjs.org/react-native cache-miss
603 http fetch GET 200 https://registry.npmjs.org/react-native 169ms (cache miss)
604 silly packumentCache full:https://registry.npmjs.org/react-native set size:undefined disposed:false
605 silly fetch manifest @types/react@^19.1.1
606 silly packumentCache full:https://registry.npmjs.org/@types%2freact cache-miss
607 http fetch GET 200 https://registry.npmjs.org/@types%2freact 70ms (cache miss)
608 silly packumentCache full:https://registry.npmjs.org/@types%2freact set size:undefined disposed:false
609 silly placeDep ROOT b4a@1.7.3 OK for: text-decoder@1.2.3 want: ^1.6.4
610 silly reify moves {}
611 silly audit bulk request {
611 silly audit   accepts: [ '2.0.0' ],
611 silly audit   'body-parser': [ '2.2.1' ],
611 silly audit   'iconv-lite': [ '0.7.1', '0.6.3' ],
611 silly audit   boolbase: [ '1.0.0' ],
611 silly audit   bytes: [ '3.1.2' ],
611 silly audit   'call-bind-apply-helpers': [ '1.0.2' ],
611 silly audit   'call-bound': [ '1.0.4' ],
611 silly audit   cheerio: [ '1.1.2' ],
611 silly audit   'cheerio-select': [ '2.1.0' ],
611 silly audit   'content-disposition': [ '1.0.1' ],
611 silly audit   'content-type': [ '1.0.5' ],
611 silly audit   cookie: [ '0.7.2' ],
611 silly audit   'cookie-signature': [ '1.2.2' ],
611 silly audit   cors: [ '2.8.5' ],
611 silly audit   'css-select': [ '5.2.2' ],
611 silly audit   'css-what': [ '6.2.2' ],
611 silly audit   debug: [ '4.4.3' ],
611 silly audit   depd: [ '2.0.0' ],
611 silly audit   'dom-serializer': [ '2.0.0' ],
611 silly audit   domelementtype: [ '2.3.0' ],
611 silly audit   domhandler: [ '5.0.3' ],
611 silly audit   domutils: [ '3.2.2' ],
611 silly audit   dotenv: [ '17.2.3' ],
611 silly audit   'dunder-proto': [ '1.0.1' ],
611 silly audit   'ee-first': [ '1.1.1' ],
611 silly audit   encodeurl: [ '2.0.0' ],
611 silly audit   'encoding-sniffer': [ '0.2.1' ],
611 silly audit   entities: [ '4.5.0', '6.0.1' ],
611 silly audit   'es-define-property': [ '1.0.1' ],
611 silly audit   'es-errors': [ '1.3.0' ],
611 silly audit   'es-object-atoms': [ '1.1.1' ],
611 silly audit   'escape-html': [ '1.0.3' ],
611 silly audit   etag: [ '1.8.1' ],
611 silly audit   express: [ '5.2.1' ],
611 silly audit   finalhandler: [ '2.1.1' ],
611 silly audit   forwarded: [ '0.2.0' ],
611 silly audit   fresh: [ '2.0.0' ],
611 silly audit   'function-bind': [ '1.1.2' ],
611 silly audit   'get-intrinsic': [ '1.3.0' ],
611 silly audit   'get-proto': [ '1.0.1' ],
611 silly audit   gopd: [ '1.2.0' ],
611 silly audit   'has-symbols': [ '1.1.0' ],
611 silly audit   hasown: [ '2.0.2' ],
611 silly audit   htmlparser2: [ '10.0.0' ],
611 silly audit   'http-errors': [ '2.0.1' ],
611 silly audit   inherits: [ '2.0.4' ],
611 silly audit   'ipaddr.js': [ '1.9.1' ],
611 silly audit   'is-promise': [ '4.0.0' ],
611 silly audit   'math-intrinsics': [ '1.1.0' ],
611 silly audit   'media-typer': [ '1.1.0' ],
611 silly audit   'merge-descriptors': [ '2.0.0' ],
611 silly audit   'mime-db': [ '1.54.0' ],
611 silly audit   'mime-types': [ '3.0.2' ],
611 silly audit   ms: [ '2.1.3' ],
611 silly audit   negotiator: [ '1.0.0' ],
611 silly audit   'node-cron': [ '4.2.1' ],
611 silly audit   'nth-check': [ '2.1.1' ],
611 silly audit   'object-assign': [ '4.1.1' ],
611 silly audit   'object-inspect': [ '1.13.4' ],
611 silly audit   'on-finished': [ '2.4.1' ],
611 silly audit   once: [ '1.4.0' ],
611 silly audit   parse5: [ '7.3.0' ],
611 silly audit   'parse5-htmlparser2-tree-adapter': [ '7.1.0' ],
611 silly audit   'parse5-parser-stream': [ '7.1.2' ],
611 silly audit   parseurl: [ '1.3.3' ],
611 silly audit   'path-to-regexp': [ '8.3.0' ],
611 silly audit   'proxy-addr': [ '2.0.7' ],
611 silly audit   qs: [ '6.14.1' ],
611 silly audit   'range-parser': [ '1.2.1' ],
611 silly audit   'raw-body': [ '3.0.2' ],
611 silly audit   router: [ '2.2.0' ],
611 silly audit   'safer-buffer': [ '2.1.2' ],
611 silly audit   send: [ '1.2.1' ],
611 silly audit   'serve-static': [ '2.2.1' ],
611 silly audit   setprototypeof: [ '1.2.0' ],
611 silly audit   'side-channel': [ '1.1.0' ],
611 silly audit   'side-channel-list': [ '1.0.0' ],
611 silly audit   'side-channel-map': [ '1.0.1' ],
611 silly audit   'side-channel-weakmap': [ '1.0.2' ],
611 silly audit   statuses: [ '2.0.2' ],
611 silly audit   toidentifier: [ '1.0.1' ],
611 silly audit   'type-is': [ '2.0.1' ],
611 silly audit   undici: [ '7.16.0' ],
611 silly audit   unpipe: [ '1.0.0' ],
611 silly audit   vary: [ '1.1.2' ],
611 silly audit   'whatwg-encoding': [ '3.1.1' ],
611 silly audit   'whatwg-mimetype': [ '4.0.0' ],
611 silly audit   wrappy: [ '1.0.2' ],
611 silly audit   'better-sqlite3': [ '12.5.0' ],
611 silly audit   'puppeteer-core': [ '24.34.0' ],
611 silly audit   bindings: [ '1.5.0' ],
611 silly audit   'prebuild-install': [ '7.1.3' ],
611 silly audit   'file-uri-to-path': [ '1.0.0' ],
611 silly audit   'detect-libc': [ '2.1.2' ],
611 silly audit   'expand-template': [ '2.0.3' ],
611 silly audit   'github-from-package': [ '0.0.0' ],
611 silly audit   minimist: [ '1.2.8' ],
611 silly audit   'mkdirp-classic': [ '0.5.3' ],
611 silly audit   'napi-build-utils': [ '2.0.0' ],
611 silly audit   'node-abi': [ '3.85.0' ],
611 silly audit   pump: [ '3.0.3' ],
611 silly audit   rc: [ '1.2.8' ],
611 silly audit   'simple-get': [ '4.0.1' ],
611 silly audit   'tar-fs': [ '2.1.4', '3.1.1' ],
611 silly audit   'tunnel-agent': [ '0.6.0' ],
611 silly audit   semver: [ '7.7.3' ],
611 silly audit   'end-of-stream': [ '1.4.5' ],
611 silly audit   '@puppeteer/browsers': [ '2.11.0' ],
611 silly audit   'chromium-bidi': [ '12.0.1' ],
611 silly audit   'devtools-protocol': [ '0.0.1534754' ],
611 silly audit   'typed-query-selector': [ '2.12.0' ],
611 silly audit   'webdriver-bidi-protocol': [ '0.3.10' ],
611 silly audit   ws: [ '8.18.3' ],
611 silly audit   'extract-zip': [ '2.0.1' ],
611 silly audit   progress: [ '2.0.3' ],
611 silly audit   'proxy-agent': [ '6.5.0' ],
611 silly audit   yargs: [ '17.7.2' ],
611 silly audit   mitt: [ '3.0.1' ],
611 silly audit   zod: [ '3.25.76' ],
611 silly audit   '@types/yauzl': [ '2.10.3' ],
611 silly audit   'get-stream': [ '5.2.0' ],
611 silly audit   yauzl: [ '2.10.0' ],
611 silly audit   '@types/node': [ '25.0.3' ],
611 silly audit   'undici-types': [ '7.16.0' ],
611 silly audit   'agent-base': [ '7.1.4' ],
611 silly audit   'http-proxy-agent': [ '7.0.2' ],
611 silly audit   'https-proxy-agent': [ '7.0.6' ],
611 silly audit   'lru-cache': [ '7.18.3' ],
611 silly audit   'pac-proxy-agent': [ '7.2.0' ],
611 silly audit   'proxy-from-env': [ '1.1.0' ],
611 silly audit   'socks-proxy-agent': [ '8.0.5' ],
611 silly audit   '@tootallnate/quickjs-emscripten': [ '0.23.0' ],
611 silly audit   'get-uri': [ '6.0.5' ],
611 silly audit   'pac-resolver': [ '7.0.1' ],
611 silly audit   'basic-ftp': [ '5.1.0' ],
611 silly audit   'data-uri-to-buffer': [ '6.0.2' ],
611 silly audit   degenerator: [ '5.0.1' ],
611 silly audit   netmask: [ '2.0.2' ],
611 silly audit   'ast-types': [ '0.13.4' ],
611 silly audit   escodegen: [ '2.1.0' ],
611 silly audit   esprima: [ '4.0.1' ],
611 silly audit   tslib: [ '2.8.1' ],
611 silly audit   estraverse: [ '5.3.0' ],
611 silly audit   esutils: [ '2.0.3' ],
611 silly audit   'source-map': [ '0.6.1' ],
611 silly audit   'deep-extend': [ '0.6.0' ],
611 silly audit   ini: [ '1.3.8' ],
611 silly audit   'strip-json-comments': [ '2.0.1' ],
611 silly audit   'decompress-response': [ '6.0.0' ],
611 silly audit   'simple-concat': [ '1.0.1' ],
611 silly audit   'mimic-response': [ '3.1.0' ],
611 silly audit   socks: [ '2.8.7' ],
611 silly audit   'ip-address': [ '10.1.0' ],
611 silly audit   'smart-buffer': [ '4.2.0' ],
611 silly audit   chownr: [ '1.1.4' ],
611 silly audit   'tar-stream': [ '2.2.0', '3.1.7' ],
611 silly audit   bl: [ '4.1.0' ],
611 silly audit   'fs-constants': [ '1.0.0' ],
611 silly audit   'readable-stream': [ '3.6.2' ],
611 silly audit   buffer: [ '5.7.1' ],
611 silly audit   'base64-js': [ '1.5.1' ],
611 silly audit   ieee754: [ '1.2.1' ],
611 silly audit   string_decoder: [ '1.3.0' ],
611 silly audit   'util-deprecate': [ '1.0.2' ],
611 silly audit   'safe-buffer': [ '5.2.1' ],
611 silly audit   cliui: [ '8.0.1' ],
611 silly audit   escalade: [ '3.2.0' ],
611 silly audit   'get-caller-file': [ '2.0.5' ],
611 silly audit   'require-directory': [ '2.1.1' ],
611 silly audit   'string-width': [ '4.2.3' ],
611 silly audit   y18n: [ '5.0.8' ],
611 silly audit   'yargs-parser': [ '21.1.1' ],
611 silly audit   'strip-ansi': [ '6.0.1' ],
611 silly audit   'wrap-ansi': [ '7.0.0' ],
611 silly audit   'emoji-regex': [ '8.0.0' ],
611 silly audit   'is-fullwidth-code-point': [ '3.0.0' ],
611 silly audit   'ansi-regex': [ '5.0.1' ],
611 silly audit   'ansi-styles': [ '4.3.0' ],
611 silly audit   'color-convert': [ '2.0.1' ],
611 silly audit   'color-name': [ '1.1.4' ],
611 silly audit   'buffer-crc32': [ '0.2.13' ],
611 silly audit   'fd-slicer': [ '1.1.0' ],
611 silly audit   pend: [ '1.2.0' ],
611 silly audit   'bare-fs': [ '4.5.2' ],
611 silly audit   'bare-path': [ '3.0.0' ],
611 silly audit   'bare-events': [ '2.8.2' ],
611 silly audit   'bare-stream': [ '2.7.0' ],
611 silly audit   'bare-url': [ '2.3.2' ],
611 silly audit   'fast-fifo': [ '1.3.2' ],
611 silly audit   'bare-os': [ '3.6.2' ],
611 silly audit   streamx: [ '2.23.0' ],
611 silly audit   'events-universal': [ '1.0.1' ],
611 silly audit   'text-decoder': [ '1.2.3' ],
611 silly audit   b4a: [ '1.7.3' ]
611 silly audit }
612 http cache b4a@https://registry.npmjs.org/b4a/-/b4a-1.7.3.tgz 0ms (cache hit)
613 http cache text-decoder@https://registry.npmjs.org/text-decoder/-/text-decoder-1.2.3.tgz 0ms (cache hit)
614 http cache streamx@https://registry.npmjs.org/streamx/-/streamx-2.23.0.tgz 0ms (cache hit)
615 http cache events-universal@https://registry.npmjs.org/events-universal/-/events-universal-1.0.1.tgz 0ms (cache hit)
616 http cache fast-fifo@https://registry.npmjs.org/fast-fifo/-/fast-fifo-1.3.2.tgz 0ms (cache hit)
617 http cache bare-os@https://registry.npmjs.org/bare-os/-/bare-os-3.6.2.tgz 0ms (cache hit)
618 http cache bare-url@https://registry.npmjs.org/bare-url/-/bare-url-2.3.2.tgz 0ms (cache hit)
619 http cache bare-stream@https://registry.npmjs.org/bare-stream/-/bare-stream-2.7.0.tgz 0ms (cache hit)
620 http cache bare-events@https://registry.npmjs.org/bare-events/-/bare-events-2.8.2.tgz 0ms (cache hit)
621 http cache bare-path@https://registry.npmjs.org/bare-path/-/bare-path-3.0.0.tgz 0ms (cache hit)
622 http cache bare-fs@https://registry.npmjs.org/bare-fs/-/bare-fs-4.5.2.tgz 0ms (cache hit)
623 http cache pend@https://registry.npmjs.org/pend/-/pend-1.2.0.tgz 0ms (cache hit)
624 http cache fd-slicer@https://registry.npmjs.org/fd-slicer/-/fd-slicer-1.1.0.tgz 0ms (cache hit)
625 http cache buffer-crc32@https://registry.npmjs.org/buffer-crc32/-/buffer-crc32-0.2.13.tgz 0ms (cache hit)
626 http cache color-name@https://registry.npmjs.org/color-name/-/color-name-1.1.4.tgz 0ms (cache hit)
627 http cache color-convert@https://registry.npmjs.org/color-convert/-/color-convert-2.0.1.tgz 0ms (cache hit)
628 http cache ansi-styles@https://registry.npmjs.org/ansi-styles/-/ansi-styles-4.3.0.tgz 0ms (cache hit)
629 http cache ansi-regex@https://registry.npmjs.org/ansi-regex/-/ansi-regex-5.0.1.tgz 0ms (cache hit)
630 http cache is-fullwidth-code-point@https://registry.npmjs.org/is-fullwidth-code-point/-/is-fullwidth-code-point-3.0.0.tgz 0ms (cache hit)
631 http cache wrap-ansi@https://registry.npmjs.org/wrap-ansi/-/wrap-ansi-7.0.0.tgz 0ms (cache hit)
632 http cache strip-ansi@https://registry.npmjs.org/strip-ansi/-/strip-ansi-6.0.1.tgz 0ms (cache hit)
633 http cache yargs-parser@https://registry.npmjs.org/yargs-parser/-/yargs-parser-21.1.1.tgz 0ms (cache hit)
634 http cache y18n@https://registry.npmjs.org/y18n/-/y18n-5.0.8.tgz 0ms (cache hit)
635 http cache string-width@https://registry.npmjs.org/string-width/-/string-width-4.2.3.tgz 0ms (cache hit)
636 http cache require-directory@https://registry.npmjs.org/require-directory/-/require-directory-2.1.1.tgz 0ms (cache hit)
637 http cache get-caller-file@https://registry.npmjs.org/get-caller-file/-/get-caller-file-2.0.5.tgz 0ms (cache hit)
638 http cache escalade@https://registry.npmjs.org/escalade/-/escalade-3.2.0.tgz 0ms (cache hit)
639 http cache cliui@https://registry.npmjs.org/cliui/-/cliui-8.0.1.tgz 0ms (cache hit)
640 http cache safe-buffer@https://registry.npmjs.org/safe-buffer/-/safe-buffer-5.2.1.tgz 0ms (cache hit)
641 http cache string_decoder@https://registry.npmjs.org/string_decoder/-/string_decoder-1.3.0.tgz 0ms (cache hit)
642 http cache ieee754@https://registry.npmjs.org/ieee754/-/ieee754-1.2.1.tgz 0ms (cache hit)
643 http cache util-deprecate@https://registry.npmjs.org/util-deprecate/-/util-deprecate-1.0.2.tgz 0ms (cache hit)
644 http cache base64-js@https://registry.npmjs.org/base64-js/-/base64-js-1.5.1.tgz 0ms (cache hit)
645 http cache buffer@https://registry.npmjs.org/buffer/-/buffer-5.7.1.tgz 0ms (cache hit)
646 http cache readable-stream@https://registry.npmjs.org/readable-stream/-/readable-stream-3.6.2.tgz 0ms (cache hit)
647 http cache fs-constants@https://registry.npmjs.org/fs-constants/-/fs-constants-1.0.0.tgz 0ms (cache hit)
648 http cache bl@https://registry.npmjs.org/bl/-/bl-4.1.0.tgz 0ms (cache hit)
649 http cache tar-stream@https://registry.npmjs.org/tar-stream/-/tar-stream-2.2.0.tgz 0ms (cache hit)
650 http cache chownr@https://registry.npmjs.org/chownr/-/chownr-1.1.4.tgz 0ms (cache hit)
651 http cache smart-buffer@https://registry.npmjs.org/smart-buffer/-/smart-buffer-4.2.0.tgz 0ms (cache hit)
652 http cache ip-address@https://registry.npmjs.org/ip-address/-/ip-address-10.1.0.tgz 0ms (cache hit)
653 http cache socks@https://registry.npmjs.org/socks/-/socks-2.8.7.tgz 0ms (cache hit)
654 http cache mimic-response@https://registry.npmjs.org/mimic-response/-/mimic-response-3.1.0.tgz 0ms (cache hit)
655 http cache simple-concat@https://registry.npmjs.org/simple-concat/-/simple-concat-1.0.1.tgz 0ms (cache hit)
656 http cache decompress-response@https://registry.npmjs.org/decompress-response/-/decompress-response-6.0.0.tgz 0ms (cache hit)
657 http cache strip-json-comments@https://registry.npmjs.org/strip-json-comments/-/strip-json-comments-2.0.1.tgz 0ms (cache hit)
658 http cache ini@https://registry.npmjs.org/ini/-/ini-1.3.8.tgz 0ms (cache hit)
659 http cache deep-extend@https://registry.npmjs.org/deep-extend/-/deep-extend-0.6.0.tgz 0ms (cache hit)
660 http cache source-map@https://registry.npmjs.org/source-map/-/source-map-0.6.1.tgz 0ms (cache hit)
661 http cache esutils@https://registry.npmjs.org/esutils/-/esutils-2.0.3.tgz 0ms (cache hit)
662 http cache estraverse@https://registry.npmjs.org/estraverse/-/estraverse-5.3.0.tgz 0ms (cache hit)
663 http cache tslib@https://registry.npmjs.org/tslib/-/tslib-2.8.1.tgz 0ms (cache hit)
664 http cache esprima@https://registry.npmjs.org/esprima/-/esprima-4.0.1.tgz 0ms (cache hit)
665 http cache escodegen@https://registry.npmjs.org/escodegen/-/escodegen-2.1.0.tgz 0ms (cache hit)
666 http cache ast-types@https://registry.npmjs.org/ast-types/-/ast-types-0.13.4.tgz 0ms (cache hit)
667 http cache netmask@https://registry.npmjs.org/netmask/-/netmask-2.0.2.tgz 0ms (cache hit)
668 http cache degenerator@https://registry.npmjs.org/degenerator/-/degenerator-5.0.1.tgz 0ms (cache hit)
669 http cache data-uri-to-buffer@https://registry.npmjs.org/data-uri-to-buffer/-/data-uri-to-buffer-6.0.2.tgz 0ms (cache hit)
670 http cache basic-ftp@https://registry.npmjs.org/basic-ftp/-/basic-ftp-5.1.0.tgz 0ms (cache hit)
671 http cache pac-resolver@https://registry.npmjs.org/pac-resolver/-/pac-resolver-7.0.1.tgz 0ms (cache hit)
672 http cache get-uri@https://registry.npmjs.org/get-uri/-/get-uri-6.0.5.tgz 0ms (cache hit)
673 http cache @tootallnate/quickjs-emscripten@https://registry.npmjs.org/@tootallnate/quickjs-emscripten/-/quickjs-emscripten-0.23.0.tgz 0ms (cache hit)
674 http cache socks-proxy-agent@https://registry.npmjs.org/socks-proxy-agent/-/socks-proxy-agent-8.0.5.tgz 0ms (cache hit)
675 http cache proxy-from-env@https://registry.npmjs.org/proxy-from-env/-/proxy-from-env-1.1.0.tgz 0ms (cache hit)
676 http cache emoji-regex@https://registry.npmjs.org/emoji-regex/-/emoji-regex-8.0.0.tgz 0ms (cache hit)
677 http cache lru-cache@https://registry.npmjs.org/lru-cache/-/lru-cache-7.18.3.tgz 0ms (cache hit)
678 http cache https-proxy-agent@https://registry.npmjs.org/https-proxy-agent/-/https-proxy-agent-7.0.6.tgz 0ms (cache hit)
679 http cache http-proxy-agent@https://registry.npmjs.org/http-proxy-agent/-/http-proxy-agent-7.0.2.tgz 0ms (cache hit)
680 http cache agent-base@https://registry.npmjs.org/agent-base/-/agent-base-7.1.4.tgz 0ms (cache hit)
681 http cache undici-types@https://registry.npmjs.org/undici-types/-/undici-types-7.16.0.tgz 0ms (cache hit)
682 http cache @types/node@https://registry.npmjs.org/@types/node/-/node-25.0.3.tgz 0ms (cache hit)
683 http cache yauzl@https://registry.npmjs.org/yauzl/-/yauzl-2.10.0.tgz 0ms (cache hit)
684 http cache get-stream@https://registry.npmjs.org/get-stream/-/get-stream-5.2.0.tgz 0ms (cache hit)
685 http cache @types/yauzl@https://registry.npmjs.org/@types/yauzl/-/yauzl-2.10.3.tgz 0ms (cache hit)
686 http cache zod@https://registry.npmjs.org/zod/-/zod-3.25.76.tgz 0ms (cache hit)
687 http cache mitt@https://registry.npmjs.org/mitt/-/mitt-3.0.1.tgz 0ms (cache hit)
688 http cache yargs@https://registry.npmjs.org/yargs/-/yargs-17.7.2.tgz 0ms (cache hit)
689 http cache proxy-agent@https://registry.npmjs.org/proxy-agent/-/proxy-agent-6.5.0.tgz 0ms (cache hit)
690 http cache progress@https://registry.npmjs.org/progress/-/progress-2.0.3.tgz 0ms (cache hit)
691 http cache pac-proxy-agent@https://registry.npmjs.org/pac-proxy-agent/-/pac-proxy-agent-7.2.0.tgz 0ms (cache hit)
692 http cache extract-zip@https://registry.npmjs.org/extract-zip/-/extract-zip-2.0.1.tgz 0ms (cache hit)
693 http cache ws@https://registry.npmjs.org/ws/-/ws-8.18.3.tgz 0ms (cache hit)
694 http cache webdriver-bidi-protocol@https://registry.npmjs.org/webdriver-bidi-protocol/-/webdriver-bidi-protocol-0.3.10.tgz 0ms (cache hit)
695 http cache typed-query-selector@https://registry.npmjs.org/typed-query-selector/-/typed-query-selector-2.12.0.tgz 0ms (cache hit)
696 http cache devtools-protocol@https://registry.npmjs.org/devtools-protocol/-/devtools-protocol-0.0.1534754.tgz 0ms (cache hit)
697 http cache chromium-bidi@https://registry.npmjs.org/chromium-bidi/-/chromium-bidi-12.0.1.tgz 0ms (cache hit)
698 http cache @puppeteer/browsers@https://registry.npmjs.org/@puppeteer/browsers/-/browsers-2.11.0.tgz 0ms (cache hit)
699 http cache end-of-stream@https://registry.npmjs.org/end-of-stream/-/end-of-stream-1.4.5.tgz 0ms (cache hit)
700 http cache tunnel-agent@https://registry.npmjs.org/tunnel-agent/-/tunnel-agent-0.6.0.tgz 0ms (cache hit)
701 http cache tar-fs@https://registry.npmjs.org/tar-fs/-/tar-fs-2.1.4.tgz 0ms (cache hit)
702 http cache simple-get@https://registry.npmjs.org/simple-get/-/simple-get-4.0.1.tgz 0ms (cache hit)
703 http cache rc@https://registry.npmjs.org/rc/-/rc-1.2.8.tgz 0ms (cache hit)
704 http cache pump@https://registry.npmjs.org/pump/-/pump-3.0.3.tgz 0ms (cache hit)
705 http cache node-abi@https://registry.npmjs.org/node-abi/-/node-abi-3.85.0.tgz 0ms (cache hit)
706 http cache napi-build-utils@https://registry.npmjs.org/napi-build-utils/-/napi-build-utils-2.0.0.tgz 0ms (cache hit)
707 http cache mkdirp-classic@https://registry.npmjs.org/mkdirp-classic/-/mkdirp-classic-0.5.3.tgz 0ms (cache hit)
708 http cache minimist@https://registry.npmjs.org/minimist/-/minimist-1.2.8.tgz 0ms (cache hit)
709 http cache github-from-package@https://registry.npmjs.org/github-from-package/-/github-from-package-0.0.0.tgz 0ms (cache hit)
710 http cache expand-template@https://registry.npmjs.org/expand-template/-/expand-template-2.0.3.tgz 0ms (cache hit)
711 http cache detect-libc@https://registry.npmjs.org/detect-libc/-/detect-libc-2.1.2.tgz 0ms (cache hit)
712 http cache file-uri-to-path@https://registry.npmjs.org/file-uri-to-path/-/file-uri-to-path-1.0.0.tgz 0ms (cache hit)
713 http cache prebuild-install@https://registry.npmjs.org/prebuild-install/-/prebuild-install-7.1.3.tgz 0ms (cache hit)
714 http cache bindings@https://registry.npmjs.org/bindings/-/bindings-1.5.0.tgz 0ms (cache hit)
715 http cache puppeteer-core@https://registry.npmjs.org/puppeteer-core/-/puppeteer-core-24.34.0.tgz 0ms (cache hit)
716 http cache better-sqlite3@https://registry.npmjs.org/better-sqlite3/-/better-sqlite3-12.5.0.tgz 0ms (cache hit)
717 http cache tar-stream@https://registry.npmjs.org/tar-stream/-/tar-stream-3.1.7.tgz 0ms (cache hit)
718 http cache tar-fs@https://registry.npmjs.org/tar-fs/-/tar-fs-3.1.1.tgz 0ms (cache hit)
719 http cache semver@https://registry.npmjs.org/semver/-/semver-7.7.3.tgz 0ms (cache hit)
720 silly tarball no local data for b4a@https://registry.npmjs.org/b4a/-/b4a-1.7.3.tgz. Extracting by manifest.
721 silly tarball no local data for text-decoder@https://registry.npmjs.org/text-decoder/-/text-decoder-1.2.3.tgz. Extracting by manifest.
722 silly tarball no local data for streamx@https://registry.npmjs.org/streamx/-/streamx-2.23.0.tgz. Extracting by manifest.
723 silly tarball no local data for events-universal@https://registry.npmjs.org/events-universal/-/events-universal-1.0.1.tgz. Extracting by manifest.
724 silly tarball no local data for fast-fifo@https://registry.npmjs.org/fast-fifo/-/fast-fifo-1.3.2.tgz. Extracting by manifest.
725 silly tarball no local data for bare-os@https://registry.npmjs.org/bare-os/-/bare-os-3.6.2.tgz. Extracting by manifest.
726 silly tarball no local data for bare-url@https://registry.npmjs.org/bare-url/-/bare-url-2.3.2.tgz. Extracting by manifest.
727 silly tarball no local data for bare-stream@https://registry.npmjs.org/bare-stream/-/bare-stream-2.7.0.tgz. Extracting by manifest.
728 silly tarball no local data for bare-events@https://registry.npmjs.org/bare-events/-/bare-events-2.8.2.tgz. Extracting by manifest.
729 silly tarball no local data for bare-path@https://registry.npmjs.org/bare-path/-/bare-path-3.0.0.tgz. Extracting by manifest.
730 silly tarball no local data for bare-fs@https://registry.npmjs.org/bare-fs/-/bare-fs-4.5.2.tgz. Extracting by manifest.
731 silly tarball no local data for pend@https://registry.npmjs.org/pend/-/pend-1.2.0.tgz. Extracting by manifest.
732 silly tarball no local data for fd-slicer@https://registry.npmjs.org/fd-slicer/-/fd-slicer-1.1.0.tgz. Extracting by manifest.
733 silly tarball no local data for buffer-crc32@https://registry.npmjs.org/buffer-crc32/-/buffer-crc32-0.2.13.tgz. Extracting by manifest.
734 silly tarball no local data for color-name@https://registry.npmjs.org/color-name/-/color-name-1.1.4.tgz. Extracting by manifest.
735 silly tarball no local data for color-convert@https://registry.npmjs.org/color-convert/-/color-convert-2.0.1.tgz. Extracting by manifest.
736 silly tarball no local data for ansi-styles@https://registry.npmjs.org/ansi-styles/-/ansi-styles-4.3.0.tgz. Extracting by manifest.
737 silly tarball no local data for ansi-regex@https://registry.npmjs.org/ansi-regex/-/ansi-regex-5.0.1.tgz. Extracting by manifest.
738 silly tarball no local data for is-fullwidth-code-point@https://registry.npmjs.org/is-fullwidth-code-point/-/is-fullwidth-code-point-3.0.0.tgz. Extracting by manifest.
739 silly tarball no local data for wrap-ansi@https://registry.npmjs.org/wrap-ansi/-/wrap-ansi-7.0.0.tgz. Extracting by manifest.
740 silly tarball no local data for strip-ansi@https://registry.npmjs.org/strip-ansi/-/strip-ansi-6.0.1.tgz. Extracting by manifest.
741 silly tarball no local data for yargs-parser@https://registry.npmjs.org/yargs-parser/-/yargs-parser-21.1.1.tgz. Extracting by manifest.
742 silly tarball no local data for y18n@https://registry.npmjs.org/y18n/-/y18n-5.0.8.tgz. Extracting by manifest.
743 silly tarball no local data for string-width@https://registry.npmjs.org/string-width/-/string-width-4.2.3.tgz. Extracting by manifest.
744 silly tarball no local data for require-directory@https://registry.npmjs.org/require-directory/-/require-directory-2.1.1.tgz. Extracting by manifest.
745 silly tarball no local data for get-caller-file@https://registry.npmjs.org/get-caller-file/-/get-caller-file-2.0.5.tgz. Extracting by manifest.
746 silly tarball no local data for escalade@https://registry.npmjs.org/escalade/-/escalade-3.2.0.tgz. Extracting by manifest.
747 silly tarball no local data for cliui@https://registry.npmjs.org/cliui/-/cliui-8.0.1.tgz. Extracting by manifest.
748 silly tarball no local data for safe-buffer@https://registry.npmjs.org/safe-buffer/-/safe-buffer-5.2.1.tgz. Extracting by manifest.
749 silly tarball no local data for string_decoder@https://registry.npmjs.org/string_decoder/-/string_decoder-1.3.0.tgz. Extracting by manifest.
750 silly tarball no local data for ieee754@https://registry.npmjs.org/ieee754/-/ieee754-1.2.1.tgz. Extracting by manifest.
751 silly tarball no local data for util-deprecate@https://registry.npmjs.org/util-deprecate/-/util-deprecate-1.0.2.tgz. Extracting by manifest.
752 silly tarball no local data for base64-js@https://registry.npmjs.org/base64-js/-/base64-js-1.5.1.tgz. Extracting by manifest.
753 silly tarball no local data for buffer@https://registry.npmjs.org/buffer/-/buffer-5.7.1.tgz. Extracting by manifest.
754 silly tarball no local data for readable-stream@https://registry.npmjs.org/readable-stream/-/readable-stream-3.6.2.tgz. Extracting by manifest.
755 silly tarball no local data for fs-constants@https://registry.npmjs.org/fs-constants/-/fs-constants-1.0.0.tgz. Extracting by manifest.
756 silly tarball no local data for bl@https://registry.npmjs.org/bl/-/bl-4.1.0.tgz. Extracting by manifest.
757 silly tarball no local data for tar-stream@https://registry.npmjs.org/tar-stream/-/tar-stream-2.2.0.tgz. Extracting by manifest.
758 silly tarball no local data for chownr@https://registry.npmjs.org/chownr/-/chownr-1.1.4.tgz. Extracting by manifest.
759 silly tarball no local data for smart-buffer@https://registry.npmjs.org/smart-buffer/-/smart-buffer-4.2.0.tgz. Extracting by manifest.
760 silly tarball no local data for ip-address@https://registry.npmjs.org/ip-address/-/ip-address-10.1.0.tgz. Extracting by manifest.
761 silly tarball no local data for socks@https://registry.npmjs.org/socks/-/socks-2.8.7.tgz. Extracting by manifest.
762 silly tarball no local data for mimic-response@https://registry.npmjs.org/mimic-response/-/mimic-response-3.1.0.tgz. Extracting by manifest.
763 silly tarball no local data for simple-concat@https://registry.npmjs.org/simple-concat/-/simple-concat-1.0.1.tgz. Extracting by manifest.
764 silly tarball no local data for decompress-response@https://registry.npmjs.org/decompress-response/-/decompress-response-6.0.0.tgz. Extracting by manifest.
765 silly tarball no local data for strip-json-comments@https://registry.npmjs.org/strip-json-comments/-/strip-json-comments-2.0.1.tgz. Extracting by manifest.
766 silly tarball no local data for ini@https://registry.npmjs.org/ini/-/ini-1.3.8.tgz. Extracting by manifest.
767 silly tarball no local data for deep-extend@https://registry.npmjs.org/deep-extend/-/deep-extend-0.6.0.tgz. Extracting by manifest.
768 silly tarball no local data for source-map@https://registry.npmjs.org/source-map/-/source-map-0.6.1.tgz. Extracting by manifest.
769 silly tarball no local data for esutils@https://registry.npmjs.org/esutils/-/esutils-2.0.3.tgz. Extracting by manifest.
770 silly tarball no local data for estraverse@https://registry.npmjs.org/estraverse/-/estraverse-5.3.0.tgz. Extracting by manifest.
771 silly tarball no local data for tslib@https://registry.npmjs.org/tslib/-/tslib-2.8.1.tgz. Extracting by manifest.
772 silly tarball no local data for esprima@https://registry.npmjs.org/esprima/-/esprima-4.0.1.tgz. Extracting by manifest.
773 silly tarball no local data for escodegen@https://registry.npmjs.org/escodegen/-/escodegen-2.1.0.tgz. Extracting by manifest.
774 silly tarball no local data for ast-types@https://registry.npmjs.org/ast-types/-/ast-types-0.13.4.tgz. Extracting by manifest.
775 silly tarball no local data for netmask@https://registry.npmjs.org/netmask/-/netmask-2.0.2.tgz. Extracting by manifest.
776 silly tarball no local data for degenerator@https://registry.npmjs.org/degenerator/-/degenerator-5.0.1.tgz. Extracting by manifest.
777 silly tarball no local data for data-uri-to-buffer@https://registry.npmjs.org/data-uri-to-buffer/-/data-uri-to-buffer-6.0.2.tgz. Extracting by manifest.
778 silly tarball no local data for basic-ftp@https://registry.npmjs.org/basic-ftp/-/basic-ftp-5.1.0.tgz. Extracting by manifest.
779 silly tarball no local data for pac-resolver@https://registry.npmjs.org/pac-resolver/-/pac-resolver-7.0.1.tgz. Extracting by manifest.
780 silly tarball no local data for get-uri@https://registry.npmjs.org/get-uri/-/get-uri-6.0.5.tgz. Extracting by manifest.
781 silly tarball no local data for @tootallnate/quickjs-emscripten@https://registry.npmjs.org/@tootallnate/quickjs-emscripten/-/quickjs-emscripten-0.23.0.tgz. Extracting by manifest.
782 silly tarball no local data for socks-proxy-agent@https://registry.npmjs.org/socks-proxy-agent/-/socks-proxy-agent-8.0.5.tgz. Extracting by manifest.
783 silly tarball no local data for proxy-from-env@https://registry.npmjs.org/proxy-from-env/-/proxy-from-env-1.1.0.tgz. Extracting by manifest.
784 silly tarball no local data for emoji-regex@https://registry.npmjs.org/emoji-regex/-/emoji-regex-8.0.0.tgz. Extracting by manifest.
785 silly tarball no local data for lru-cache@https://registry.npmjs.org/lru-cache/-/lru-cache-7.18.3.tgz. Extracting by manifest.
786 silly tarball no local data for https-proxy-agent@https://registry.npmjs.org/https-proxy-agent/-/https-proxy-agent-7.0.6.tgz. Extracting by manifest.
787 silly tarball no local data for http-proxy-agent@https://registry.npmjs.org/http-proxy-agent/-/http-proxy-agent-7.0.2.tgz. Extracting by manifest.
788 silly tarball no local data for agent-base@https://registry.npmjs.org/agent-base/-/agent-base-7.1.4.tgz. Extracting by manifest.
789 silly tarball no local data for undici-types@https://registry.npmjs.org/undici-types/-/undici-types-7.16.0.tgz. Extracting by manifest.
790 silly tarball no local data for @types/node@https://registry.npmjs.org/@types/node/-/node-25.0.3.tgz. Extracting by manifest.
791 silly tarball no local data for yauzl@https://registry.npmjs.org/yauzl/-/yauzl-2.10.0.tgz. Extracting by manifest.
792 silly tarball no local data for get-stream@https://registry.npmjs.org/get-stream/-/get-stream-5.2.0.tgz. Extracting by manifest.
793 silly tarball no local data for @types/yauzl@https://registry.npmjs.org/@types/yauzl/-/yauzl-2.10.3.tgz. Extracting by manifest.
794 silly tarball no local data for zod@https://registry.npmjs.org/zod/-/zod-3.25.76.tgz. Extracting by manifest.
795 silly tarball no local data for mitt@https://registry.npmjs.org/mitt/-/mitt-3.0.1.tgz. Extracting by manifest.
796 silly tarball no local data for yargs@https://registry.npmjs.org/yargs/-/yargs-17.7.2.tgz. Extracting by manifest.
797 silly tarball no local data for proxy-agent@https://registry.npmjs.org/proxy-agent/-/proxy-agent-6.5.0.tgz. Extracting by manifest.
798 silly tarball no local data for progress@https://registry.npmjs.org/progress/-/progress-2.0.3.tgz. Extracting by manifest.
799 silly tarball no local data for pac-proxy-agent@https://registry.npmjs.org/pac-proxy-agent/-/pac-proxy-agent-7.2.0.tgz. Extracting by manifest.
800 silly tarball no local data for extract-zip@https://registry.npmjs.org/extract-zip/-/extract-zip-2.0.1.tgz. Extracting by manifest.
801 silly tarball no local data for ws@https://registry.npmjs.org/ws/-/ws-8.18.3.tgz. Extracting by manifest.
802 silly tarball no local data for webdriver-bidi-protocol@https://registry.npmjs.org/webdriver-bidi-protocol/-/webdriver-bidi-protocol-0.3.10.tgz. Extracting by manifest.
803 silly tarball no local data for typed-query-selector@https://registry.npmjs.org/typed-query-selector/-/typed-query-selector-2.12.0.tgz. Extracting by manifest.
804 silly tarball no local data for devtools-protocol@https://registry.npmjs.org/devtools-protocol/-/devtools-protocol-0.0.1534754.tgz. Extracting by manifest.
805 silly tarball no local data for chromium-bidi@https://registry.npmjs.org/chromium-bidi/-/chromium-bidi-12.0.1.tgz. Extracting by manifest.
806 silly tarball no local data for @puppeteer/browsers@https://registry.npmjs.org/@puppeteer/browsers/-/browsers-2.11.0.tgz. Extracting by manifest.
807 silly tarball no local data for end-of-stream@https://registry.npmjs.org/end-of-stream/-/end-of-stream-1.4.5.tgz. Extracting by manifest.
808 silly tarball no local data for tunnel-agent@https://registry.npmjs.org/tunnel-agent/-/tunnel-agent-0.6.0.tgz. Extracting by manifest.
809 silly tarball no local data for tar-fs@https://registry.npmjs.org/tar-fs/-/tar-fs-2.1.4.tgz. Extracting by manifest.
810 silly tarball no local data for simple-get@https://registry.npmjs.org/simple-get/-/simple-get-4.0.1.tgz. Extracting by manifest.
811 silly tarball no local data for rc@https://registry.npmjs.org/rc/-/rc-1.2.8.tgz. Extracting by manifest.
812 silly tarball no local data for pump@https://registry.npmjs.org/pump/-/pump-3.0.3.tgz. Extracting by manifest.
813 silly tarball no local data for node-abi@https://registry.npmjs.org/node-abi/-/node-abi-3.85.0.tgz. Extracting by manifest.
814 silly tarball no local data for napi-build-utils@https://registry.npmjs.org/napi-build-utils/-/napi-build-utils-2.0.0.tgz. Extracting by manifest.
815 silly tarball no local data for mkdirp-classic@https://registry.npmjs.org/mkdirp-classic/-/mkdirp-classic-0.5.3.tgz. Extracting by manifest.
816 silly tarball no local data for minimist@https://registry.npmjs.org/minimist/-/minimist-1.2.8.tgz. Extracting by manifest.
817 silly tarball no local data for github-from-package@https://registry.npmjs.org/github-from-package/-/github-from-package-0.0.0.tgz. Extracting by manifest.
818 silly tarball no local data for expand-template@https://registry.npmjs.org/expand-template/-/expand-template-2.0.3.tgz. Extracting by manifest.
819 silly tarball no local data for detect-libc@https://registry.npmjs.org/detect-libc/-/detect-libc-2.1.2.tgz. Extracting by manifest.
820 silly tarball no local data for file-uri-to-path@https://registry.npmjs.org/file-uri-to-path/-/file-uri-to-path-1.0.0.tgz. Extracting by manifest.
821 silly tarball no local data for prebuild-install@https://registry.npmjs.org/prebuild-install/-/prebuild-install-7.1.3.tgz. Extracting by manifest.
822 silly tarball no local data for bindings@https://registry.npmjs.org/bindings/-/bindings-1.5.0.tgz. Extracting by manifest.
823 silly tarball no local data for puppeteer-core@https://registry.npmjs.org/puppeteer-core/-/puppeteer-core-24.34.0.tgz. Extracting by manifest.
824 silly tarball no local data for better-sqlite3@https://registry.npmjs.org/better-sqlite3/-/better-sqlite3-12.5.0.tgz. Extracting by manifest.
825 silly tarball no local data for tar-stream@https://registry.npmjs.org/tar-stream/-/tar-stream-3.1.7.tgz. Extracting by manifest.
826 silly tarball no local data for tar-fs@https://registry.npmjs.org/tar-fs/-/tar-fs-3.1.1.tgz. Extracting by manifest.
827 silly tarball no local data for semver@https://registry.npmjs.org/semver/-/semver-7.7.3.tgz. Extracting by manifest.
828 http fetch POST 200 https://registry.npmjs.org/-/npm/v1/security/advisories/bulk 61ms
829 silly audit report {}
830 http fetch GET 200 https://registry.npmjs.org/streamx/-/streamx-2.23.0.tgz 65ms (cache miss)
831 http fetch GET 200 https://registry.npmjs.org/b4a/-/b4a-1.7.3.tgz 67ms (cache miss)
832 http fetch GET 200 https://registry.npmjs.org/events-universal/-/events-universal-1.0.1.tgz 67ms (cache miss)
833 http fetch GET 200 https://registry.npmjs.org/text-decoder/-/text-decoder-1.2.3.tgz 68ms (cache miss)
834 http fetch GET 200 https://registry.npmjs.org/fast-fifo/-/fast-fifo-1.3.2.tgz 68ms (cache miss)
835 http fetch GET 200 https://registry.npmjs.org/bare-os/-/bare-os-3.6.2.tgz 72ms (cache miss)
836 http fetch GET 200 https://registry.npmjs.org/color-name/-/color-name-1.1.4.tgz 90ms (cache miss)
837 http fetch GET 200 https://registry.npmjs.org/ansi-styles/-/ansi-styles-4.3.0.tgz 89ms (cache miss)
838 http fetch GET 200 https://registry.npmjs.org/color-convert/-/color-convert-2.0.1.tgz 90ms (cache miss)
839 http fetch GET 200 https://registry.npmjs.org/ansi-regex/-/ansi-regex-5.0.1.tgz 94ms (cache miss)
840 http fetch GET 200 https://registry.npmjs.org/is-fullwidth-code-point/-/is-fullwidth-code-point-3.0.0.tgz 94ms (cache miss)
841 http fetch GET 200 https://registry.npmjs.org/strip-ansi/-/strip-ansi-6.0.1.tgz 95ms (cache miss)
842 http fetch GET 200 https://registry.npmjs.org/wrap-ansi/-/wrap-ansi-7.0.0.tgz 99ms (cache miss)
843 http fetch GET 200 https://registry.npmjs.org/y18n/-/y18n-5.0.8.tgz 125ms (cache miss)
844 http fetch GET 200 https://registry.npmjs.org/get-caller-file/-/get-caller-file-2.0.5.tgz 125ms (cache miss)
845 http fetch GET 200 https://registry.npmjs.org/bare-events/-/bare-events-2.8.2.tgz 128ms (cache miss)
846 http fetch GET 200 https://registry.npmjs.org/yargs-parser/-/yargs-parser-21.1.1.tgz 128ms (cache miss)
847 http fetch GET 200 https://registry.npmjs.org/string-width/-/string-width-4.2.3.tgz 130ms (cache miss)
848 http fetch GET 200 https://registry.npmjs.org/require-directory/-/require-directory-2.1.1.tgz 130ms (cache miss)
849 http fetch GET 200 https://registry.npmjs.org/cliui/-/cliui-8.0.1.tgz 133ms (cache miss)
850 http fetch GET 200 https://registry.npmjs.org/escalade/-/escalade-3.2.0.tgz 139ms (cache miss)
851 http fetch GET 200 https://registry.npmjs.org/bare-stream/-/bare-stream-2.7.0.tgz 160ms (cache miss)
852 http fetch GET 200 https://registry.npmjs.org/string_decoder/-/string_decoder-1.3.0.tgz 163ms (cache miss)
853 http fetch GET 200 https://registry.npmjs.org/ieee754/-/ieee754-1.2.1.tgz 163ms (cache miss)
854 http fetch GET 200 https://registry.npmjs.org/safe-buffer/-/safe-buffer-5.2.1.tgz 164ms (cache miss)
855 http fetch GET 200 https://registry.npmjs.org/base64-js/-/base64-js-1.5.1.tgz 163ms (cache miss)
856 http fetch GET 200 https://registry.npmjs.org/buffer/-/buffer-5.7.1.tgz 170ms (cache miss)
857 http fetch GET 200 https://registry.npmjs.org/fs-constants/-/fs-constants-1.0.0.tgz 173ms (cache miss)
858 http fetch GET 200 https://registry.npmjs.org/readable-stream/-/readable-stream-3.6.2.tgz 176ms (cache miss)
859 http fetch GET 200 https://registry.npmjs.org/buffer-crc32/-/buffer-crc32-0.2.13.tgz 195ms (cache miss)
860 http fetch GET 200 https://registry.npmjs.org/util-deprecate/-/util-deprecate-1.0.2.tgz 192ms (cache miss)
861 http fetch GET 200 https://registry.npmjs.org/pend/-/pend-1.2.0.tgz 195ms (cache miss)
862 http fetch GET 200 https://registry.npmjs.org/fd-slicer/-/fd-slicer-1.1.0.tgz 195ms (cache miss)
863 http fetch GET 200 https://registry.npmjs.org/bare-path/-/bare-path-3.0.0.tgz 196ms (cache miss)
864 http fetch GET 200 https://registry.npmjs.org/tar-stream/-/tar-stream-2.2.0.tgz 196ms (cache miss)
865 http fetch GET 200 https://registry.npmjs.org/chownr/-/chownr-1.1.4.tgz 200ms (cache miss)
866 http fetch GET 200 https://registry.npmjs.org/smart-buffer/-/smart-buffer-4.2.0.tgz 200ms (cache miss)
867 http fetch GET 200 https://registry.npmjs.org/mimic-response/-/mimic-response-3.1.0.tgz 206ms (cache miss)
868 http fetch GET 200 https://registry.npmjs.org/simple-concat/-/simple-concat-1.0.1.tgz 208ms (cache miss)
869 http fetch GET 200 https://registry.npmjs.org/bare-fs/-/bare-fs-4.5.2.tgz 215ms (cache miss)
870 http fetch GET 200 https://registry.npmjs.org/socks/-/socks-2.8.7.tgz 214ms (cache miss)
871 http fetch GET 200 https://registry.npmjs.org/ip-address/-/ip-address-10.1.0.tgz 215ms (cache miss)
872 http fetch GET 200 https://registry.npmjs.org/decompress-response/-/decompress-response-6.0.0.tgz 313ms (cache miss)
873 http fetch GET 200 https://registry.npmjs.org/strip-json-comments/-/strip-json-comments-2.0.1.tgz 313ms (cache miss)
874 http fetch GET 200 https://registry.npmjs.org/estraverse/-/estraverse-5.3.0.tgz 313ms (cache miss)
875 http fetch GET 200 https://registry.npmjs.org/esutils/-/esutils-2.0.3.tgz 313ms (cache miss)
876 http fetch GET 200 https://registry.npmjs.org/ini/-/ini-1.3.8.tgz 314ms (cache miss)
877 http fetch GET 200 https://registry.npmjs.org/escodegen/-/escodegen-2.1.0.tgz 313ms (cache miss)
878 http fetch GET 200 https://registry.npmjs.org/deep-extend/-/deep-extend-0.6.0.tgz 314ms (cache miss)
879 http fetch GET 200 https://registry.npmjs.org/bare-url/-/bare-url-2.3.2.tgz 320ms (cache miss)
880 http fetch GET 200 https://registry.npmjs.org/tslib/-/tslib-2.8.1.tgz 315ms (cache miss)
881 http fetch GET 200 https://registry.npmjs.org/esprima/-/esprima-4.0.1.tgz 316ms (cache miss)
882 http fetch GET 200 https://registry.npmjs.org/bl/-/bl-4.1.0.tgz 319ms (cache miss)
883 http fetch GET 200 https://registry.npmjs.org/source-map/-/source-map-0.6.1.tgz 325ms (cache miss)
884 http fetch GET 200 https://registry.npmjs.org/ast-types/-/ast-types-0.13.4.tgz 326ms (cache miss)
885 http fetch GET 200 https://registry.npmjs.org/agent-base/-/agent-base-7.1.4.tgz 348ms (cache miss)
886 http fetch GET 200 https://registry.npmjs.org/degenerator/-/degenerator-5.0.1.tgz 350ms (cache miss)
887 http fetch GET 200 https://registry.npmjs.org/emoji-regex/-/emoji-regex-8.0.0.tgz 349ms (cache miss)
888 http fetch GET 200 https://registry.npmjs.org/data-uri-to-buffer/-/data-uri-to-buffer-6.0.2.tgz 350ms (cache miss)
889 http fetch GET 200 https://registry.npmjs.org/netmask/-/netmask-2.0.2.tgz 351ms (cache miss)
890 http fetch GET 200 https://registry.npmjs.org/proxy-from-env/-/proxy-from-env-1.1.0.tgz 351ms (cache miss)
891 http fetch GET 200 https://registry.npmjs.org/http-proxy-agent/-/http-proxy-agent-7.0.2.tgz 350ms (cache miss)
892 http fetch GET 200 https://registry.npmjs.org/lru-cache/-/lru-cache-7.18.3.tgz 350ms (cache miss)
893 http fetch GET 200 https://registry.npmjs.org/https-proxy-agent/-/https-proxy-agent-7.0.6.tgz 352ms (cache miss)
894 http fetch GET 200 https://registry.npmjs.org/get-uri/-/get-uri-6.0.5.tgz 358ms (cache miss)
895 http fetch GET 200 https://registry.npmjs.org/socks-proxy-agent/-/socks-proxy-agent-8.0.5.tgz 362ms (cache miss)
896 http fetch GET 200 https://registry.npmjs.org/basic-ftp/-/basic-ftp-5.1.0.tgz 363ms (cache miss)
897 http fetch GET 200 https://registry.npmjs.org/undici-types/-/undici-types-7.16.0.tgz 368ms (cache miss)
898 http fetch GET 200 https://registry.npmjs.org/pac-resolver/-/pac-resolver-7.0.1.tgz 370ms (cache miss)
899 http fetch GET 200 https://registry.npmjs.org/yauzl/-/yauzl-2.10.0.tgz 377ms (cache miss)
900 http fetch GET 200 https://registry.npmjs.org/get-stream/-/get-stream-5.2.0.tgz 392ms (cache miss)
901 http fetch GET 200 https://registry.npmjs.org/@types/yauzl/-/yauzl-2.10.3.tgz 394ms (cache miss)
902 http fetch GET 200 https://registry.npmjs.org/mitt/-/mitt-3.0.1.tgz 397ms (cache miss)
903 http fetch GET 200 https://registry.npmjs.org/progress/-/progress-2.0.3.tgz 398ms (cache miss)
904 http fetch GET 200 https://registry.npmjs.org/proxy-agent/-/proxy-agent-6.5.0.tgz 399ms (cache miss)
905 http fetch GET 200 https://registry.npmjs.org/extract-zip/-/extract-zip-2.0.1.tgz 399ms (cache miss)
906 http fetch GET 200 https://registry.npmjs.org/pac-proxy-agent/-/pac-proxy-agent-7.2.0.tgz 401ms (cache miss)
907 http fetch GET 200 https://registry.npmjs.org/typed-query-selector/-/typed-query-selector-2.12.0.tgz 405ms (cache miss)
908 http fetch GET 200 https://registry.npmjs.org/yargs/-/yargs-17.7.2.tgz 407ms (cache miss)
909 http fetch GET 200 https://registry.npmjs.org/ws/-/ws-8.18.3.tgz 407ms (cache miss)
910 http fetch GET 200 https://registry.npmjs.org/webdriver-bidi-protocol/-/webdriver-bidi-protocol-0.3.10.tgz 414ms (cache miss)
911 http fetch GET 200 https://registry.npmjs.org/end-of-stream/-/end-of-stream-1.4.5.tgz 424ms (cache miss)
912 http fetch GET 200 https://registry.npmjs.org/tunnel-agent/-/tunnel-agent-0.6.0.tgz 427ms (cache miss)
913 http fetch GET 200 https://registry.npmjs.org/pump/-/pump-3.0.3.tgz 433ms (cache miss)
914 http fetch GET 200 https://registry.npmjs.org/simple-get/-/simple-get-4.0.1.tgz 433ms (cache miss)
915 http fetch GET 200 https://registry.npmjs.org/@tootallnate/quickjs-emscripten/-/quickjs-emscripten-0.23.0.tgz 438ms (cache miss)
916 http fetch GET 200 https://registry.npmjs.org/rc/-/rc-1.2.8.tgz 439ms (cache miss)
917 http fetch GET 200 https://registry.npmjs.org/tar-fs/-/tar-fs-2.1.4.tgz 441ms (cache miss)
918 http fetch GET 200 https://registry.npmjs.org/@types/node/-/node-25.0.3.tgz 444ms (cache miss)
919 http fetch GET 200 https://registry.npmjs.org/napi-build-utils/-/napi-build-utils-2.0.0.tgz 462ms (cache miss)
920 http fetch GET 200 https://registry.npmjs.org/expand-template/-/expand-template-2.0.3.tgz 461ms (cache miss)
921 http fetch GET 200 https://registry.npmjs.org/github-from-package/-/github-from-package-0.0.0.tgz 462ms (cache miss)
922 http fetch GET 200 https://registry.npmjs.org/mkdirp-classic/-/mkdirp-classic-0.5.3.tgz 462ms (cache miss)
923 http fetch GET 200 https://registry.npmjs.org/node-abi/-/node-abi-3.85.0.tgz 463ms (cache miss)
924 http fetch GET 200 https://registry.npmjs.org/minimist/-/minimist-1.2.8.tgz 467ms (cache miss)
925 http fetch GET 200 https://registry.npmjs.org/devtools-protocol/-/devtools-protocol-0.0.1534754.tgz 477ms (cache miss)
926 http fetch GET 200 https://registry.npmjs.org/detect-libc/-/detect-libc-2.1.2.tgz 491ms (cache miss)
927 http fetch GET 200 https://registry.npmjs.org/bindings/-/bindings-1.5.0.tgz 492ms (cache miss)
928 http fetch GET 200 https://registry.npmjs.org/file-uri-to-path/-/file-uri-to-path-1.0.0.tgz 493ms (cache miss)
929 http fetch GET 200 https://registry.npmjs.org/tar-fs/-/tar-fs-3.1.1.tgz 493ms (cache miss)
930 http fetch GET 200 https://registry.npmjs.org/prebuild-install/-/prebuild-install-7.1.3.tgz 495ms (cache miss)
931 http fetch GET 200 https://registry.npmjs.org/tar-stream/-/tar-stream-3.1.7.tgz 497ms (cache miss)
932 http fetch GET 200 https://registry.npmjs.org/semver/-/semver-7.7.3.tgz 504ms (cache miss)
933 http fetch GET 200 https://registry.npmjs.org/@puppeteer/browsers/-/browsers-2.11.0.tgz 518ms (cache miss)
934 http fetch GET 200 https://registry.npmjs.org/better-sqlite3/-/better-sqlite3-12.5.0.tgz 610ms (cache miss)
935 http fetch GET 200 https://registry.npmjs.org/zod/-/zod-3.25.76.tgz 617ms (cache miss)
936 http fetch GET 200 https://registry.npmjs.org/chromium-bidi/-/chromium-bidi-12.0.1.tgz 685ms (cache miss)
937 http fetch GET 200 https://registry.npmjs.org/puppeteer-core/-/puppeteer-core-24.34.0.tgz 809ms (cache miss)
938 info run better-sqlite3@12.5.0 install node_modules/better-sqlite3 prebuild-install || node-gyp rebuild --release
939 info run better-sqlite3@12.5.0 install { code: 0, signal: null }
940 silly ADD node_modules/b4a
941 silly ADD node_modules/text-decoder
942 silly ADD node_modules/events-universal
943 silly ADD node_modules/streamx
944 silly ADD node_modules/bare-os
945 silly ADD node_modules/fast-fifo
946 silly ADD node_modules/bare-url
947 silly ADD node_modules/bare-stream
948 silly ADD node_modules/bare-events
949 silly ADD node_modules/bare-path
950 silly ADD node_modules/bare-fs
951 silly ADD node_modules/pend
952 silly ADD node_modules/fd-slicer
953 silly ADD node_modules/buffer-crc32
954 silly ADD node_modules/color-name
955 silly ADD node_modules/color-convert
956 silly ADD node_modules/ansi-styles
957 silly ADD node_modules/ansi-regex
958 silly ADD node_modules/is-fullwidth-code-point
959 silly ADD node_modules/emoji-regex
960 silly ADD node_modules/wrap-ansi
961 silly ADD node_modules/strip-ansi
962 silly ADD node_modules/yargs-parser
963 silly ADD node_modules/y18n
964 silly ADD node_modules/string-width
965 silly ADD node_modules/require-directory
966 silly ADD node_modules/get-caller-file
967 silly ADD node_modules/escalade
968 silly ADD node_modules/cliui
969 silly ADD node_modules/safe-buffer
970 silly ADD node_modules/util-deprecate
971 silly ADD node_modules/string_decoder
972 silly ADD node_modules/ieee754
973 silly ADD node_modules/base64-js
974 silly ADD node_modules/buffer
975 silly ADD node_modules/readable-stream
976 silly ADD node_modules/fs-constants
977 silly ADD node_modules/bl
978 silly ADD node_modules/tar-stream
979 silly ADD node_modules/chownr
980 silly ADD node_modules/smart-buffer
981 silly ADD node_modules/ip-address
982 silly ADD node_modules/socks
983 silly ADD node_modules/mimic-response
984 silly ADD node_modules/simple-concat
985 silly ADD node_modules/decompress-response
986 silly ADD node_modules/strip-json-comments
987 silly ADD node_modules/ini
988 silly ADD node_modules/deep-extend
989 silly ADD node_modules/source-map
990 silly ADD node_modules/esutils
991 silly ADD node_modules/estraverse
992 silly ADD node_modules/tslib
993 silly ADD node_modules/esprima
994 silly ADD node_modules/escodegen
995 silly ADD node_modules/ast-types
996 silly ADD node_modules/netmask
997 silly ADD node_modules/degenerator
998 silly ADD node_modules/data-uri-to-buffer
999 silly ADD node_modules/basic-ftp
1000 silly ADD node_modules/pac-resolver
1001 silly ADD node_modules/get-uri
1002 silly ADD node_modules/@tootallnate/quickjs-emscripten
1003 silly ADD node_modules/socks-proxy-agent
1004 silly ADD node_modules/proxy-from-env
1005 silly ADD node_modules/pac-proxy-agent
1006 silly ADD node_modules/lru-cache
1007 silly ADD node_modules/https-proxy-agent
1008 silly ADD node_modules/http-proxy-agent
1009 silly ADD node_modules/agent-base
1010 silly ADD node_modules/undici-types
1011 silly ADD node_modules/@types/node
1012 silly ADD node_modules/yauzl
1013 silly ADD node_modules/get-stream
1014 silly ADD node_modules/@types/yauzl
1015 silly ADD node_modules/zod
1016 silly ADD node_modules/mitt
1017 silly ADD node_modules/yargs
1018 silly ADD node_modules/proxy-agent
1019 silly ADD node_modules/progress
1020 silly ADD node_modules/extract-zip
1021 silly ADD node_modules/ws
1022 silly ADD node_modules/webdriver-bidi-protocol
1023 silly ADD node_modules/typed-query-selector
1024 silly ADD node_modules/devtools-protocol
1025 silly ADD node_modules/chromium-bidi
1026 silly ADD node_modules/@puppeteer/browsers
1027 silly ADD node_modules/@puppeteer/browsers/node_modules/tar-stream
1028 silly ADD node_modules/@puppeteer/browsers/node_modules/tar-fs
1029 silly ADD node_modules/end-of-stream
1030 silly ADD node_modules/semver
1031 silly ADD node_modules/tunnel-agent
1032 silly ADD node_modules/tar-fs
1033 silly ADD node_modules/simple-get
1034 silly ADD node_modules/rc
1035 silly ADD node_modules/pump
1036 silly ADD node_modules/node-abi
1037 silly ADD node_modules/napi-build-utils
1038 silly ADD node_modules/mkdirp-classic
1039 silly ADD node_modules/minimist
1040 silly ADD node_modules/github-from-package
1041 silly ADD node_modules/expand-template
1042 silly ADD node_modules/detect-libc
1043 silly ADD node_modules/file-uri-to-path
1044 silly ADD node_modules/prebuild-install
1045 silly ADD node_modules/bindings
1046 silly ADD node_modules/puppeteer-core
1047 silly ADD node_modules/better-sqlite3
1048 verbose cwd /Users/patrickstephenson/bay-area-golf-times
1049 verbose os Darwin 24.1.0
1050 verbose node v24.12.0
1051 verbose npm  v11.6.2
1052 verbose exit 0
1053 info ok
