0 verbose cli /usr/local/bin/node /usr/local/bin/npm
1 info using npm@11.6.2
2 info using node@v24.12.0
3 silly config load:file:/usr/local/lib/node_modules/npm/npmrc
4 silly config load:file:/Users/patrickstephenson/bay-area-golf-times/.npmrc
5 silly config load:file:/Users/patrickstephenson/.npmrc
6 silly config load:file:/usr/local/etc/npmrc
7 verbose title npm install express cors cheerio node-cron dotenv
8 verbose argv "install" "express" "cors" "cheerio" "node-cron" "dotenv" "--cache" ".npm-cache"
9 verbose logfile logs-max:10 dir:/Users/patrickstephenson/bay-area-golf-times/.npm-cache/_logs/2026-01-02T12_59_54_602Z-
10 verbose logfile /Users/patrickstephenson/bay-area-golf-times/.npm-cache/_logs/2026-01-02T12_59_54_602Z-debug-0.log
11 silly logfile done cleaning log files
12 silly packumentCache heap:2348810240 maxSize:587202560 maxEntrySize:293601280
13 silly idealTree buildDeps
14 silly fetch manifest express@*
15 silly packumentCache full:https://registry.npmjs.org/express cache-miss
16 http fetch GET 200 https://registry.npmjs.org/express 109ms (cache miss)
17 silly packumentCache full:https://registry.npmjs.org/express set size:undefined disposed:false
18 silly fetch manifest cors@*
19 silly packumentCache full:https://registry.npmjs.org/cors cache-miss
20 http fetch GET 200 https://registry.npmjs.org/npm 169ms
21 http fetch GET 200 https://registry.npmjs.org/cors 49ms (cache miss)
22 silly packumentCache full:https://registry.npmjs.org/cors set size:undefined disposed:false
23 silly fetch manifest cheerio@*
24 silly packumentCache full:https://registry.npmjs.org/cheerio cache-miss
25 http fetch GET 200 https://registry.npmjs.org/cheerio 47ms (cache miss)
26 silly packumentCache full:https://registry.npmjs.org/cheerio set size:undefined disposed:false
27 silly fetch manifest node-cron@*
28 silly packumentCache full:https://registry.npmjs.org/node-cron cache-miss
29 http fetch GET 200 https://registry.npmjs.org/node-cron 40ms (cache miss)
30 silly packumentCache full:https://registry.npmjs.org/node-cron set size:undefined disposed:false
31 silly fetch manifest dotenv@*
32 silly packumentCache full:https://registry.npmjs.org/dotenv cache-miss
33 http fetch GET 200 https://registry.npmjs.org/dotenv 44ms (cache miss)
34 silly packumentCache full:https://registry.npmjs.org/dotenv set size:undefined disposed:false
35 silly placeDep ROOT cheerio@1.1.2 OK for: bay-area-golf-times@1.0.0 want: *
36 silly placeDep ROOT cors@2.8.5 OK for: bay-area-golf-times@1.0.0 want: *
37 silly placeDep ROOT dotenv@17.2.3 OK for: bay-area-golf-times@1.0.0 want: *
38 silly placeDep ROOT express@5.2.1 OK for: bay-area-golf-times@1.0.0 want: *
39 silly placeDep ROOT node-cron@4.2.1 OK for: bay-area-golf-times@1.0.0 want: *
40 silly fetch manifest parse5@^7.3.0
41 silly packumentCache full:https://registry.npmjs.org/parse5 cache-miss
42 silly fetch manifest undici@^7.12.0
43 silly packumentCache full:https://registry.npmjs.org/undici cache-miss
44 silly fetch manifest domutils@^3.2.2
45 silly packumentCache full:https://registry.npmjs.org/domutils cache-miss
46 silly fetch manifest domhandler@^5.0.3
47 silly packumentCache full:https://registry.npmjs.org/domhandler cache-miss
48 silly fetch manifest htmlparser2@^10.0.0
49 silly packumentCache full:https://registry.npmjs.org/htmlparser2 cache-miss
50 silly fetch manifest cheerio-select@^2.1.0
51 silly packumentCache full:https://registry.npmjs.org/cheerio-select cache-miss
52 silly fetch manifest dom-serializer@^2.0.0
53 silly packumentCache full:https://registry.npmjs.org/dom-serializer cache-miss
54 http fetch GET 200 https://registry.npmjs.org/parse5 142ms (cache miss)
55 silly packumentCache full:https://registry.npmjs.org/parse5 set size:undefined disposed:false
56 silly fetch manifest whatwg-mimetype@^4.0.0
57 silly packumentCache full:https://registry.npmjs.org/whatwg-mimetype cache-miss
58 http fetch GET 200 https://registry.npmjs.org/undici 146ms (cache miss)
59 silly packumentCache full:https://registry.npmjs.org/undici set size:undefined disposed:false
60 silly fetch manifest encoding-sniffer@^0.2.1
61 silly packumentCache full:https://registry.npmjs.org/encoding-sniffer cache-miss
62 http fetch GET 200 https://registry.npmjs.org/whatwg-mimetype 33ms (cache miss)
63 silly packumentCache full:https://registry.npmjs.org/whatwg-mimetype set size:undefined disposed:false
64 silly fetch manifest parse5-parser-stream@^7.1.2
65 silly packumentCache full:https://registry.npmjs.org/parse5-parser-stream cache-miss
66 http fetch GET 200 https://registry.npmjs.org/encoding-sniffer 50ms (cache miss)
67 silly packumentCache full:https://registry.npmjs.org/encoding-sniffer set size:undefined disposed:false
68 silly fetch manifest parse5-htmlparser2-tree-adapter@^7.1.0
69 silly packumentCache full:https://registry.npmjs.org/parse5-htmlparser2-tree-adapter cache-miss
70 http fetch GET 200 https://registry.npmjs.org/cheerio-select 205ms (cache miss)
71 silly packumentCache full:https://registry.npmjs.org/cheerio-select set size:undefined disposed:false
72 silly fetch manifest vary@^1
73 silly packumentCache full:https://registry.npmjs.org/vary cache-miss
74 http fetch GET 200 https://registry.npmjs.org/htmlparser2 208ms (cache miss)
75 silly packumentCache full:https://registry.npmjs.org/htmlparser2 set size:undefined disposed:false
76 silly fetch manifest object-assign@^4
77 silly packumentCache full:https://registry.npmjs.org/object-assign cache-miss
78 http fetch GET 200 https://registry.npmjs.org/domhandler 209ms (cache miss)
79 silly packumentCache full:https://registry.npmjs.org/domhandler set size:undefined disposed:false
80 silly fetch manifest qs@^6.14.0
81 silly packumentCache full:https://registry.npmjs.org/qs cache-miss
82 http fetch GET 200 https://registry.npmjs.org/dom-serializer 211ms (cache miss)
83 silly packumentCache full:https://registry.npmjs.org/dom-serializer set size:undefined disposed:false
84 silly fetch manifest depd@^2.0.0
85 silly packumentCache full:https://registry.npmjs.org/depd cache-miss
86 http fetch GET 200 https://registry.npmjs.org/domutils 212ms (cache miss)
87 silly packumentCache full:https://registry.npmjs.org/domutils set size:undefined disposed:false
88 silly fetch manifest etag@^1.8.1
89 silly packumentCache full:https://registry.npmjs.org/etag cache-miss
90 http fetch GET 200 https://registry.npmjs.org/parse5-parser-stream 37ms (cache miss)
91 silly packumentCache full:https://registry.npmjs.org/parse5-parser-stream set size:undefined disposed:false
92 silly fetch manifest once@^1.4.0
93 silly packumentCache full:https://registry.npmjs.org/once cache-miss
94 http fetch GET 200 https://registry.npmjs.org/parse5-htmlparser2-tree-adapter 45ms (cache miss)
95 silly packumentCache full:https://registry.npmjs.org/parse5-htmlparser2-tree-adapter set size:undefined disposed:false
96 silly fetch manifest send@^1.1.0
97 silly packumentCache full:https://registry.npmjs.org/send cache-miss
98 http fetch GET 200 https://registry.npmjs.org/vary 42ms (cache miss)
99 silly packumentCache full:https://registry.npmjs.org/vary set size:undefined disposed:false
100 silly fetch manifest vary@^1.1.2
101 silly packumentCache full:https://registry.npmjs.org/vary cache-miss
102 http fetch GET 200 https://registry.npmjs.org/depd 36ms (cache miss)
103 silly packumentCache full:https://registry.npmjs.org/depd set size:undefined disposed:false
104 silly fetch manifest debug@^4.4.0
105 silly packumentCache full:https://registry.npmjs.org/debug cache-miss
106 http fetch GET 200 https://registry.npmjs.org/qs 39ms (cache miss)
107 silly packumentCache full:https://registry.npmjs.org/qs set size:undefined disposed:false
108 silly fetch manifest fresh@^2.0.0
109 silly packumentCache full:https://registry.npmjs.org/fresh cache-miss
110 http cache https://registry.npmjs.org/vary 8ms (cache hit)
111 silly packumentCache full:https://registry.npmjs.org/vary set size:16018 disposed:false
112 silly fetch manifest cookie@^0.7.1
113 silly packumentCache full:https://registry.npmjs.org/cookie cache-miss
114 http fetch GET 200 https://registry.npmjs.org/object-assign 48ms (cache miss)
115 silly packumentCache full:https://registry.npmjs.org/object-assign set size:undefined disposed:false
116 silly fetch manifest router@^2.2.0
117 silly packumentCache full:https://registry.npmjs.org/router cache-miss
118 http fetch GET 200 https://registry.npmjs.org/etag 45ms (cache miss)
119 silly packumentCache full:https://registry.npmjs.org/etag set size:undefined disposed:false
120 silly fetch manifest accepts@^2.0.0
121 silly packumentCache full:https://registry.npmjs.org/accepts cache-miss
122 http fetch GET 200 https://registry.npmjs.org/once 44ms (cache miss)
123 silly packumentCache full:https://registry.npmjs.org/once set size:undefined disposed:false
124 silly fetch manifest type-is@^2.0.1
125 silly packumentCache full:https://registry.npmjs.org/type-is cache-miss
126 http fetch GET 200 https://registry.npmjs.org/send 38ms (cache miss)
127 silly packumentCache full:https://registry.npmjs.org/send set size:undefined disposed:false
128 silly fetch manifest parseurl@^1.3.3
129 silly packumentCache full:https://registry.npmjs.org/parseurl cache-miss
130 http fetch GET 200 https://registry.npmjs.org/fresh 38ms (cache miss)
131 silly packumentCache full:https://registry.npmjs.org/fresh set size:undefined disposed:false
132 silly fetch manifest statuses@^2.0.1
133 silly packumentCache full:https://registry.npmjs.org/statuses cache-miss
134 http fetch GET 200 https://registry.npmjs.org/debug 42ms (cache miss)
135 silly packumentCache full:https://registry.npmjs.org/debug set size:undefined disposed:false
136 silly fetch manifest encodeurl@^2.0.0
137 silly packumentCache full:https://registry.npmjs.org/encodeurl cache-miss
138 http fetch GET 200 https://registry.npmjs.org/cookie 43ms (cache miss)
139 silly packumentCache full:https://registry.npmjs.org/cookie set size:undefined disposed:false
140 silly fetch manifest mime-types@^3.0.0
141 silly packumentCache full:https://registry.npmjs.org/mime-types cache-miss
142 http fetch GET 200 https://registry.npmjs.org/accepts 43ms (cache miss)
143 silly packumentCache full:https://registry.npmjs.org/accepts set size:undefined disposed:false
144 silly fetch manifest proxy-addr@^2.0.7
145 silly packumentCache full:https://registry.npmjs.org/proxy-addr cache-miss
146 http fetch GET 200 https://registry.npmjs.org/router 45ms (cache miss)
147 silly packumentCache full:https://registry.npmjs.org/router set size:undefined disposed:false
148 silly fetch manifest body-parser@^2.2.1
149 silly packumentCache full:https://registry.npmjs.org/body-parser cache-miss
150 http fetch GET 200 https://registry.npmjs.org/type-is 46ms (cache miss)
151 silly packumentCache full:https://registry.npmjs.org/type-is set size:undefined disposed:false
152 silly fetch manifest escape-html@^1.0.3
153 silly packumentCache full:https://registry.npmjs.org/escape-html cache-miss
154 http fetch GET 200 https://registry.npmjs.org/parseurl 53ms (cache miss)
155 silly packumentCache full:https://registry.npmjs.org/parseurl set size:undefined disposed:false
156 silly fetch manifest http-errors@^2.0.0
157 silly packumentCache full:https://registry.npmjs.org/http-errors cache-miss
158 http fetch GET 200 https://registry.npmjs.org/statuses 51ms (cache miss)
159 silly packumentCache full:https://registry.npmjs.org/statuses set size:undefined disposed:false
160 silly fetch manifest on-finished@^2.4.1
161 silly packumentCache full:https://registry.npmjs.org/on-finished cache-miss
162 http fetch GET 200 https://registry.npmjs.org/encodeurl 49ms (cache miss)
163 silly packumentCache full:https://registry.npmjs.org/encodeurl set size:undefined disposed:false
164 silly fetch manifest content-type@^1.0.5
165 silly packumentCache full:https://registry.npmjs.org/content-type cache-miss
166 http fetch GET 200 https://registry.npmjs.org/proxy-addr 43ms (cache miss)
167 silly packumentCache full:https://registry.npmjs.org/proxy-addr set size:undefined disposed:false
168 silly fetch manifest finalhandler@^2.1.0
169 silly packumentCache full:https://registry.npmjs.org/finalhandler cache-miss
170 http fetch GET 200 https://registry.npmjs.org/mime-types 46ms (cache miss)
171 silly packumentCache full:https://registry.npmjs.org/mime-types set size:undefined disposed:false
172 silly fetch manifest range-parser@^1.2.1
173 silly packumentCache full:https://registry.npmjs.org/range-parser cache-miss
174 http fetch GET 200 https://registry.npmjs.org/body-parser 44ms (cache miss)
175 silly packumentCache full:https://registry.npmjs.org/body-parser set size:undefined disposed:false
176 silly fetch manifest serve-static@^2.2.0
177 silly packumentCache full:https://registry.npmjs.org/serve-static cache-miss
178 http fetch GET 200 https://registry.npmjs.org/escape-html 44ms (cache miss)
179 silly packumentCache full:https://registry.npmjs.org/escape-html set size:undefined disposed:false
180 silly fetch manifest cookie-signature@^1.2.1
181 silly packumentCache full:https://registry.npmjs.org/cookie-signature cache-miss
182 http fetch GET 200 https://registry.npmjs.org/on-finished 37ms (cache miss)
183 silly packumentCache full:https://registry.npmjs.org/on-finished set size:undefined disposed:false
184 silly fetch manifest merge-descriptors@^2.0.0
185 silly packumentCache full:https://registry.npmjs.org/merge-descriptors cache-miss
186 http fetch GET 200 https://registry.npmjs.org/http-errors 39ms (cache miss)
187 silly packumentCache full:https://registry.npmjs.org/http-errors set size:undefined disposed:false
188 silly fetch manifest content-disposition@^1.0.0
189 silly packumentCache full:https://registry.npmjs.org/content-disposition cache-miss
190 http fetch GET 200 https://registry.npmjs.org/content-type 39ms (cache miss)
191 silly packumentCache full:https://registry.npmjs.org/content-type set size:undefined disposed:false
192 http fetch GET 200 https://registry.npmjs.org/range-parser 39ms (cache miss)
193 silly packumentCache full:https://registry.npmjs.org/range-parser set size:undefined disposed:false
194 http fetch GET 200 https://registry.npmjs.org/finalhandler 42ms (cache miss)
195 silly packumentCache full:https://registry.npmjs.org/finalhandler set size:undefined disposed:false
196 http fetch GET 200 https://registry.npmjs.org/serve-static 40ms (cache miss)
197 silly packumentCache full:https://registry.npmjs.org/serve-static set size:undefined disposed:false
198 http fetch GET 200 https://registry.npmjs.org/cookie-signature 44ms (cache miss)
199 silly packumentCache full:https://registry.npmjs.org/cookie-signature set size:undefined disposed:false
200 http fetch GET 200 https://registry.npmjs.org/merge-descriptors 33ms (cache miss)
201 silly packumentCache full:https://registry.npmjs.org/merge-descriptors set size:undefined disposed:false
202 http fetch GET 200 https://registry.npmjs.org/content-disposition 37ms (cache miss)
203 silly packumentCache full:https://registry.npmjs.org/content-disposition set size:undefined disposed:false
204 silly placeDep ROOT cheerio-select@2.1.0 OK for: cheerio@1.1.2 want: ^2.1.0
205 silly placeDep ROOT dom-serializer@2.0.0 OK for: cheerio@1.1.2 want: ^2.0.0
206 silly placeDep ROOT domhandler@5.0.3 OK for: cheerio@1.1.2 want: ^5.0.3
207 silly placeDep ROOT domutils@3.2.2 OK for: cheerio@1.1.2 want: ^3.2.2
208 silly placeDep ROOT encoding-sniffer@0.2.1 OK for: cheerio@1.1.2 want: ^0.2.1
209 silly placeDep ROOT htmlparser2@10.0.0 OK for: cheerio@1.1.2 want: ^10.0.0
210 silly placeDep ROOT parse5@7.3.0 OK for: cheerio@1.1.2 want: ^7.3.0
211 silly placeDep ROOT parse5-htmlparser2-tree-adapter@7.1.0 OK for: cheerio@1.1.2 want: ^7.1.0
212 silly placeDep ROOT parse5-parser-stream@7.1.2 OK for: cheerio@1.1.2 want: ^7.1.2
213 silly placeDep ROOT undici@7.16.0 OK for: cheerio@1.1.2 want: ^7.12.0
214 silly placeDep ROOT whatwg-mimetype@4.0.0 OK for: cheerio@1.1.2 want: ^4.0.0
215 silly fetch manifest boolbase@^1.0.0
216 silly packumentCache full:https://registry.npmjs.org/boolbase cache-miss
217 silly fetch manifest css-select@^5.1.0
218 silly packumentCache full:https://registry.npmjs.org/css-select cache-miss
219 silly fetch manifest css-what@^6.1.0
220 silly packumentCache full:https://registry.npmjs.org/css-what cache-miss
221 silly fetch manifest domelementtype@^2.3.0
222 silly packumentCache full:https://registry.npmjs.org/domelementtype cache-miss
223 silly fetch manifest domutils@^3.0.1
224 silly packumentCache full:https://registry.npmjs.org/domutils cache-miss
225 silly fetch manifest domelementtype@^2.3.0
226 silly packumentCache full:https://registry.npmjs.org/domelementtype cache-miss
227 silly fetch manifest domhandler@^5.0.2
228 silly packumentCache full:https://registry.npmjs.org/domhandler cache-miss
229 http cache https://registry.npmjs.org/domhandler 2ms (cache hit)
230 silly packumentCache full:https://registry.npmjs.org/domhandler set size:73302 disposed:false
231 silly fetch manifest entities@^4.2.0
232 silly packumentCache full:https://registry.npmjs.org/entities cache-miss
233 http cache https://registry.npmjs.org/domutils 4ms (cache hit)
234 silly packumentCache full:https://registry.npmjs.org/domutils set size:102774 disposed:false
235 silly fetch manifest domelementtype@^2.3.0
236 silly packumentCache full:https://registry.npmjs.org/domelementtype cache-miss
237 http fetch GET 200 https://registry.npmjs.org/css-select 41ms (cache miss)
238 silly packumentCache full:https://registry.npmjs.org/css-select set size:undefined disposed:false
239 silly fetch manifest domelementtype@^2.3.0
240 silly packumentCache full:https://registry.npmjs.org/domelementtype cache-miss
241 http fetch GET 200 https://registry.npmjs.org/css-what 43ms (cache miss)
242 silly packumentCache full:https://registry.npmjs.org/css-what set size:undefined disposed:false
243 silly fetch manifest iconv-lite@^0.6.3
244 silly packumentCache full:https://registry.npmjs.org/iconv-lite cache-miss
245 http fetch GET 200 https://registry.npmjs.org/boolbase 46ms (cache miss)
246 silly packumentCache full:https://registry.npmjs.org/boolbase set size:undefined disposed:false
247 silly fetch manifest whatwg-encoding@^3.1.1
248 silly packumentCache full:https://registry.npmjs.org/whatwg-encoding cache-miss
249 http fetch GET 200 https://registry.npmjs.org/domelementtype 50ms (cache miss)
250 silly packumentCache full:https://registry.npmjs.org/domelementtype set size:undefined disposed:false
251 silly fetch manifest entities@^6.0.0
252 silly packumentCache full:https://registry.npmjs.org/entities cache-miss
253 http fetch GET 200 https://registry.npmjs.org/entities 49ms (cache miss)
254 silly packumentCache full:https://registry.npmjs.org/entities set size:undefined disposed:false
255 silly fetch manifest entities@^6.0.0
256 silly packumentCache full:https://registry.npmjs.org/entities cache-miss
257 http cache https://registry.npmjs.org/entities 1ms (cache hit)
258 silly packumentCache full:https://registry.npmjs.org/entities set size:94747 disposed:false
259 http fetch GET 200 https://registry.npmjs.org/domelementtype 58ms (cache miss)
260 silly packumentCache full:https://registry.npmjs.org/domelementtype set size:undefined disposed:false
261 http fetch GET 200 https://registry.npmjs.org/domelementtype 58ms (cache miss)
262 silly packumentCache full:https://registry.npmjs.org/domelementtype set size:undefined disposed:false
263 http fetch GET 200 https://registry.npmjs.org/domelementtype 36ms (cache miss)
264 silly packumentCache full:https://registry.npmjs.org/domelementtype set size:undefined disposed:false
265 http fetch GET 200 https://registry.npmjs.org/iconv-lite 43ms (cache miss)
266 silly packumentCache full:https://registry.npmjs.org/iconv-lite set size:undefined disposed:false
267 http fetch GET 200 https://registry.npmjs.org/whatwg-encoding 46ms (cache miss)
268 silly packumentCache full:https://registry.npmjs.org/whatwg-encoding set size:undefined disposed:false
269 http fetch GET 200 https://registry.npmjs.org/entities 41ms (cache miss)
270 silly packumentCache full:https://registry.npmjs.org/entities set size:undefined disposed:false
271 silly packumentCache full:https://registry.npmjs.org/entities dispose
272 silly placeDep ROOT boolbase@1.0.0 OK for: cheerio-select@2.1.0 want: ^1.0.0
273 silly placeDep ROOT css-select@5.2.2 OK for: cheerio-select@2.1.0 want: ^5.1.0
274 silly placeDep ROOT css-what@6.2.2 OK for: cheerio-select@2.1.0 want: ^6.1.0
275 silly placeDep ROOT domelementtype@2.3.0 OK for: cheerio-select@2.1.0 want: ^2.3.0
276 silly fetch manifest nth-check@^2.0.1
277 silly packumentCache full:https://registry.npmjs.org/nth-check cache-miss
278 http fetch GET 200 https://registry.npmjs.org/nth-check 127ms (cache miss)
279 silly packumentCache full:https://registry.npmjs.org/nth-check set size:undefined disposed:false
280 silly placeDep ROOT object-assign@4.1.1 OK for: cors@2.8.5 want: ^4
281 silly placeDep ROOT vary@1.1.2 OK for: cors@2.8.5 want: ^1
282 silly placeDep ROOT nth-check@2.1.1 OK for: css-select@5.2.2 want: ^2.0.1
283 silly placeDep ROOT entities@4.5.0 OK for: dom-serializer@2.0.0 want: ^4.2.0
284 silly placeDep ROOT iconv-lite@0.6.3 OK for: encoding-sniffer@0.2.1 want: ^0.6.3
285 silly placeDep ROOT whatwg-encoding@3.1.1 OK for: encoding-sniffer@0.2.1 want: ^3.1.1
286 silly fetch manifest safer-buffer@>= 2.1.2 < 3.0.0
287 silly packumentCache full:https://registry.npmjs.org/safer-buffer cache-miss
288 http fetch GET 200 https://registry.npmjs.org/safer-buffer 36ms (cache miss)
289 silly packumentCache full:https://registry.npmjs.org/safer-buffer set size:undefined disposed:false
290 silly placeDep ROOT accepts@2.0.0 OK for: express@5.2.1 want: ^2.0.0
291 silly placeDep ROOT body-parser@2.2.1 OK for: express@5.2.1 want: ^2.2.1
292 silly placeDep ROOT content-disposition@1.0.1 OK for: express@5.2.1 want: ^1.0.0
293 silly placeDep ROOT content-type@1.0.5 OK for: express@5.2.1 want: ^1.0.5
294 silly placeDep ROOT cookie@0.7.2 OK for: express@5.2.1 want: ^0.7.1
295 silly placeDep ROOT cookie-signature@1.2.2 OK for: express@5.2.1 want: ^1.2.1
296 silly placeDep ROOT debug@4.4.3 OK for: express@5.2.1 want: ^4.4.0
297 silly placeDep ROOT depd@2.0.0 OK for: express@5.2.1 want: ^2.0.0
298 silly placeDep ROOT encodeurl@2.0.0 OK for: express@5.2.1 want: ^2.0.0
299 silly placeDep ROOT escape-html@1.0.3 OK for: express@5.2.1 want: ^1.0.3
300 silly placeDep ROOT etag@1.8.1 OK for: express@5.2.1 want: ^1.8.1
301 silly placeDep ROOT finalhandler@2.1.1 OK for: express@5.2.1 want: ^2.1.0
302 silly placeDep ROOT fresh@2.0.0 OK for: express@5.2.1 want: ^2.0.0
303 silly placeDep ROOT http-errors@2.0.1 OK for: express@5.2.1 want: ^2.0.0
304 silly placeDep ROOT merge-descriptors@2.0.0 OK for: express@5.2.1 want: ^2.0.0
305 silly placeDep ROOT mime-types@3.0.2 OK for: express@5.2.1 want: ^3.0.0
306 silly placeDep ROOT on-finished@2.4.1 OK for: express@5.2.1 want: ^2.4.1
307 silly placeDep ROOT once@1.4.0 OK for: express@5.2.1 want: ^1.4.0
308 silly placeDep ROOT parseurl@1.3.3 OK for: express@5.2.1 want: ^1.3.3
309 silly placeDep ROOT proxy-addr@2.0.7 OK for: express@5.2.1 want: ^2.0.7
310 silly placeDep ROOT qs@6.14.1 OK for: express@5.2.1 want: ^6.14.0
311 silly placeDep ROOT range-parser@1.2.1 OK for: express@5.2.1 want: ^1.2.1
312 silly placeDep ROOT router@2.2.0 OK for: express@5.2.1 want: ^2.2.0
313 silly placeDep ROOT send@1.2.1 OK for: express@5.2.1 want: ^1.1.0
314 silly placeDep ROOT serve-static@2.2.1 OK for: express@5.2.1 want: ^2.2.0
315 silly placeDep ROOT statuses@2.0.2 OK for: express@5.2.1 want: ^2.0.1
316 silly placeDep ROOT type-is@2.0.1 OK for: express@5.2.1 want: ^2.0.1
317 silly fetch manifest negotiator@^1.0.0
318 silly packumentCache full:https://registry.npmjs.org/negotiator cache-miss
319 silly fetch manifest bytes@^3.1.2
320 silly packumentCache full:https://registry.npmjs.org/bytes cache-miss
321 silly fetch manifest debug@^4.4.3
322 silly packumentCache full:https://registry.npmjs.org/debug cache-miss
323 silly fetch manifest raw-body@^3.0.1
324 silly packumentCache full:https://registry.npmjs.org/raw-body cache-miss
325 silly fetch manifest iconv-lite@^0.7.0
326 silly packumentCache full:https://registry.npmjs.org/iconv-lite cache-miss
327 silly fetch manifest ms@^2.1.3
328 silly packumentCache full:https://registry.npmjs.org/ms cache-miss
329 silly fetch manifest inherits@~2.0.4
330 silly packumentCache full:https://registry.npmjs.org/inherits cache-miss
331 http cache https://registry.npmjs.org/debug 5ms (cache hit)
332 silly packumentCache full:https://registry.npmjs.org/debug set size:195840 disposed:false
333 silly fetch manifest setprototypeof@~1.2.0
334 silly packumentCache full:https://registry.npmjs.org/setprototypeof cache-miss
335 http cache https://registry.npmjs.org/iconv-lite 6ms (cache hit)
336 silly packumentCache full:https://registry.npmjs.org/iconv-lite set size:121629 disposed:false
337 silly fetch manifest statuses@~2.0.2
338 silly packumentCache full:https://registry.npmjs.org/statuses cache-miss
339 http cache https://registry.npmjs.org/statuses 2ms (cache hit)
340 silly packumentCache full:https://registry.npmjs.org/statuses set size:37117 disposed:false
341 silly fetch manifest toidentifier@~1.0.1
342 silly packumentCache full:https://registry.npmjs.org/toidentifier cache-miss
343 http fetch GET 200 https://registry.npmjs.org/negotiator 34ms (cache miss)
344 silly packumentCache full:https://registry.npmjs.org/negotiator set size:undefined disposed:false
345 silly fetch manifest mime-db@^1.54.0
346 silly packumentCache full:https://registry.npmjs.org/mime-db cache-miss
347 http fetch GET 200 https://registry.npmjs.org/ms 39ms (cache miss)
348 silly packumentCache full:https://registry.npmjs.org/ms set size:undefined disposed:false
349 silly fetch manifest ee-first@1.1.1
350 silly packumentCache full:https://registry.npmjs.org/ee-first cache-miss
351 http fetch GET 200 https://registry.npmjs.org/bytes 44ms (cache miss)
352 silly packumentCache full:https://registry.npmjs.org/bytes set size:undefined disposed:false
353 silly fetch manifest wrappy@1
354 silly packumentCache full:https://registry.npmjs.org/wrappy cache-miss
355 http fetch GET 200 https://registry.npmjs.org/setprototypeof 39ms (cache miss)
356 silly packumentCache full:https://registry.npmjs.org/setprototypeof set size:undefined disposed:false
357 silly fetch manifest forwarded@0.2.0
358 silly packumentCache full:https://registry.npmjs.org/forwarded cache-miss
359 http fetch GET 200 https://registry.npmjs.org/raw-body 46ms (cache miss)
360 silly packumentCache full:https://registry.npmjs.org/raw-body set size:undefined disposed:false
361 silly fetch manifest ipaddr.js@1.9.1
362 silly packumentCache full:https://registry.npmjs.org/ipaddr.js cache-miss
363 http fetch GET 200 https://registry.npmjs.org/toidentifier 41ms (cache miss)
364 silly packumentCache full:https://registry.npmjs.org/toidentifier set size:undefined disposed:false
365 silly fetch manifest side-channel@^1.1.0
366 silly packumentCache full:https://registry.npmjs.org/side-channel cache-miss
367 http fetch GET 200 https://registry.npmjs.org/inherits 59ms (cache miss)
368 silly packumentCache full:https://registry.npmjs.org/inherits set size:undefined disposed:false
369 silly fetch manifest is-promise@^4.0.0
370 silly packumentCache full:https://registry.npmjs.org/is-promise cache-miss
371 http fetch GET 200 https://registry.npmjs.org/ee-first 39ms (cache miss)
372 silly packumentCache full:https://registry.npmjs.org/ee-first set size:undefined disposed:false
373 silly fetch manifest path-to-regexp@^8.0.0
374 silly packumentCache full:https://registry.npmjs.org/path-to-regexp cache-miss
375 http fetch GET 200 https://registry.npmjs.org/mime-db 47ms (cache miss)
376 silly packumentCache full:https://registry.npmjs.org/mime-db set size:undefined disposed:false
377 silly fetch manifest statuses@^2.0.2
378 silly packumentCache full:https://registry.npmjs.org/statuses cache-hit
379 silly fetch manifest media-typer@^1.1.0
380 silly packumentCache full:https://registry.npmjs.org/media-typer cache-miss
381 http fetch GET 200 https://registry.npmjs.org/wrappy 40ms (cache miss)
382 silly packumentCache full:https://registry.npmjs.org/wrappy set size:undefined disposed:false
383 http fetch GET 200 https://registry.npmjs.org/forwarded 39ms (cache miss)
384 silly packumentCache full:https://registry.npmjs.org/forwarded set size:undefined disposed:false
385 http fetch GET 200 https://registry.npmjs.org/side-channel 42ms (cache miss)
386 silly packumentCache full:https://registry.npmjs.org/side-channel set size:undefined disposed:false
387 http fetch GET 200 https://registry.npmjs.org/ipaddr.js 46ms (cache miss)
388 silly packumentCache full:https://registry.npmjs.org/ipaddr.js set size:undefined disposed:false
389 http fetch GET 200 https://registry.npmjs.org/is-promise 37ms (cache miss)
390 silly packumentCache full:https://registry.npmjs.org/is-promise set size:undefined disposed:false
391 http fetch GET 200 https://registry.npmjs.org/path-to-regexp 37ms (cache miss)
392 silly packumentCache full:https://registry.npmjs.org/path-to-regexp set size:undefined disposed:false
393 http fetch GET 200 https://registry.npmjs.org/media-typer 38ms (cache miss)
394 silly packumentCache full:https://registry.npmjs.org/media-typer set size:undefined disposed:false
395 silly placeDep ROOT negotiator@1.0.0 OK for: accepts@2.0.0 want: ^1.0.0
396 silly placeDep ROOT bytes@3.1.2 OK for: body-parser@2.2.1 want: ^3.1.2
397 silly placeDep node_modules/body-parser iconv-lite@0.7.1 OK for: body-parser@2.2.1 want: ^0.7.0
398 silly placeDep ROOT raw-body@3.0.2 OK for: body-parser@2.2.1 want: ^3.0.1
399 silly fetch manifest unpipe@~1.0.0
400 silly packumentCache full:https://registry.npmjs.org/unpipe cache-miss
401 silly fetch manifest iconv-lite@~0.7.0
402 silly packumentCache full:https://registry.npmjs.org/iconv-lite cache-hit
403 http fetch GET 200 https://registry.npmjs.org/unpipe 37ms (cache miss)
404 silly packumentCache full:https://registry.npmjs.org/unpipe set size:undefined disposed:false
405 silly placeDep ROOT ms@2.1.3 OK for: debug@4.4.3 want: ^2.1.3
406 silly placeDep node_modules/htmlparser2 entities@6.0.1 OK for: htmlparser2@10.0.0 want: ^6.0.0
407 silly placeDep ROOT inherits@2.0.4 OK for: http-errors@2.0.1 want: ~2.0.4
408 silly placeDep ROOT setprototypeof@1.2.0 OK for: http-errors@2.0.1 want: ~1.2.0
409 silly placeDep ROOT toidentifier@1.0.1 OK for: http-errors@2.0.1 want: ~1.0.1
410 silly placeDep ROOT safer-buffer@2.1.2 OK for: iconv-lite@0.6.3 want: >= 2.1.2 < 3.0.0
411 silly placeDep ROOT mime-db@1.54.0 OK for: mime-types@3.0.2 want: ^1.54.0
412 silly placeDep ROOT ee-first@1.1.1 OK for: on-finished@2.4.1 want: 1.1.1
413 silly placeDep ROOT wrappy@1.0.2 OK for: once@1.4.0 want: 1
414 silly placeDep node_modules/parse5 entities@6.0.1 OK for: parse5@7.3.0 want: ^6.0.0
415 silly placeDep ROOT forwarded@0.2.0 OK for: proxy-addr@2.0.7 want: 0.2.0
416 silly placeDep ROOT ipaddr.js@1.9.1 OK for: proxy-addr@2.0.7 want: 1.9.1
417 silly placeDep ROOT side-channel@1.1.0 OK for: qs@6.14.1 want: ^1.1.0
418 silly fetch manifest es-errors@^1.3.0
419 silly packumentCache full:https://registry.npmjs.org/es-errors cache-miss
420 silly fetch manifest object-inspect@^1.13.3
421 silly packumentCache full:https://registry.npmjs.org/object-inspect cache-miss
422 silly fetch manifest side-channel-list@^1.0.0
423 silly packumentCache full:https://registry.npmjs.org/side-channel-list cache-miss
424 silly fetch manifest side-channel-map@^1.0.1
425 silly packumentCache full:https://registry.npmjs.org/side-channel-map cache-miss
426 silly fetch manifest side-channel-weakmap@^1.0.2
427 silly packumentCache full:https://registry.npmjs.org/side-channel-weakmap cache-miss
428 http fetch GET 200 https://registry.npmjs.org/side-channel-list 36ms (cache miss)
429 silly packumentCache full:https://registry.npmjs.org/side-channel-list set size:undefined disposed:false
430 http fetch GET 200 https://registry.npmjs.org/object-inspect 37ms (cache miss)
431 silly packumentCache full:https://registry.npmjs.org/object-inspect set size:undefined disposed:false
432 http fetch GET 200 https://registry.npmjs.org/side-channel-weakmap 39ms (cache miss)
433 silly packumentCache full:https://registry.npmjs.org/side-channel-weakmap set size:undefined disposed:false
434 http fetch GET 200 https://registry.npmjs.org/es-errors 40ms (cache miss)
435 silly packumentCache full:https://registry.npmjs.org/es-errors set size:undefined disposed:false
436 http fetch GET 200 https://registry.npmjs.org/side-channel-map 42ms (cache miss)
437 silly packumentCache full:https://registry.npmjs.org/side-channel-map set size:undefined disposed:false
438 silly placeDep node_modules/raw-body iconv-lite@0.7.1 OK for: raw-body@3.0.2 want: ~0.7.0
439 silly placeDep ROOT unpipe@1.0.0 OK for: raw-body@3.0.2 want: ~1.0.0
440 silly placeDep ROOT is-promise@4.0.0 OK for: router@2.2.0 want: ^4.0.0
441 silly placeDep ROOT path-to-regexp@8.3.0 OK for: router@2.2.0 want: ^8.0.0
442 silly placeDep ROOT es-errors@1.3.0 OK for: side-channel@1.1.0 want: ^1.3.0
443 silly placeDep ROOT object-inspect@1.13.4 OK for: side-channel@1.1.0 want: ^1.13.3
444 silly placeDep ROOT side-channel-list@1.0.0 OK for: side-channel@1.1.0 want: ^1.0.0
445 silly placeDep ROOT side-channel-map@1.0.1 OK for: side-channel@1.1.0 want: ^1.0.1
446 silly placeDep ROOT side-channel-weakmap@1.0.2 OK for: side-channel@1.1.0 want: ^1.0.2
447 silly fetch manifest call-bound@^1.0.2
448 silly packumentCache full:https://registry.npmjs.org/call-bound cache-miss
449 silly fetch manifest get-intrinsic@^1.2.5
450 silly packumentCache full:https://registry.npmjs.org/get-intrinsic cache-miss
451 silly fetch manifest call-bound@^1.0.2
452 silly packumentCache full:https://registry.npmjs.org/call-bound cache-miss
453 silly fetch manifest get-intrinsic@^1.2.5
454 silly packumentCache full:https://registry.npmjs.org/get-intrinsic cache-miss
455 http fetch GET 200 https://registry.npmjs.org/call-bound 32ms (cache miss)
456 silly packumentCache full:https://registry.npmjs.org/call-bound set size:undefined disposed:false
457 http fetch GET 200 https://registry.npmjs.org/call-bound 37ms (cache miss)
458 silly packumentCache full:https://registry.npmjs.org/call-bound set size:undefined disposed:false
459 http fetch GET 200 https://registry.npmjs.org/get-intrinsic 41ms (cache miss)
460 silly packumentCache full:https://registry.npmjs.org/get-intrinsic set size:undefined disposed:false
461 http fetch GET 200 https://registry.npmjs.org/get-intrinsic 44ms (cache miss)
462 silly packumentCache full:https://registry.npmjs.org/get-intrinsic set size:undefined disposed:false
463 silly placeDep ROOT call-bound@1.0.4 OK for: side-channel-map@1.0.1 want: ^1.0.2
464 silly placeDep ROOT get-intrinsic@1.3.0 OK for: side-channel-map@1.0.1 want: ^1.2.5
465 silly fetch manifest call-bind-apply-helpers@^1.0.2
466 silly packumentCache full:https://registry.npmjs.org/call-bind-apply-helpers cache-miss
467 silly fetch manifest get-intrinsic@^1.3.0
468 silly packumentCache full:https://registry.npmjs.org/get-intrinsic cache-miss
469 silly fetch manifest gopd@^1.2.0
470 silly packumentCache full:https://registry.npmjs.org/gopd cache-miss
471 silly fetch manifest hasown@^2.0.2
472 silly packumentCache full:https://registry.npmjs.org/hasown cache-miss
473 silly fetch manifest get-proto@^1.0.1
474 silly packumentCache full:https://registry.npmjs.org/get-proto cache-miss
475 silly fetch manifest has-symbols@^1.1.0
476 silly packumentCache full:https://registry.npmjs.org/has-symbols cache-miss
477 silly fetch manifest function-bind@^1.1.2
478 silly packumentCache full:https://registry.npmjs.org/function-bind cache-miss
479 http cache https://registry.npmjs.org/get-intrinsic 3ms (cache hit)
480 silly packumentCache full:https://registry.npmjs.org/get-intrinsic set size:60985 disposed:false
481 silly fetch manifest es-object-atoms@^1.1.1
482 silly packumentCache full:https://registry.npmjs.org/es-object-atoms cache-miss
483 http fetch GET 200 https://registry.npmjs.org/get-proto 38ms (cache miss)
484 silly packumentCache full:https://registry.npmjs.org/get-proto set size:undefined disposed:false
485 silly fetch manifest math-intrinsics@^1.1.0
486 silly packumentCache full:https://registry.npmjs.org/math-intrinsics cache-miss
487 http fetch GET 200 https://registry.npmjs.org/call-bind-apply-helpers 40ms (cache miss)
488 silly packumentCache full:https://registry.npmjs.org/call-bind-apply-helpers set size:undefined disposed:false
489 silly fetch manifest es-define-property@^1.0.1
490 silly packumentCache full:https://registry.npmjs.org/es-define-property cache-miss
491 http fetch GET 200 https://registry.npmjs.org/function-bind 40ms (cache miss)
492 silly packumentCache full:https://registry.npmjs.org/function-bind set size:undefined disposed:false
493 http fetch GET 200 https://registry.npmjs.org/gopd 40ms (cache miss)
494 silly packumentCache full:https://registry.npmjs.org/gopd set size:undefined disposed:false
495 http fetch GET 200 https://registry.npmjs.org/hasown 41ms (cache miss)
496 silly packumentCache full:https://registry.npmjs.org/hasown set size:undefined disposed:false
497 http fetch GET 200 https://registry.npmjs.org/es-object-atoms 40ms (cache miss)
498 silly packumentCache full:https://registry.npmjs.org/es-object-atoms set size:undefined disposed:false
499 http fetch GET 200 https://registry.npmjs.org/has-symbols 43ms (cache miss)
500 silly packumentCache full:https://registry.npmjs.org/has-symbols set size:undefined disposed:false
501 http fetch GET 200 https://registry.npmjs.org/math-intrinsics 39ms (cache miss)
502 silly packumentCache full:https://registry.npmjs.org/math-intrinsics set size:undefined disposed:false
503 http fetch GET 200 https://registry.npmjs.org/es-define-property 38ms (cache miss)
504 silly packumentCache full:https://registry.npmjs.org/es-define-property set size:undefined disposed:false
505 silly placeDep ROOT call-bind-apply-helpers@1.0.2 OK for: call-bound@1.0.4 want: ^1.0.2
506 silly placeDep ROOT function-bind@1.1.2 OK for: call-bind-apply-helpers@1.0.2 want: ^1.1.2
507 silly placeDep ROOT es-define-property@1.0.1 OK for: get-intrinsic@1.3.0 want: ^1.0.1
508 silly placeDep ROOT es-object-atoms@1.1.1 OK for: get-intrinsic@1.3.0 want: ^1.1.1
509 silly placeDep ROOT get-proto@1.0.1 OK for: get-intrinsic@1.3.0 want: ^1.0.1
510 silly placeDep ROOT gopd@1.2.0 OK for: get-intrinsic@1.3.0 want: ^1.2.0
511 silly placeDep ROOT has-symbols@1.1.0 OK for: get-intrinsic@1.3.0 want: ^1.1.0
512 silly placeDep ROOT hasown@2.0.2 OK for: get-intrinsic@1.3.0 want: ^2.0.2
513 silly placeDep ROOT math-intrinsics@1.1.0 OK for: get-intrinsic@1.3.0 want: ^1.1.0
514 silly fetch manifest dunder-proto@^1.0.1
515 silly packumentCache full:https://registry.npmjs.org/dunder-proto cache-miss
516 http fetch GET 200 https://registry.npmjs.org/dunder-proto 124ms (cache miss)
517 silly packumentCache full:https://registry.npmjs.org/dunder-proto set size:undefined disposed:false
518 silly placeDep ROOT dunder-proto@1.0.1 OK for: get-proto@1.0.1 want: ^1.0.1
519 silly placeDep ROOT media-typer@1.1.0 OK for: type-is@2.0.1 want: ^1.1.0
520 silly reify moves {}
521 silly audit bulk request {
521 silly audit   cheerio: [ '1.1.2' ],
521 silly audit   cors: [ '2.8.5' ],
521 silly audit   dotenv: [ '17.2.3' ],
521 silly audit   express: [ '5.2.1' ],
521 silly audit   'node-cron': [ '4.2.1' ],
521 silly audit   'cheerio-select': [ '2.1.0' ],
521 silly audit   'dom-serializer': [ '2.0.0' ],
521 silly audit   domhandler: [ '5.0.3' ],
521 silly audit   domutils: [ '3.2.2' ],
521 silly audit   'encoding-sniffer': [ '0.2.1' ],
521 silly audit   htmlparser2: [ '10.0.0' ],
521 silly audit   parse5: [ '7.3.0' ],
521 silly audit   'parse5-htmlparser2-tree-adapter': [ '7.1.0' ],
521 silly audit   'parse5-parser-stream': [ '7.1.2' ],
521 silly audit   undici: [ '7.16.0' ],
521 silly audit   'whatwg-mimetype': [ '4.0.0' ],
521 silly audit   boolbase: [ '1.0.0' ],
521 silly audit   'css-select': [ '5.2.2' ],
521 silly audit   'css-what': [ '6.2.2' ],
521 silly audit   domelementtype: [ '2.3.0' ],
521 silly audit   'object-assign': [ '4.1.1' ],
521 silly audit   vary: [ '1.1.2' ],
521 silly audit   'nth-check': [ '2.1.1' ],
521 silly audit   entities: [ '4.5.0', '6.0.1' ],
521 silly audit   'iconv-lite': [ '0.6.3', '0.7.1' ],
521 silly audit   'whatwg-encoding': [ '3.1.1' ],
521 silly audit   accepts: [ '2.0.0' ],
521 silly audit   'body-parser': [ '2.2.1' ],
521 silly audit   'content-disposition': [ '1.0.1' ],
521 silly audit   'content-type': [ '1.0.5' ],
521 silly audit   cookie: [ '0.7.2' ],
521 silly audit   'cookie-signature': [ '1.2.2' ],
521 silly audit   debug: [ '4.4.3' ],
521 silly audit   depd: [ '2.0.0' ],
521 silly audit   encodeurl: [ '2.0.0' ],
521 silly audit   'escape-html': [ '1.0.3' ],
521 silly audit   etag: [ '1.8.1' ],
521 silly audit   finalhandler: [ '2.1.1' ],
521 silly audit   fresh: [ '2.0.0' ],
521 silly audit   'http-errors': [ '2.0.1' ],
521 silly audit   'merge-descriptors': [ '2.0.0' ],
521 silly audit   'mime-types': [ '3.0.2' ],
521 silly audit   'on-finished': [ '2.4.1' ],
521 silly audit   once: [ '1.4.0' ],
521 silly audit   parseurl: [ '1.3.3' ],
521 silly audit   'proxy-addr': [ '2.0.7' ],
521 silly audit   qs: [ '6.14.1' ],
521 silly audit   'range-parser': [ '1.2.1' ],
521 silly audit   router: [ '2.2.0' ],
521 silly audit   send: [ '1.2.1' ],
521 silly audit   'serve-static': [ '2.2.1' ],
521 silly audit   statuses: [ '2.0.2' ],
521 silly audit   'type-is': [ '2.0.1' ],
521 silly audit   negotiator: [ '1.0.0' ],
521 silly audit   bytes: [ '3.1.2' ],
521 silly audit   'raw-body': [ '3.0.2' ],
521 silly audit   ms: [ '2.1.3' ],
521 silly audit   inherits: [ '2.0.4' ],
521 silly audit   setprototypeof: [ '1.2.0' ],
521 silly audit   toidentifier: [ '1.0.1' ],
521 silly audit   'safer-buffer': [ '2.1.2' ],
521 silly audit   'mime-db': [ '1.54.0' ],
521 silly audit   'ee-first': [ '1.1.1' ],
521 silly audit   wrappy: [ '1.0.2' ],
521 silly audit   forwarded: [ '0.2.0' ],
521 silly audit   'ipaddr.js': [ '1.9.1' ],
521 silly audit   'side-channel': [ '1.1.0' ],
521 silly audit   unpipe: [ '1.0.0' ],
521 silly audit   'is-promise': [ '4.0.0' ],
521 silly audit   'path-to-regexp': [ '8.3.0' ],
521 silly audit   'es-errors': [ '1.3.0' ],
521 silly audit   'object-inspect': [ '1.13.4' ],
521 silly audit   'side-channel-list': [ '1.0.0' ],
521 silly audit   'side-channel-map': [ '1.0.1' ],
521 silly audit   'side-channel-weakmap': [ '1.0.2' ],
521 silly audit   'call-bound': [ '1.0.4' ],
521 silly audit   'get-intrinsic': [ '1.3.0' ],
521 silly audit   'call-bind-apply-helpers': [ '1.0.2' ],
521 silly audit   'function-bind': [ '1.1.2' ],
521 silly audit   'es-define-property': [ '1.0.1' ],
521 silly audit   'es-object-atoms': [ '1.1.1' ],
521 silly audit   'get-proto': [ '1.0.1' ],
521 silly audit   gopd: [ '1.2.0' ],
521 silly audit   'has-symbols': [ '1.1.0' ],
521 silly audit   hasown: [ '2.0.2' ],
521 silly audit   'math-intrinsics': [ '1.1.0' ],
521 silly audit   'dunder-proto': [ '1.0.1' ],
521 silly audit   'media-typer': [ '1.1.0' ]
521 silly audit }
522 http cache media-typer@https://registry.npmjs.org/media-typer/-/media-typer-1.1.0.tgz 0ms (cache hit)
523 http cache dunder-proto@https://registry.npmjs.org/dunder-proto/-/dunder-proto-1.0.1.tgz 0ms (cache hit)
524 http cache math-intrinsics@https://registry.npmjs.org/math-intrinsics/-/math-intrinsics-1.1.0.tgz 0ms (cache hit)
525 http cache has-symbols@https://registry.npmjs.org/has-symbols/-/has-symbols-1.1.0.tgz 0ms (cache hit)
526 http cache hasown@https://registry.npmjs.org/hasown/-/hasown-2.0.2.tgz 0ms (cache hit)
527 http cache get-proto@https://registry.npmjs.org/get-proto/-/get-proto-1.0.1.tgz 0ms (cache hit)
528 http cache es-object-atoms@https://registry.npmjs.org/es-object-atoms/-/es-object-atoms-1.1.1.tgz 0ms (cache hit)
529 http cache es-define-property@https://registry.npmjs.org/es-define-property/-/es-define-property-1.0.1.tgz 0ms (cache hit)
530 http cache function-bind@https://registry.npmjs.org/function-bind/-/function-bind-1.1.2.tgz 0ms (cache hit)
531 http cache gopd@https://registry.npmjs.org/gopd/-/gopd-1.2.0.tgz 0ms (cache hit)
532 http cache call-bind-apply-helpers@https://registry.npmjs.org/call-bind-apply-helpers/-/call-bind-apply-helpers-1.0.2.tgz 0ms (cache hit)
533 http cache get-intrinsic@https://registry.npmjs.org/get-intrinsic/-/get-intrinsic-1.3.0.tgz 0ms (cache hit)
534 http cache call-bound@https://registry.npmjs.org/call-bound/-/call-bound-1.0.4.tgz 0ms (cache hit)
535 http cache side-channel-map@https://registry.npmjs.org/side-channel-map/-/side-channel-map-1.0.1.tgz 0ms (cache hit)
536 http cache side-channel-list@https://registry.npmjs.org/side-channel-list/-/side-channel-list-1.0.0.tgz 0ms (cache hit)
537 http cache object-inspect@https://registry.npmjs.org/object-inspect/-/object-inspect-1.13.4.tgz 0ms (cache hit)
538 http cache es-errors@https://registry.npmjs.org/es-errors/-/es-errors-1.3.0.tgz 0ms (cache hit)
539 http cache side-channel-weakmap@https://registry.npmjs.org/side-channel-weakmap/-/side-channel-weakmap-1.0.2.tgz 0ms (cache hit)
540 http cache path-to-regexp@https://registry.npmjs.org/path-to-regexp/-/path-to-regexp-8.3.0.tgz 0ms (cache hit)
541 http cache is-promise@https://registry.npmjs.org/is-promise/-/is-promise-4.0.0.tgz 0ms (cache hit)
542 http cache unpipe@https://registry.npmjs.org/unpipe/-/unpipe-1.0.0.tgz 0ms (cache hit)
543 http cache side-channel@https://registry.npmjs.org/side-channel/-/side-channel-1.1.0.tgz 0ms (cache hit)
544 http cache ipaddr.js@https://registry.npmjs.org/ipaddr.js/-/ipaddr.js-1.9.1.tgz 0ms (cache hit)
545 http cache forwarded@https://registry.npmjs.org/forwarded/-/forwarded-0.2.0.tgz 0ms (cache hit)
546 http cache wrappy@https://registry.npmjs.org/wrappy/-/wrappy-1.0.2.tgz 0ms (cache hit)
547 http cache ee-first@https://registry.npmjs.org/ee-first/-/ee-first-1.1.1.tgz 0ms (cache hit)
548 http cache mime-db@https://registry.npmjs.org/mime-db/-/mime-db-1.54.0.tgz 0ms (cache hit)
549 http cache safer-buffer@https://registry.npmjs.org/safer-buffer/-/safer-buffer-2.1.2.tgz 0ms (cache hit)
550 http cache toidentifier@https://registry.npmjs.org/toidentifier/-/toidentifier-1.0.1.tgz 0ms (cache hit)
551 http cache setprototypeof@https://registry.npmjs.org/setprototypeof/-/setprototypeof-1.2.0.tgz 0ms (cache hit)
552 http cache inherits@https://registry.npmjs.org/inherits/-/inherits-2.0.4.tgz 0ms (cache hit)
553 http cache ms@https://registry.npmjs.org/ms/-/ms-2.1.3.tgz 0ms (cache hit)
554 http cache bytes@https://registry.npmjs.org/bytes/-/bytes-3.1.2.tgz 0ms (cache hit)
555 http cache raw-body@https://registry.npmjs.org/raw-body/-/raw-body-3.0.2.tgz 0ms (cache hit)
556 http cache negotiator@https://registry.npmjs.org/negotiator/-/negotiator-1.0.0.tgz 0ms (cache hit)
557 http cache type-is@https://registry.npmjs.org/type-is/-/type-is-2.0.1.tgz 0ms (cache hit)
558 http cache statuses@https://registry.npmjs.org/statuses/-/statuses-2.0.2.tgz 0ms (cache hit)
559 http cache serve-static@https://registry.npmjs.org/serve-static/-/serve-static-2.2.1.tgz 0ms (cache hit)
560 http cache router@https://registry.npmjs.org/router/-/router-2.2.0.tgz 0ms (cache hit)
561 http cache range-parser@https://registry.npmjs.org/range-parser/-/range-parser-1.2.1.tgz 0ms (cache hit)
562 http cache qs@https://registry.npmjs.org/qs/-/qs-6.14.1.tgz 0ms (cache hit)
563 http cache proxy-addr@https://registry.npmjs.org/proxy-addr/-/proxy-addr-2.0.7.tgz 0ms (cache hit)
564 http cache send@https://registry.npmjs.org/send/-/send-1.2.1.tgz 0ms (cache hit)
565 http cache parseurl@https://registry.npmjs.org/parseurl/-/parseurl-1.3.3.tgz 0ms (cache hit)
566 http cache once@https://registry.npmjs.org/once/-/once-1.4.0.tgz 0ms (cache hit)
567 http cache on-finished@https://registry.npmjs.org/on-finished/-/on-finished-2.4.1.tgz 0ms (cache hit)
568 http cache mime-types@https://registry.npmjs.org/mime-types/-/mime-types-3.0.2.tgz 0ms (cache hit)
569 http cache merge-descriptors@https://registry.npmjs.org/merge-descriptors/-/merge-descriptors-2.0.0.tgz 0ms (cache hit)
570 http cache http-errors@https://registry.npmjs.org/http-errors/-/http-errors-2.0.1.tgz 0ms (cache hit)
571 http cache fresh@https://registry.npmjs.org/fresh/-/fresh-2.0.0.tgz 0ms (cache hit)
572 http cache finalhandler@https://registry.npmjs.org/finalhandler/-/finalhandler-2.1.1.tgz 0ms (cache hit)
573 http cache etag@https://registry.npmjs.org/etag/-/etag-1.8.1.tgz 0ms (cache hit)
574 http cache encodeurl@https://registry.npmjs.org/encodeurl/-/encodeurl-2.0.0.tgz 0ms (cache hit)
575 http cache escape-html@https://registry.npmjs.org/escape-html/-/escape-html-1.0.3.tgz 0ms (cache hit)
576 http cache depd@https://registry.npmjs.org/depd/-/depd-2.0.0.tgz 0ms (cache hit)
577 http cache debug@https://registry.npmjs.org/debug/-/debug-4.4.3.tgz 0ms (cache hit)
578 http cache cookie-signature@https://registry.npmjs.org/cookie-signature/-/cookie-signature-1.2.2.tgz 0ms (cache hit)
579 http cache cookie@https://registry.npmjs.org/cookie/-/cookie-0.7.2.tgz 0ms (cache hit)
580 http cache content-type@https://registry.npmjs.org/content-type/-/content-type-1.0.5.tgz 1ms (cache hit)
581 http cache content-disposition@https://registry.npmjs.org/content-disposition/-/content-disposition-1.0.1.tgz 0ms (cache hit)
582 http cache body-parser@https://registry.npmjs.org/body-parser/-/body-parser-2.2.1.tgz 0ms (cache hit)
583 http cache accepts@https://registry.npmjs.org/accepts/-/accepts-2.0.0.tgz 0ms (cache hit)
584 http cache whatwg-encoding@https://registry.npmjs.org/whatwg-encoding/-/whatwg-encoding-3.1.1.tgz 0ms (cache hit)
585 http cache entities@https://registry.npmjs.org/entities/-/entities-4.5.0.tgz 0ms (cache hit)
586 http cache nth-check@https://registry.npmjs.org/nth-check/-/nth-check-2.1.1.tgz 0ms (cache hit)
587 http cache vary@https://registry.npmjs.org/vary/-/vary-1.1.2.tgz 0ms (cache hit)
588 http cache object-assign@https://registry.npmjs.org/object-assign/-/object-assign-4.1.1.tgz 0ms (cache hit)
589 http cache domelementtype@https://registry.npmjs.org/domelementtype/-/domelementtype-2.3.0.tgz 0ms (cache hit)
590 http cache css-what@https://registry.npmjs.org/css-what/-/css-what-6.2.2.tgz 0ms (cache hit)
591 http cache css-select@https://registry.npmjs.org/css-select/-/css-select-5.2.2.tgz 0ms (cache hit)
592 http cache boolbase@https://registry.npmjs.org/boolbase/-/boolbase-1.0.0.tgz 0ms (cache hit)
593 http cache whatwg-mimetype@https://registry.npmjs.org/whatwg-mimetype/-/whatwg-mimetype-4.0.0.tgz 0ms (cache hit)
594 http cache undici@https://registry.npmjs.org/undici/-/undici-7.16.0.tgz 0ms (cache hit)
595 http cache parse5-parser-stream@https://registry.npmjs.org/parse5-parser-stream/-/parse5-parser-stream-7.1.2.tgz 0ms (cache hit)
596 http cache parse5-htmlparser2-tree-adapter@https://registry.npmjs.org/parse5-htmlparser2-tree-adapter/-/parse5-htmlparser2-tree-adapter-7.1.0.tgz 0ms (cache hit)
597 http cache htmlparser2@https://registry.npmjs.org/htmlparser2/-/htmlparser2-10.0.0.tgz 0ms (cache hit)
598 http cache parse5@https://registry.npmjs.org/parse5/-/parse5-7.3.0.tgz 0ms (cache hit)
599 http cache domutils@https://registry.npmjs.org/domutils/-/domutils-3.2.2.tgz 0ms (cache hit)
600 http cache encoding-sniffer@https://registry.npmjs.org/encoding-sniffer/-/encoding-sniffer-0.2.1.tgz 0ms (cache hit)
601 http cache domhandler@https://registry.npmjs.org/domhandler/-/domhandler-5.0.3.tgz 0ms (cache hit)
602 http cache dom-serializer@https://registry.npmjs.org/dom-serializer/-/dom-serializer-2.0.0.tgz 0ms (cache hit)
603 http cache cheerio-select@https://registry.npmjs.org/cheerio-select/-/cheerio-select-2.1.0.tgz 0ms (cache hit)
604 http cache node-cron@https://registry.npmjs.org/node-cron/-/node-cron-4.2.1.tgz 0ms (cache hit)
605 http cache dotenv@https://registry.npmjs.org/dotenv/-/dotenv-17.2.3.tgz 0ms (cache hit)
606 http cache cors@https://registry.npmjs.org/cors/-/cors-2.8.5.tgz 0ms (cache hit)
607 http cache cheerio@https://registry.npmjs.org/cheerio/-/cheerio-1.1.2.tgz 0ms (cache hit)
608 http cache express@https://registry.npmjs.org/express/-/express-5.2.1.tgz 0ms (cache hit)
609 http cache iconv-lite@https://registry.npmjs.org/iconv-lite/-/iconv-lite-0.7.1.tgz 0ms (cache hit)
610 http cache iconv-lite@https://registry.npmjs.org/iconv-lite/-/iconv-lite-0.7.1.tgz 0ms (cache hit)
611 http cache entities@https://registry.npmjs.org/entities/-/entities-6.0.1.tgz 0ms (cache hit)
612 http cache entities@https://registry.npmjs.org/entities/-/entities-6.0.1.tgz 0ms (cache hit)
613 http cache iconv-lite@https://registry.npmjs.org/iconv-lite/-/iconv-lite-0.6.3.tgz 0ms (cache hit)
614 silly tarball no local data for media-typer@https://registry.npmjs.org/media-typer/-/media-typer-1.1.0.tgz. Extracting by manifest.
615 silly tarball no local data for dunder-proto@https://registry.npmjs.org/dunder-proto/-/dunder-proto-1.0.1.tgz. Extracting by manifest.
616 silly tarball no local data for math-intrinsics@https://registry.npmjs.org/math-intrinsics/-/math-intrinsics-1.1.0.tgz. Extracting by manifest.
617 silly tarball no local data for has-symbols@https://registry.npmjs.org/has-symbols/-/has-symbols-1.1.0.tgz. Extracting by manifest.
618 silly tarball no local data for hasown@https://registry.npmjs.org/hasown/-/hasown-2.0.2.tgz. Extracting by manifest.
619 silly tarball no local data for get-proto@https://registry.npmjs.org/get-proto/-/get-proto-1.0.1.tgz. Extracting by manifest.
620 silly tarball no local data for es-object-atoms@https://registry.npmjs.org/es-object-atoms/-/es-object-atoms-1.1.1.tgz. Extracting by manifest.
621 silly tarball no local data for es-define-property@https://registry.npmjs.org/es-define-property/-/es-define-property-1.0.1.tgz. Extracting by manifest.
622 silly tarball no local data for function-bind@https://registry.npmjs.org/function-bind/-/function-bind-1.1.2.tgz. Extracting by manifest.
623 silly tarball no local data for gopd@https://registry.npmjs.org/gopd/-/gopd-1.2.0.tgz. Extracting by manifest.
624 silly tarball no local data for call-bind-apply-helpers@https://registry.npmjs.org/call-bind-apply-helpers/-/call-bind-apply-helpers-1.0.2.tgz. Extracting by manifest.
625 silly tarball no local data for get-intrinsic@https://registry.npmjs.org/get-intrinsic/-/get-intrinsic-1.3.0.tgz. Extracting by manifest.
626 silly tarball no local data for call-bound@https://registry.npmjs.org/call-bound/-/call-bound-1.0.4.tgz. Extracting by manifest.
627 silly tarball no local data for side-channel-map@https://registry.npmjs.org/side-channel-map/-/side-channel-map-1.0.1.tgz. Extracting by manifest.
628 silly tarball no local data for side-channel-list@https://registry.npmjs.org/side-channel-list/-/side-channel-list-1.0.0.tgz. Extracting by manifest.
629 silly tarball no local data for object-inspect@https://registry.npmjs.org/object-inspect/-/object-inspect-1.13.4.tgz. Extracting by manifest.
630 silly tarball no local data for es-errors@https://registry.npmjs.org/es-errors/-/es-errors-1.3.0.tgz. Extracting by manifest.
631 silly tarball no local data for side-channel-weakmap@https://registry.npmjs.org/side-channel-weakmap/-/side-channel-weakmap-1.0.2.tgz. Extracting by manifest.
632 silly tarball no local data for path-to-regexp@https://registry.npmjs.org/path-to-regexp/-/path-to-regexp-8.3.0.tgz. Extracting by manifest.
633 silly tarball no local data for is-promise@https://registry.npmjs.org/is-promise/-/is-promise-4.0.0.tgz. Extracting by manifest.
634 silly tarball no local data for unpipe@https://registry.npmjs.org/unpipe/-/unpipe-1.0.0.tgz. Extracting by manifest.
635 silly tarball no local data for side-channel@https://registry.npmjs.org/side-channel/-/side-channel-1.1.0.tgz. Extracting by manifest.
636 silly tarball no local data for ipaddr.js@https://registry.npmjs.org/ipaddr.js/-/ipaddr.js-1.9.1.tgz. Extracting by manifest.
637 silly tarball no local data for forwarded@https://registry.npmjs.org/forwarded/-/forwarded-0.2.0.tgz. Extracting by manifest.
638 silly tarball no local data for wrappy@https://registry.npmjs.org/wrappy/-/wrappy-1.0.2.tgz. Extracting by manifest.
639 silly tarball no local data for ee-first@https://registry.npmjs.org/ee-first/-/ee-first-1.1.1.tgz. Extracting by manifest.
640 silly tarball no local data for mime-db@https://registry.npmjs.org/mime-db/-/mime-db-1.54.0.tgz. Extracting by manifest.
641 silly tarball no local data for safer-buffer@https://registry.npmjs.org/safer-buffer/-/safer-buffer-2.1.2.tgz. Extracting by manifest.
642 silly tarball no local data for toidentifier@https://registry.npmjs.org/toidentifier/-/toidentifier-1.0.1.tgz. Extracting by manifest.
643 silly tarball no local data for setprototypeof@https://registry.npmjs.org/setprototypeof/-/setprototypeof-1.2.0.tgz. Extracting by manifest.
644 silly tarball no local data for inherits@https://registry.npmjs.org/inherits/-/inherits-2.0.4.tgz. Extracting by manifest.
645 silly tarball no local data for ms@https://registry.npmjs.org/ms/-/ms-2.1.3.tgz. Extracting by manifest.
646 silly tarball no local data for bytes@https://registry.npmjs.org/bytes/-/bytes-3.1.2.tgz. Extracting by manifest.
647 silly tarball no local data for raw-body@https://registry.npmjs.org/raw-body/-/raw-body-3.0.2.tgz. Extracting by manifest.
648 silly tarball no local data for negotiator@https://registry.npmjs.org/negotiator/-/negotiator-1.0.0.tgz. Extracting by manifest.
649 silly tarball no local data for type-is@https://registry.npmjs.org/type-is/-/type-is-2.0.1.tgz. Extracting by manifest.
650 silly tarball no local data for statuses@https://registry.npmjs.org/statuses/-/statuses-2.0.2.tgz. Extracting by manifest.
651 silly tarball no local data for serve-static@https://registry.npmjs.org/serve-static/-/serve-static-2.2.1.tgz. Extracting by manifest.
652 silly tarball no local data for router@https://registry.npmjs.org/router/-/router-2.2.0.tgz. Extracting by manifest.
653 silly tarball no local data for range-parser@https://registry.npmjs.org/range-parser/-/range-parser-1.2.1.tgz. Extracting by manifest.
654 silly tarball no local data for qs@https://registry.npmjs.org/qs/-/qs-6.14.1.tgz. Extracting by manifest.
655 silly tarball no local data for proxy-addr@https://registry.npmjs.org/proxy-addr/-/proxy-addr-2.0.7.tgz. Extracting by manifest.
656 silly tarball no local data for send@https://registry.npmjs.org/send/-/send-1.2.1.tgz. Extracting by manifest.
657 silly tarball no local data for parseurl@https://registry.npmjs.org/parseurl/-/parseurl-1.3.3.tgz. Extracting by manifest.
658 silly tarball no local data for once@https://registry.npmjs.org/once/-/once-1.4.0.tgz. Extracting by manifest.
659 silly tarball no local data for on-finished@https://registry.npmjs.org/on-finished/-/on-finished-2.4.1.tgz. Extracting by manifest.
660 silly tarball no local data for mime-types@https://registry.npmjs.org/mime-types/-/mime-types-3.0.2.tgz. Extracting by manifest.
661 silly tarball no local data for merge-descriptors@https://registry.npmjs.org/merge-descriptors/-/merge-descriptors-2.0.0.tgz. Extracting by manifest.
662 silly tarball no local data for http-errors@https://registry.npmjs.org/http-errors/-/http-errors-2.0.1.tgz. Extracting by manifest.
663 silly tarball no local data for fresh@https://registry.npmjs.org/fresh/-/fresh-2.0.0.tgz. Extracting by manifest.
664 silly tarball no local data for finalhandler@https://registry.npmjs.org/finalhandler/-/finalhandler-2.1.1.tgz. Extracting by manifest.
665 silly tarball no local data for etag@https://registry.npmjs.org/etag/-/etag-1.8.1.tgz. Extracting by manifest.
666 silly tarball no local data for encodeurl@https://registry.npmjs.org/encodeurl/-/encodeurl-2.0.0.tgz. Extracting by manifest.
667 silly tarball no local data for escape-html@https://registry.npmjs.org/escape-html/-/escape-html-1.0.3.tgz. Extracting by manifest.
668 silly tarball no local data for depd@https://registry.npmjs.org/depd/-/depd-2.0.0.tgz. Extracting by manifest.
669 silly tarball no local data for debug@https://registry.npmjs.org/debug/-/debug-4.4.3.tgz. Extracting by manifest.
670 silly tarball no local data for cookie-signature@https://registry.npmjs.org/cookie-signature/-/cookie-signature-1.2.2.tgz. Extracting by manifest.
671 silly tarball no local data for cookie@https://registry.npmjs.org/cookie/-/cookie-0.7.2.tgz. Extracting by manifest.
672 silly tarball no local data for content-type@https://registry.npmjs.org/content-type/-/content-type-1.0.5.tgz. Extracting by manifest.
673 silly tarball no local data for content-disposition@https://registry.npmjs.org/content-disposition/-/content-disposition-1.0.1.tgz. Extracting by manifest.
674 silly tarball no local data for body-parser@https://registry.npmjs.org/body-parser/-/body-parser-2.2.1.tgz. Extracting by manifest.
675 silly tarball no local data for accepts@https://registry.npmjs.org/accepts/-/accepts-2.0.0.tgz. Extracting by manifest.
676 silly tarball no local data for whatwg-encoding@https://registry.npmjs.org/whatwg-encoding/-/whatwg-encoding-3.1.1.tgz. Extracting by manifest.
677 silly tarball no local data for entities@https://registry.npmjs.org/entities/-/entities-4.5.0.tgz. Extracting by manifest.
678 silly tarball no local data for nth-check@https://registry.npmjs.org/nth-check/-/nth-check-2.1.1.tgz. Extracting by manifest.
679 silly tarball no local data for vary@https://registry.npmjs.org/vary/-/vary-1.1.2.tgz. Extracting by manifest.
680 silly tarball no local data for object-assign@https://registry.npmjs.org/object-assign/-/object-assign-4.1.1.tgz. Extracting by manifest.
681 silly tarball no local data for domelementtype@https://registry.npmjs.org/domelementtype/-/domelementtype-2.3.0.tgz. Extracting by manifest.
682 silly tarball no local data for css-what@https://registry.npmjs.org/css-what/-/css-what-6.2.2.tgz. Extracting by manifest.
683 silly tarball no local data for css-select@https://registry.npmjs.org/css-select/-/css-select-5.2.2.tgz. Extracting by manifest.
684 silly tarball no local data for boolbase@https://registry.npmjs.org/boolbase/-/boolbase-1.0.0.tgz. Extracting by manifest.
685 silly tarball no local data for whatwg-mimetype@https://registry.npmjs.org/whatwg-mimetype/-/whatwg-mimetype-4.0.0.tgz. Extracting by manifest.
686 silly tarball no local data for undici@https://registry.npmjs.org/undici/-/undici-7.16.0.tgz. Extracting by manifest.
687 silly tarball no local data for parse5-parser-stream@https://registry.npmjs.org/parse5-parser-stream/-/parse5-parser-stream-7.1.2.tgz. Extracting by manifest.
688 silly tarball no local data for parse5-htmlparser2-tree-adapter@https://registry.npmjs.org/parse5-htmlparser2-tree-adapter/-/parse5-htmlparser2-tree-adapter-7.1.0.tgz. Extracting by manifest.
689 silly tarball no local data for htmlparser2@https://registry.npmjs.org/htmlparser2/-/htmlparser2-10.0.0.tgz. Extracting by manifest.
690 silly tarball no local data for parse5@https://registry.npmjs.org/parse5/-/parse5-7.3.0.tgz. Extracting by manifest.
691 silly tarball no local data for domutils@https://registry.npmjs.org/domutils/-/domutils-3.2.2.tgz. Extracting by manifest.
692 silly tarball no local data for encoding-sniffer@https://registry.npmjs.org/encoding-sniffer/-/encoding-sniffer-0.2.1.tgz. Extracting by manifest.
693 silly tarball no local data for domhandler@https://registry.npmjs.org/domhandler/-/domhandler-5.0.3.tgz. Extracting by manifest.
694 silly tarball no local data for dom-serializer@https://registry.npmjs.org/dom-serializer/-/dom-serializer-2.0.0.tgz. Extracting by manifest.
695 silly tarball no local data for cheerio-select@https://registry.npmjs.org/cheerio-select/-/cheerio-select-2.1.0.tgz. Extracting by manifest.
696 silly tarball no local data for node-cron@https://registry.npmjs.org/node-cron/-/node-cron-4.2.1.tgz. Extracting by manifest.
697 silly tarball no local data for dotenv@https://registry.npmjs.org/dotenv/-/dotenv-17.2.3.tgz. Extracting by manifest.
698 silly tarball no local data for cors@https://registry.npmjs.org/cors/-/cors-2.8.5.tgz. Extracting by manifest.
699 silly tarball no local data for cheerio@https://registry.npmjs.org/cheerio/-/cheerio-1.1.2.tgz. Extracting by manifest.
700 silly tarball no local data for express@https://registry.npmjs.org/express/-/express-5.2.1.tgz. Extracting by manifest.
701 silly tarball no local data for iconv-lite@https://registry.npmjs.org/iconv-lite/-/iconv-lite-0.7.1.tgz. Extracting by manifest.
702 silly tarball no local data for iconv-lite@https://registry.npmjs.org/iconv-lite/-/iconv-lite-0.7.1.tgz. Extracting by manifest.
703 silly tarball no local data for entities@https://registry.npmjs.org/entities/-/entities-6.0.1.tgz. Extracting by manifest.
704 silly tarball no local data for entities@https://registry.npmjs.org/entities/-/entities-6.0.1.tgz. Extracting by manifest.
705 silly tarball no local data for iconv-lite@https://registry.npmjs.org/iconv-lite/-/iconv-lite-0.6.3.tgz. Extracting by manifest.
706 http fetch POST 200 https://registry.npmjs.org/-/npm/v1/security/advisories/bulk 64ms
707 silly audit report {}
708 http fetch GET 200 https://registry.npmjs.org/has-symbols/-/has-symbols-1.1.0.tgz 62ms (cache miss)
709 http fetch GET 200 https://registry.npmjs.org/media-typer/-/media-typer-1.1.0.tgz 62ms (cache miss)
710 http fetch GET 200 https://registry.npmjs.org/math-intrinsics/-/math-intrinsics-1.1.0.tgz 62ms (cache miss)
711 http fetch GET 200 https://registry.npmjs.org/dunder-proto/-/dunder-proto-1.0.1.tgz 63ms (cache miss)
712 http fetch GET 200 https://registry.npmjs.org/hasown/-/hasown-2.0.2.tgz 64ms (cache miss)
713 http fetch GET 200 https://registry.npmjs.org/get-proto/-/get-proto-1.0.1.tgz 67ms (cache miss)
714 http fetch GET 200 https://registry.npmjs.org/side-channel-weakmap/-/side-channel-weakmap-1.0.2.tgz 91ms (cache miss)
715 http fetch GET 200 https://registry.npmjs.org/side-channel-list/-/side-channel-list-1.0.0.tgz 93ms (cache miss)
716 http fetch GET 200 https://registry.npmjs.org/path-to-regexp/-/path-to-regexp-8.3.0.tgz 93ms (cache miss)
717 http fetch GET 200 https://registry.npmjs.org/es-errors/-/es-errors-1.3.0.tgz 94ms (cache miss)
718 http fetch GET 200 https://registry.npmjs.org/is-promise/-/is-promise-4.0.0.tgz 98ms (cache miss)
719 http fetch GET 200 https://registry.npmjs.org/unpipe/-/unpipe-1.0.0.tgz 98ms (cache miss)
720 http fetch GET 200 https://registry.npmjs.org/object-inspect/-/object-inspect-1.13.4.tgz 100ms (cache miss)
721 http fetch GET 200 https://registry.npmjs.org/call-bind-apply-helpers/-/call-bind-apply-helpers-1.0.2.tgz 119ms (cache miss)
722 http fetch GET 200 https://registry.npmjs.org/ipaddr.js/-/ipaddr.js-1.9.1.tgz 124ms (cache miss)
723 http fetch GET 200 https://registry.npmjs.org/side-channel-map/-/side-channel-map-1.0.1.tgz 126ms (cache miss)
724 http fetch GET 200 https://registry.npmjs.org/gopd/-/gopd-1.2.0.tgz 127ms (cache miss)
725 http fetch GET 200 https://registry.npmjs.org/forwarded/-/forwarded-0.2.0.tgz 125ms (cache miss)
726 http fetch GET 200 https://registry.npmjs.org/side-channel/-/side-channel-1.1.0.tgz 126ms (cache miss)
727 http fetch GET 200 https://registry.npmjs.org/wrappy/-/wrappy-1.0.2.tgz 127ms (cache miss)
728 http fetch GET 200 https://registry.npmjs.org/es-define-property/-/es-define-property-1.0.1.tgz 130ms (cache miss)
729 http fetch GET 200 https://registry.npmjs.org/mime-db/-/mime-db-1.54.0.tgz 134ms (cache miss)
730 http fetch GET 200 https://registry.npmjs.org/ee-first/-/ee-first-1.1.1.tgz 134ms (cache miss)
731 http fetch GET 200 https://registry.npmjs.org/safer-buffer/-/safer-buffer-2.1.2.tgz 134ms (cache miss)
732 http fetch GET 200 https://registry.npmjs.org/es-object-atoms/-/es-object-atoms-1.1.1.tgz 139ms (cache miss)
733 http fetch GET 200 https://registry.npmjs.org/get-intrinsic/-/get-intrinsic-1.3.0.tgz 144ms (cache miss)
734 http fetch GET 200 https://registry.npmjs.org/function-bind/-/function-bind-1.1.2.tgz 146ms (cache miss)
735 http fetch GET 200 https://registry.npmjs.org/call-bound/-/call-bound-1.0.4.tgz 145ms (cache miss)
736 http fetch GET 200 https://registry.npmjs.org/toidentifier/-/toidentifier-1.0.1.tgz 152ms (cache miss)
737 http fetch GET 200 https://registry.npmjs.org/bytes/-/bytes-3.1.2.tgz 158ms (cache miss)
738 http fetch GET 200 https://registry.npmjs.org/inherits/-/inherits-2.0.4.tgz 159ms (cache miss)
739 http fetch GET 200 https://registry.npmjs.org/setprototypeof/-/setprototypeof-1.2.0.tgz 160ms (cache miss)
740 http fetch GET 200 https://registry.npmjs.org/raw-body/-/raw-body-3.0.2.tgz 159ms (cache miss)
741 http fetch GET 200 https://registry.npmjs.org/type-is/-/type-is-2.0.1.tgz 159ms (cache miss)
742 http fetch GET 200 https://registry.npmjs.org/ms/-/ms-2.1.3.tgz 161ms (cache miss)
743 http fetch GET 200 https://registry.npmjs.org/serve-static/-/serve-static-2.2.1.tgz 166ms (cache miss)
744 http fetch GET 200 https://registry.npmjs.org/statuses/-/statuses-2.0.2.tgz 167ms (cache miss)
745 http fetch GET 200 https://registry.npmjs.org/negotiator/-/negotiator-1.0.0.tgz 173ms (cache miss)
746 http fetch GET 200 https://registry.npmjs.org/router/-/router-2.2.0.tgz 173ms (cache miss)
747 http fetch GET 200 https://registry.npmjs.org/range-parser/-/range-parser-1.2.1.tgz 187ms (cache miss)
748 http fetch GET 200 https://registry.npmjs.org/proxy-addr/-/proxy-addr-2.0.7.tgz 188ms (cache miss)
749 http fetch GET 200 https://registry.npmjs.org/once/-/once-1.4.0.tgz 188ms (cache miss)
750 http fetch GET 200 https://registry.npmjs.org/parseurl/-/parseurl-1.3.3.tgz 188ms (cache miss)
751 http fetch GET 200 https://registry.npmjs.org/mime-types/-/mime-types-3.0.2.tgz 192ms (cache miss)
752 http fetch GET 200 https://registry.npmjs.org/qs/-/qs-6.14.1.tgz 194ms (cache miss)
753 http fetch GET 200 https://registry.npmjs.org/merge-descriptors/-/merge-descriptors-2.0.0.tgz 198ms (cache miss)
754 http fetch GET 200 https://registry.npmjs.org/on-finished/-/on-finished-2.4.1.tgz 199ms (cache miss)
755 http fetch GET 200 https://registry.npmjs.org/http-errors/-/http-errors-2.0.1.tgz 198ms (cache miss)
756 http fetch GET 200 https://registry.npmjs.org/fresh/-/fresh-2.0.0.tgz 198ms (cache miss)
757 http fetch GET 200 https://registry.npmjs.org/send/-/send-1.2.1.tgz 200ms (cache miss)
758 http fetch GET 200 https://registry.npmjs.org/finalhandler/-/finalhandler-2.1.1.tgz 206ms (cache miss)
759 http fetch GET 200 https://registry.npmjs.org/etag/-/etag-1.8.1.tgz 208ms (cache miss)
760 http fetch GET 200 https://registry.npmjs.org/escape-html/-/escape-html-1.0.3.tgz 209ms (cache miss)
761 http fetch GET 200 https://registry.npmjs.org/encodeurl/-/encodeurl-2.0.0.tgz 214ms (cache miss)
762 http fetch GET 200 https://registry.npmjs.org/debug/-/debug-4.4.3.tgz 220ms (cache miss)
763 http fetch GET 200 https://registry.npmjs.org/depd/-/depd-2.0.0.tgz 222ms (cache miss)
764 http fetch GET 200 https://registry.npmjs.org/cookie/-/cookie-0.7.2.tgz 222ms (cache miss)
765 http fetch GET 200 https://registry.npmjs.org/cookie-signature/-/cookie-signature-1.2.2.tgz 222ms (cache miss)
766 http fetch GET 200 https://registry.npmjs.org/content-type/-/content-type-1.0.5.tgz 224ms (cache miss)
767 http fetch GET 200 https://registry.npmjs.org/whatwg-encoding/-/whatwg-encoding-3.1.1.tgz 229ms (cache miss)
768 warn deprecated whatwg-encoding@3.1.1: Use @exodus/bytes instead for a more spec-conformant and faster implementation
769 http fetch GET 200 https://registry.npmjs.org/body-parser/-/body-parser-2.2.1.tgz 231ms (cache miss)
770 http fetch GET 200 https://registry.npmjs.org/content-disposition/-/content-disposition-1.0.1.tgz 231ms (cache miss)
771 http fetch GET 200 https://registry.npmjs.org/accepts/-/accepts-2.0.0.tgz 257ms (cache miss)
772 http fetch GET 200 https://registry.npmjs.org/object-assign/-/object-assign-4.1.1.tgz 257ms (cache miss)
773 http fetch GET 200 https://registry.npmjs.org/vary/-/vary-1.1.2.tgz 257ms (cache miss)
774 http fetch GET 200 https://registry.npmjs.org/domelementtype/-/domelementtype-2.3.0.tgz 259ms (cache miss)
775 http fetch GET 200 https://registry.npmjs.org/boolbase/-/boolbase-1.0.0.tgz 258ms (cache miss)
776 http fetch GET 200 https://registry.npmjs.org/parse5-parser-stream/-/parse5-parser-stream-7.1.2.tgz 263ms (cache miss)
777 http fetch GET 200 https://registry.npmjs.org/whatwg-mimetype/-/whatwg-mimetype-4.0.0.tgz 266ms (cache miss)
778 http fetch GET 200 https://registry.npmjs.org/parse5-htmlparser2-tree-adapter/-/parse5-htmlparser2-tree-adapter-7.1.0.tgz 266ms (cache miss)
779 http fetch GET 200 https://registry.npmjs.org/nth-check/-/nth-check-2.1.1.tgz 272ms (cache miss)
780 http fetch GET 200 https://registry.npmjs.org/css-what/-/css-what-6.2.2.tgz 278ms (cache miss)
781 http fetch GET 200 https://registry.npmjs.org/domhandler/-/domhandler-5.0.3.tgz 278ms (cache miss)
782 http fetch GET 200 https://registry.npmjs.org/cheerio-select/-/cheerio-select-2.1.0.tgz 288ms (cache miss)
783 http fetch GET 200 https://registry.npmjs.org/cors/-/cors-2.8.5.tgz 301ms (cache miss)
784 http fetch GET 200 https://registry.npmjs.org/dotenv/-/dotenv-17.2.3.tgz 303ms (cache miss)
785 http fetch GET 200 https://registry.npmjs.org/dom-serializer/-/dom-serializer-2.0.0.tgz 305ms (cache miss)
786 http fetch GET 200 https://registry.npmjs.org/encoding-sniffer/-/encoding-sniffer-0.2.1.tgz 306ms (cache miss)
787 http fetch GET 200 https://registry.npmjs.org/entities/-/entities-4.5.0.tgz 313ms (cache miss)
788 http fetch GET 200 https://registry.npmjs.org/express/-/express-5.2.1.tgz 313ms (cache miss)
789 http fetch GET 200 https://registry.npmjs.org/htmlparser2/-/htmlparser2-10.0.0.tgz 333ms (cache miss)
790 http fetch GET 200 https://registry.npmjs.org/iconv-lite/-/iconv-lite-0.7.1.tgz 331ms (cache miss)
791 http fetch GET 200 https://registry.npmjs.org/iconv-lite/-/iconv-lite-0.7.1.tgz 334ms (cache miss)
792 http fetch GET 200 https://registry.npmjs.org/iconv-lite/-/iconv-lite-0.6.3.tgz 336ms (cache miss)
793 http fetch GET 200 https://registry.npmjs.org/domutils/-/domutils-3.2.2.tgz 344ms (cache miss)
794 http fetch GET 200 https://registry.npmjs.org/parse5/-/parse5-7.3.0.tgz 347ms (cache miss)
795 http fetch GET 200 https://registry.npmjs.org/css-select/-/css-select-5.2.2.tgz 357ms (cache miss)
796 http fetch GET 200 https://registry.npmjs.org/entities/-/entities-6.0.1.tgz 363ms (cache miss)
797 http fetch GET 200 https://registry.npmjs.org/entities/-/entities-6.0.1.tgz 366ms (cache miss)
798 http fetch GET 200 https://registry.npmjs.org/node-cron/-/node-cron-4.2.1.tgz 378ms (cache miss)
799 http fetch GET 200 https://registry.npmjs.org/undici/-/undici-7.16.0.tgz 385ms (cache miss)
800 http fetch GET 200 https://registry.npmjs.org/cheerio/-/cheerio-1.1.2.tgz 391ms (cache miss)
801 silly ADD node_modules/media-typer
802 silly ADD node_modules/dunder-proto
803 silly ADD node_modules/math-intrinsics
804 silly ADD node_modules/hasown
805 silly ADD node_modules/has-symbols
806 silly ADD node_modules/gopd
807 silly ADD node_modules/get-proto
808 silly ADD node_modules/es-object-atoms
809 silly ADD node_modules/es-define-property
810 silly ADD node_modules/function-bind
811 silly ADD node_modules/call-bind-apply-helpers
812 silly ADD node_modules/get-intrinsic
813 silly ADD node_modules/call-bound
814 silly ADD node_modules/side-channel-weakmap
815 silly ADD node_modules/side-channel-map
816 silly ADD node_modules/side-channel-list
817 silly ADD node_modules/object-inspect
818 silly ADD node_modules/es-errors
819 silly ADD node_modules/path-to-regexp
820 silly ADD node_modules/is-promise
821 silly ADD node_modules/unpipe
822 silly ADD node_modules/side-channel
823 silly ADD node_modules/ipaddr.js
824 silly ADD node_modules/forwarded
825 silly ADD node_modules/wrappy
826 silly ADD node_modules/ee-first
827 silly ADD node_modules/mime-db
828 silly ADD node_modules/safer-buffer
829 silly ADD node_modules/toidentifier
830 silly ADD node_modules/setprototypeof
831 silly ADD node_modules/inherits
832 silly ADD node_modules/ms
833 silly ADD node_modules/raw-body
834 silly ADD node_modules/raw-body/node_modules/iconv-lite
835 silly ADD node_modules/bytes
836 silly ADD node_modules/negotiator
837 silly ADD node_modules/type-is
838 silly ADD node_modules/statuses
839 silly ADD node_modules/serve-static
840 silly ADD node_modules/send
841 silly ADD node_modules/router
842 silly ADD node_modules/range-parser
843 silly ADD node_modules/qs
844 silly ADD node_modules/proxy-addr
845 silly ADD node_modules/parseurl
846 silly ADD node_modules/once
847 silly ADD node_modules/on-finished
848 silly ADD node_modules/mime-types
849 silly ADD node_modules/merge-descriptors
850 silly ADD node_modules/http-errors
851 silly ADD node_modules/fresh
852 silly ADD node_modules/finalhandler
853 silly ADD node_modules/etag
854 silly ADD node_modules/escape-html
855 silly ADD node_modules/encodeurl
856 silly ADD node_modules/depd
857 silly ADD node_modules/debug
858 silly ADD node_modules/cookie-signature
859 silly ADD node_modules/cookie
860 silly ADD node_modules/content-type
861 silly ADD node_modules/content-disposition
862 silly ADD node_modules/body-parser
863 silly ADD node_modules/body-parser/node_modules/iconv-lite
864 silly ADD node_modules/accepts
865 silly ADD node_modules/whatwg-encoding
866 silly ADD node_modules/iconv-lite
867 silly ADD node_modules/entities
868 silly ADD node_modules/nth-check
869 silly ADD node_modules/vary
870 silly ADD node_modules/object-assign
871 silly ADD node_modules/domelementtype
872 silly ADD node_modules/css-what
873 silly ADD node_modules/css-select
874 silly ADD node_modules/boolbase
875 silly ADD node_modules/whatwg-mimetype
876 silly ADD node_modules/undici
877 silly ADD node_modules/parse5-parser-stream
878 silly ADD node_modules/parse5-htmlparser2-tree-adapter
879 silly ADD node_modules/parse5
880 silly ADD node_modules/parse5/node_modules/entities
881 silly ADD node_modules/htmlparser2
882 silly ADD node_modules/htmlparser2/node_modules/entities
883 silly ADD node_modules/encoding-sniffer
884 silly ADD node_modules/domutils
885 silly ADD node_modules/domhandler
886 silly ADD node_modules/dom-serializer
887 silly ADD node_modules/cheerio-select
888 silly ADD node_modules/node-cron
889 silly ADD node_modules/express
890 silly ADD node_modules/dotenv
891 silly ADD node_modules/cors
892 silly ADD node_modules/cheerio
893 verbose cwd /Users/patrickstephenson/bay-area-golf-times
894 verbose os Darwin 24.1.0
895 verbose node v24.12.0
896 verbose npm  v11.6.2
897 notice
897 notice New minor version of npm available! 11.6.2 -> 11.7.0
897 notice Changelog: https://github.com/npm/cli/releases/tag/v11.7.0
897 notice To update run: npm install -g npm@11.7.0
897 notice  { force: true, Symbol(proc-log.meta): true }
898 verbose exit 0
899 info ok
