[dotenv@17.2.3] injecting env (3) from .env.local -- tip: 🔐 prevent committing .env to code: https://dotenvx.com/precommit
[1/9/2026, 6:16:18 PM] Starting daemon mode - scraping every 2 hours
[1/9/2026, 6:16:18 PM] Next scrape: immediately
[1/9/2026, 6:16:18 PM] ============================================================
[1/9/2026, 6:16:18 PM] SCHEDULED SCRAPE - 168 HOUR (7 DAY) COVERAGE
[1/9/2026, 6:16:18 PM] ============================================================
[1/9/2026, 6:16:18 PM] Loaded 92 courses
[1/9/2026, 6:16:18 PM] Starting parallel scrape...
[GolfNow] Starting direct facility scrape...
[Chronogolf API] Starting hybrid API scrape...
[TotaleIntegrated API] Starting scrape...
[TotaleIntegrated API] Fetching 28 course-day combinations...
[CPS Golf] Starting optimized scrape...
[GolfNow] Found 59 courses with GolfNow IDs
  [GolfNow] Scraping 2026-01-10 (59 courses)...
  [Chronogolf API] Establishing session...
  [Chronogolf API] Fetching tee times via API...
[TotaleIntegrated API] Fetched all data in 4.8s, inserting...
  [TotaleIntegrated API] San Jose Municipal Golf Course: 362 tee times
  [TotaleIntegrated API] Ancil Hoffman Golf Course: 98 tee times
  [TotaleIntegrated API] Mather Golf Course: 190 tee times
  [TotaleIntegrated API] Cherry Island Golf Course: 197 tee times
[TotaleIntegrated API] Complete: 4 courses, 847 tee times in 6.6s
[1/9/2026, 6:16:24 PM] [TotaleIntegrated] Complete: 847 tee times
[Chronogolf API] Complete: 7 courses, 1377 tee times in 8.1s
[1/9/2026, 6:16:26 PM] [Chronogolf] Complete: 1377 tee times
  [CPS Golf] Diablo Creek Golf Course: 268 tee times
  [CPS Golf] Northwood Golf Club: 195 tee times
[CPS Golf] Complete: 2 courses, 463 tee times in 29.9s
[1/9/2026, 6:16:48 PM] [CPS Golf] Complete: 463 tee times
  [GolfNow] 2026-01-10: 1313 tee times
  [GolfNow] Scraping 2026-01-11 (59 courses)...
  [GolfNow] 2026-01-11: 1471 tee times
  [GolfNow] Scraping 2026-01-12 (59 courses)...
  [GolfNow] 2026-01-12: 1554 tee times
  [GolfNow] Scraping 2026-01-13 (59 courses)...
  [GolfNow] 2026-01-13: 1687 tee times
  [GolfNow] Scraping 2026-01-14 (59 courses)...
  [GolfNow] 2026-01-14: 1645 tee times
  [GolfNow] Scraping 2026-01-15 (59 courses)...
  [GolfNow] 2026-01-15: 1647 tee times
  [GolfNow] Scraping 2026-01-16 (59 courses)...
  [GolfNow] 2026-01-16: 1611 tee times
[GolfNow] Inserting 10928 tee times...
[GolfNow] Complete: 10928 tee times in 926.2s
[GolfNow] Courses with data: 59/59
[1/9/2026, 6:31:44 PM] [GolfNow] Complete: 10928 tee times
[1/9/2026, 6:31:44 PM] Cleaning up stale data...
[1/9/2026, 6:31:45 PM] Deleted 356 stale records, 19 past records
[1/9/2026, 6:31:45 PM] 
[1/9/2026, 6:31:45 PM] ============================================================
[1/9/2026, 6:31:45 PM] SCRAPE COMPLETE
[1/9/2026, 6:31:45 PM] ============================================================
[1/9/2026, 6:31:45 PM] Duration: 927.5s
[1/9/2026, 6:31:45 PM] Scrapers: 4/4 successful
[1/9/2026, 6:31:45 PM] Total tee times: 13615
[1/9/2026, 6:31:45 PM] 
[1/9/2026, 6:31:45 PM] Results by source:
[1/9/2026, 6:31:45 PM]   ✓ golfnow: 10928 tee times
[1/9/2026, 6:31:45 PM]   ✓ chronogolf: 1377 tee times
[1/9/2026, 6:31:45 PM]   ✓ totaleintegrated: 847 tee times
[1/9/2026, 6:31:45 PM]   ✓ cpsgolf: 463 tee times
[1/9/2026, 6:31:45 PM] 
[1/9/2026, 6:31:45 PM] Database status:
[1/9/2026, 6:31:45 PM]   Courses with data: 71
[1/9/2026, 6:31:45 PM]   Total tee times: 13661
[1/9/2026, 6:31:45 PM]   Date range: 2026-01-10 to 2026-01-16
[1/9/2026, 6:31:45 PM] ============================================================
[1/9/2026, 6:31:45 PM] Sleeping for 2 hours... Next scrape at 1/9/2026, 8:31:45 PM
[1/10/2026, 12:17:52 AM] ============================================================
[1/10/2026, 12:17:52 AM] SCHEDULED SCRAPE - 168 HOUR (7 DAY) COVERAGE
[1/10/2026, 12:17:52 AM] ============================================================
[1/10/2026, 12:17:53 AM] Loaded 92 courses
[1/10/2026, 12:17:53 AM] Starting parallel scrape...
[GolfNow] Starting direct facility scrape...
[Chronogolf API] Starting hybrid API scrape...
[TotaleIntegrated API] Starting scrape...
[TotaleIntegrated API] Fetching 28 course-day combinations...
[CPS Golf] Starting optimized scrape...
[GolfNow] Found 59 courses with GolfNow IDs
  [GolfNow] Scraping 2026-01-10 (59 courses)...
  [Chronogolf API] Establishing session...
[TotaleIntegrated API] Fetched all data in 4.2s, inserting...
  [Chronogolf API] Fetching tee times via API...
  [TotaleIntegrated API] San Jose Municipal Golf Course: 400 tee times
  [TotaleIntegrated API] Ancil Hoffman Golf Course: 116 tee times
  [TotaleIntegrated API] Mather Golf Course: 218 tee times
  [TotaleIntegrated API] Cherry Island Golf Course: 244 tee times
[TotaleIntegrated API] Complete: 4 courses, 978 tee times in 6.8s
[1/10/2026, 12:18:00 AM] [TotaleIntegrated] Complete: 978 tee times
[Chronogolf API] Complete: 7 courses, 1604 tee times in 9.9s
[1/10/2026, 12:18:03 AM] [Chronogolf] Complete: 1604 tee times
  [CPS Golf] Diablo Creek Golf Course: 308 tee times
  [CPS Golf] Northwood Golf Club: 225 tee times
[CPS Golf] Complete: 2 courses, 533 tee times in 31.6s
[1/10/2026, 12:18:24 AM] [CPS Golf] Complete: 533 tee times
  [GolfNow] 2026-01-10: 1255 tee times
  [GolfNow] Scraping 2026-01-11 (59 courses)...
  [GolfNow] 2026-01-11: 1465 tee times
  [GolfNow] Scraping 2026-01-12 (59 courses)...
  [GolfNow] 2026-01-12: 1559 tee times
  [GolfNow] Scraping 2026-01-13 (59 courses)...
  [GolfNow] 2026-01-13: 1685 tee times
  [GolfNow] Scraping 2026-01-14 (59 courses)...
  [GolfNow] 2026-01-14: 1645 tee times
  [GolfNow] Scraping 2026-01-15 (59 courses)...
  [GolfNow] 2026-01-15: 1648 tee times
  [GolfNow] Scraping 2026-01-16 (59 courses)...
  [GolfNow] 2026-01-16: 1611 tee times
[GolfNow] Inserting 10868 tee times...
[GolfNow] Complete: 10868 tee times in 905.4s
[GolfNow] Courses with data: 59/59
[1/10/2026, 12:32:58 AM] [GolfNow] Complete: 10868 tee times
[1/10/2026, 12:32:58 AM] Cleaning up stale data...
[1/10/2026, 12:32:59 AM] Deleted 673 stale records, 0 past records
[1/10/2026, 12:32:59 AM] 
[1/10/2026, 12:32:59 AM] ============================================================
[1/10/2026, 12:32:59 AM] SCRAPE COMPLETE
[1/10/2026, 12:32:59 AM] ============================================================
[1/10/2026, 12:32:59 AM] Duration: 906.7s
[1/10/2026, 12:32:59 AM] Scrapers: 4/4 successful
[1/10/2026, 12:32:59 AM] Total tee times: 13983
[1/10/2026, 12:32:59 AM] 
[1/10/2026, 12:32:59 AM] Results by source:
[1/10/2026, 12:32:59 AM]   ✓ golfnow: 10868 tee times
[1/10/2026, 12:32:59 AM]   ✓ chronogolf: 1604 tee times
[1/10/2026, 12:32:59 AM]   ✓ totaleintegrated: 978 tee times
[1/10/2026, 12:32:59 AM]   ✓ cpsgolf: 533 tee times
[1/10/2026, 12:32:59 AM] 
[1/10/2026, 12:32:59 AM] Database status:
[1/10/2026, 12:32:59 AM]   Courses with data: 71
[1/10/2026, 12:32:59 AM]   Total tee times: 13983
[1/10/2026, 12:32:59 AM]   Date range: 2026-01-10 to 2026-01-16
[1/10/2026, 12:32:59 AM] ============================================================
[1/10/2026, 12:32:59 AM] Sleeping for 2 hours... Next scrape at 1/10/2026, 2:32:59 AM
[1/10/2026, 9:21:45 AM] ============================================================
[1/10/2026, 9:21:45 AM] SCHEDULED SCRAPE - 168 HOUR (7 DAY) COVERAGE
[1/10/2026, 9:21:45 AM] ============================================================
[1/10/2026, 9:21:46 AM] Loaded 92 courses
[1/10/2026, 9:21:46 AM] Starting parallel scrape...
[GolfNow] Starting direct facility scrape...
[Chronogolf API] Starting hybrid API scrape...
[TotaleIntegrated API] Starting scrape...
[TotaleIntegrated API] Fetching 28 course-day combinations...
[CPS Golf] Starting optimized scrape...
[GolfNow] Found 59 courses with GolfNow IDs
  [GolfNow] Scraping 2026-01-10 (59 courses)...
  [Chronogolf API] Establishing session...
[TotaleIntegrated API] Fetched all data in 4.1s, inserting...
  [Chronogolf API] Fetching tee times via API...
  [TotaleIntegrated API] San Jose Municipal Golf Course: 398 tee times
  [TotaleIntegrated API] Ancil Hoffman Golf Course: 119 tee times
  [TotaleIntegrated API] Mather Golf Course: 220 tee times
  [TotaleIntegrated API] Cherry Island Golf Course: 244 tee times
[TotaleIntegrated API] Complete: 4 courses, 981 tee times in 5.6s
[1/10/2026, 9:21:51 AM] [TotaleIntegrated] Complete: 981 tee times
[Chronogolf API] Complete: 7 courses, 1590 tee times in 9.9s
[1/10/2026, 9:21:56 AM] [Chronogolf] Complete: 1590 tee times
  [CPS Golf] Diablo Creek Golf Course: 305 tee times
  [CPS Golf] Northwood Golf Club: 227 tee times
[CPS Golf] Complete: 2 courses, 532 tee times in 30.0s
[1/10/2026, 9:22:16 AM] [CPS Golf] Complete: 532 tee times
  [Retry] Attempt 1 failed, retrying in 1000ms...
  [Retry] Attempt 1 failed, retrying in 1000ms...
  [Retry] Attempt 1 failed, retrying in 1000ms...
  [Retry] Attempt 1 failed, retrying in 1000ms...
  [Retry] Attempt 1 failed, retrying in 1000ms...
  [GolfNow] 2026-01-10: 1083 tee times
  [GolfNow] Scraping 2026-01-11 (59 courses)...
  [Retry] Attempt 1 failed, retrying in 1000ms...
  [Retry] Attempt 1 failed, retrying in 1000ms...
  [Retry] Attempt 1 failed, retrying in 1000ms...
  [Retry] Attempt 1 failed, retrying in 1000ms...
  [Retry] Attempt 1 failed, retrying in 1000ms...
  [Retry] Attempt 1 failed, retrying in 1000ms...
  [Retry] Attempt 1 failed, retrying in 1000ms...
  [Retry] Attempt 1 failed, retrying in 1000ms...
  [Retry] Attempt 1 failed, retrying in 1000ms...
  [Retry] Attempt 1 failed, retrying in 1000ms...
  [Retry] Attempt 1 failed, retrying in 1000ms...
  [Retry] Attempt 1 failed, retrying in 1000ms...
  [Retry] Attempt 1 failed, retrying in 1000ms...
  [Retry] Attempt 1 failed, retrying in 1000ms...
  [Retry] Attempt 1 failed, retrying in 1000ms...
  [Retry] Attempt 1 failed, retrying in 1000ms...
  [Retry] Attempt 1 failed, retrying in 1000ms...
  [Retry] Attempt 1 failed, retrying in 1000ms...
  [Retry] Attempt 1 failed, retrying in 1000ms...
  [Retry] Attempt 1 failed, retrying in 1000ms...
  [Retry] Attempt 1 failed, retrying in 1000ms...
  [Retry] Attempt 1 failed, retrying in 1000ms...
  [Retry] Attempt 1 failed, retrying in 1000ms...
  [Retry] Attempt 1 failed, retrying in 1000ms...
  [Retry] Attempt 1 failed, retrying in 1000ms...
  [Retry] Attempt 1 failed, retrying in 1000ms...
  [Retry] Attempt 1 failed, retrying in 1000ms...
  [Retry] Attempt 1 failed, retrying in 1000ms...
  [Retry] Attempt 1 failed, retrying in 1000ms...
  [Retry] Attempt 1 failed, retrying in 1000ms...
  [Retry] Attempt 1 failed, retrying in 1000ms...
  [Retry] Attempt 1 failed, retrying in 1000ms...
  [Retry] Attempt 1 failed, retrying in 1000ms...
  [Retry] Attempt 1 failed, retrying in 1000ms...
  [Retry] Attempt 1 failed, retrying in 1000ms...
  [Retry] Attempt 1 failed, retrying in 1000ms...
  [Retry] Attempt 1 failed, retrying in 1000ms...
  [Retry] Attempt 1 failed, retrying in 1000ms...
  [Retry] Attempt 1 failed, retrying in 1000ms...
  [Retry] Attempt 1 failed, retrying in 1000ms...
  [Retry] Attempt 1 failed, retrying in 1000ms...
  [Retry] Attempt 1 failed, retrying in 1000ms...
  [Retry] Attempt 1 failed, retrying in 1000ms...
  [Retry] Attempt 1 failed, retrying in 1000ms...
  [Retry] Attempt 1 failed, retrying in 1000ms...
  [Retry] Attempt 1 failed, retrying in 1000ms...
  [Retry] Attempt 1 failed, retrying in 1000ms...
  [Retry] Attempt 1 failed, retrying in 1000ms...
  [Retry] Attempt 1 failed, retrying in 1000ms...
  [Retry] Attempt 1 failed, retrying in 1000ms...
  [Retry] Attempt 1 failed, retrying in 1000ms...
  [Retry] Attempt 1 failed, retrying in 1000ms...
  [Retry] Attempt 1 failed, retrying in 1000ms...
  [Retry] Attempt 1 failed, retrying in 1000ms...
  [Retry] Attempt 1 failed, retrying in 1000ms...
  [Retry] Attempt 1 failed, retrying in 1000ms...
  [Retry] Attempt 1 failed, retrying in 1000ms...
  [Retry] Attempt 1 failed, retrying in 1000ms...
  [Retry] Attempt 1 failed, retrying in 1000ms...
  [GolfNow] 2026-01-11: 0 tee times
  [GolfNow] Scraping 2026-01-12 (59 courses)...
  [Retry] Attempt 1 failed, retrying in 1000ms...
  [Retry] Attempt 1 failed, retrying in 1000ms...
  [Retry] Attempt 1 failed, retrying in 1000ms...
  [Retry] Attempt 1 failed, retrying in 1000ms...
  [Retry] Attempt 1 failed, retrying in 1000ms...
  [Retry] Attempt 1 failed, retrying in 1000ms...
  [Retry] Attempt 1 failed, retrying in 1000ms...
  [Retry] Attempt 1 failed, retrying in 1000ms...
  [Retry] Attempt 1 failed, retrying in 1000ms...
  [Retry] Attempt 1 failed, retrying in 1000ms...
  [Retry] Attempt 1 failed, retrying in 1000ms...
  [Retry] Attempt 1 failed, retrying in 1000ms...
  [Retry] Attempt 1 failed, retrying in 1000ms...
  [Retry] Attempt 1 failed, retrying in 1000ms...
  [Retry] Attempt 1 failed, retrying in 1000ms...
  [Retry] Attempt 1 failed, retrying in 1000ms...
  [Retry] Attempt 1 failed, retrying in 1000ms...
  [Retry] Attempt 1 failed, retrying in 1000ms...
  [Retry] Attempt 1 failed, retrying in 1000ms...
  [Retry] Attempt 1 failed, retrying in 1000ms...
  [Retry] Attempt 1 failed, retrying in 1000ms...
  [Retry] Attempt 1 failed, retrying in 1000ms...
  [Retry] Attempt 1 failed, retrying in 1000ms...
  [Retry] Attempt 1 failed, retrying in 1000ms...
  [Retry] Attempt 1 failed, retrying in 1000ms...
  [Retry] Attempt 1 failed, retrying in 1000ms...
  [Retry] Attempt 1 failed, retrying in 1000ms...
  [Retry] Attempt 1 failed, retrying in 1000ms...
  [Retry] Attempt 1 failed, retrying in 1000ms...
  [Retry] Attempt 1 failed, retrying in 1000ms...
  [Retry] Attempt 1 failed, retrying in 1000ms...
  [Retry] Attempt 1 failed, retrying in 1000ms...
  [Retry] Attempt 1 failed, retrying in 1000ms...
  [Retry] Attempt 1 failed, retrying in 1000ms...
  [Retry] Attempt 1 failed, retrying in 1000ms...
  [Retry] Attempt 1 failed, retrying in 1000ms...
  [Retry] Attempt 1 failed, retrying in 1000ms...
  [Retry] Attempt 1 failed, retrying in 1000ms...
  [Retry] Attempt 1 failed, retrying in 1000ms...
  [Retry] Attempt 1 failed, retrying in 1000ms...
  [Retry] Attempt 1 failed, retrying in 1000ms...
  [Retry] Attempt 1 failed, retrying in 1000ms...
  [Retry] Attempt 1 failed, retrying in 1000ms...
  [Retry] Attempt 1 failed, retrying in 1000ms...
  [Retry] Attempt 1 failed, retrying in 1000ms...
  [Retry] Attempt 1 failed, retrying in 1000ms...
  [Retry] Attempt 1 failed, retrying in 1000ms...
  [Retry] Attempt 1 failed, retrying in 1000ms...
  [Retry] Attempt 1 failed, retrying in 1000ms...
  [Retry] Attempt 1 failed, retrying in 1000ms...
  [Retry] Attempt 1 failed, retrying in 1000ms...
  [Retry] Attempt 1 failed, retrying in 1000ms...
  [Retry] Attempt 1 failed, retrying in 1000ms...
  [Retry] Attempt 1 failed, retrying in 1000ms...
  [Retry] Attempt 1 failed, retrying in 1000ms...
  [Retry] Attempt 1 failed, retrying in 1000ms...
  [Retry] Attempt 1 failed, retrying in 1000ms...
  [Retry] Attempt 1 failed, retrying in 1000ms...
  [Retry] Attempt 1 failed, retrying in 1000ms...
  [GolfNow] 2026-01-12: 0 tee times
  [GolfNow] Scraping 2026-01-13 (59 courses)...
  [Retry] Attempt 1 failed, retrying in 1000ms...
  [Retry] Attempt 1 failed, retrying in 1000ms...
  [Retry] Attempt 1 failed, retrying in 1000ms...
  [Retry] Attempt 1 failed, retrying in 1000ms...
  [Retry] Attempt 1 failed, retrying in 1000ms...
  [Retry] Attempt 1 failed, retrying in 1000ms...
  [Retry] Attempt 1 failed, retrying in 1000ms...
  [Retry] Attempt 1 failed, retrying in 1000ms...
  [Retry] Attempt 1 failed, retrying in 1000ms...
  [Retry] Attempt 1 failed, retrying in 1000ms...
  [Retry] Attempt 1 failed, retrying in 1000ms...
  [Retry] Attempt 1 failed, retrying in 1000ms...
  [Retry] Attempt 1 failed, retrying in 1000ms...
  [Retry] Attempt 1 failed, retrying in 1000ms...
  [Retry] Attempt 1 failed, retrying in 1000ms...
  [Retry] Attempt 1 failed, retrying in 1000ms...
  [Retry] Attempt 1 failed, retrying in 1000ms...
  [Retry] Attempt 1 failed, retrying in 1000ms...
  [Retry] Attempt 1 failed, retrying in 1000ms...
  [Retry] Attempt 1 failed, retrying in 1000ms...
  [Retry] Attempt 1 failed, retrying in 1000ms...
  [Retry] Attempt 1 failed, retrying in 1000ms...
  [Retry] Attempt 1 failed, retrying in 1000ms...
  [Retry] Attempt 1 failed, retrying in 1000ms...
  [Retry] Attempt 1 failed, retrying in 1000ms...
  [Retry] Attempt 1 failed, retrying in 1000ms...
  [Retry] Attempt 1 failed, retrying in 1000ms...
  [Retry] Attempt 1 failed, retrying in 1000ms...
  [Retry] Attempt 1 failed, retrying in 1000ms...
  [Retry] Attempt 1 failed, retrying in 1000ms...
  [Retry] Attempt 1 failed, retrying in 1000ms...
  [Retry] Attempt 1 failed, retrying in 1000ms...
  [Retry] Attempt 1 failed, retrying in 1000ms...
  [Retry] Attempt 1 failed, retrying in 1000ms...
  [Retry] Attempt 1 failed, retrying in 1000ms...
  [Retry] Attempt 1 failed, retrying in 1000ms...
  [Retry] Attempt 1 failed, retrying in 1000ms...
  [Retry] Attempt 1 failed, retrying in 1000ms...
  [Retry] Attempt 1 failed, retrying in 1000ms...
  [Retry] Attempt 1 failed, retrying in 1000ms...
  [Retry] Attempt 1 failed, retrying in 1000ms...
  [Retry] Attempt 1 failed, retrying in 1000ms...
  [Retry] Attempt 1 failed, retrying in 1000ms...
  [Retry] Attempt 1 failed, retrying in 1000ms...
  [Retry] Attempt 1 failed, retrying in 1000ms...
  [Retry] Attempt 1 failed, retrying in 1000ms...
  [Retry] Attempt 1 failed, retrying in 1000ms...
  [Retry] Attempt 1 failed, retrying in 1000ms...
  [Retry] Attempt 1 failed, retrying in 1000ms...
  [Retry] Attempt 1 failed, retrying in 1000ms...
  [Retry] Attempt 1 failed, retrying in 1000ms...
  [Retry] Attempt 1 failed, retrying in 1000ms...
  [Retry] Attempt 1 failed, retrying in 1000ms...
  [Retry] Attempt 1 failed, retrying in 1000ms...
  [Retry] Attempt 1 failed, retrying in 1000ms...
  [Retry] Attempt 1 failed, retrying in 1000ms...
  [Retry] Attempt 1 failed, retrying in 1000ms...
  [Retry] Attempt 1 failed, retrying in 1000ms...
  [Retry] Attempt 1 failed, retrying in 1000ms...
  [GolfNow] 2026-01-13: 0 tee times
  [GolfNow] Scraping 2026-01-14 (59 courses)...
  [Retry] Attempt 1 failed, retrying in 1000ms...
  [Retry] Attempt 1 failed, retrying in 1000ms...
  [Retry] Attempt 1 failed, retrying in 1000ms...
  [Retry] Attempt 1 failed, retrying in 1000ms...
  [Retry] Attempt 1 failed, retrying in 1000ms...
  [Retry] Attempt 1 failed, retrying in 1000ms...
  [Retry] Attempt 1 failed, retrying in 1000ms...
  [Retry] Attempt 1 failed, retrying in 1000ms...
  [Retry] Attempt 1 failed, retrying in 1000ms...
  [Retry] Attempt 1 failed, retrying in 1000ms...
  [Retry] Attempt 1 failed, retrying in 1000ms...
  [Retry] Attempt 1 failed, retrying in 1000ms...
  [Retry] Attempt 1 failed, retrying in 1000ms...
  [Retry] Attempt 1 failed, retrying in 1000ms...
  [Retry] Attempt 1 failed, retrying in 1000ms...
  [Retry] Attempt 1 failed, retrying in 1000ms...
  [Retry] Attempt 1 failed, retrying in 1000ms...
  [Retry] Attempt 1 failed, retrying in 1000ms...
  [Retry] Attempt 1 failed, retrying in 1000ms...
  [Retry] Attempt 1 failed, retrying in 1000ms...
  [Retry] Attempt 1 failed, retrying in 1000ms...
  [Retry] Attempt 1 failed, retrying in 1000ms...
  [Retry] Attempt 1 failed, retrying in 1000ms...
  [Retry] Attempt 1 failed, retrying in 1000ms...
  [Retry] Attempt 1 failed, retrying in 1000ms...
  [Retry] Attempt 1 failed, retrying in 1000ms...
  [Retry] Attempt 1 failed, retrying in 1000ms...
  [Retry] Attempt 1 failed, retrying in 1000ms...
  [Retry] Attempt 1 failed, retrying in 1000ms...
  [Retry] Attempt 1 failed, retrying in 1000ms...
  [Retry] Attempt 1 failed, retrying in 1000ms...
  [Retry] Attempt 1 failed, retrying in 1000ms...
  [Retry] Attempt 1 failed, retrying in 1000ms...
  [Retry] Attempt 1 failed, retrying in 1000ms...
  [Retry] Attempt 1 failed, retrying in 1000ms...
  [Retry] Attempt 1 failed, retrying in 1000ms...
  [Retry] Attempt 1 failed, retrying in 1000ms...
  [Retry] Attempt 1 failed, retrying in 1000ms...
  [Retry] Attempt 1 failed, retrying in 1000ms...
  [Retry] Attempt 1 failed, retrying in 1000ms...
  [Retry] Attempt 1 failed, retrying in 1000ms...
  [Retry] Attempt 1 failed, retrying in 1000ms...
  [Retry] Attempt 1 failed, retrying in 1000ms...
  [Retry] Attempt 1 failed, retrying in 1000ms...
  [Retry] Attempt 1 failed, retrying in 1000ms...
  [Retry] Attempt 1 failed, retrying in 1000ms...
  [Retry] Attempt 1 failed, retrying in 1000ms...
  [Retry] Attempt 1 failed, retrying in 1000ms...
  [Retry] Attempt 1 failed, retrying in 1000ms...
  [Retry] Attempt 1 failed, retrying in 1000ms...
  [Retry] Attempt 1 failed, retrying in 1000ms...
  [Retry] Attempt 1 failed, retrying in 1000ms...
  [Retry] Attempt 1 failed, retrying in 1000ms...
  [Retry] Attempt 1 failed, retrying in 1000ms...
  [Retry] Attempt 1 failed, retrying in 1000ms...
  [Retry] Attempt 1 failed, retrying in 1000ms...
  [Retry] Attempt 1 failed, retrying in 1000ms...
  [Retry] Attempt 1 failed, retrying in 1000ms...
  [Retry] Attempt 1 failed, retrying in 1000ms...
  [GolfNow] 2026-01-14: 0 tee times
  [GolfNow] Scraping 2026-01-15 (59 courses)...
  [Retry] Attempt 1 failed, retrying in 1000ms...
  [Retry] Attempt 1 failed, retrying in 1000ms...
  [Retry] Attempt 1 failed, retrying in 1000ms...
  [Retry] Attempt 1 failed, retrying in 1000ms...
  [Retry] Attempt 1 failed, retrying in 1000ms...
  [Retry] Attempt 1 failed, retrying in 1000ms...
  [Retry] Attempt 1 failed, retrying in 1000ms...
  [Retry] Attempt 1 failed, retrying in 1000ms...
  [Retry] Attempt 1 failed, retrying in 1000ms...
  [Retry] Attempt 1 failed, retrying in 1000ms...
  [Retry] Attempt 1 failed, retrying in 1000ms...
  [Retry] Attempt 1 failed, retrying in 1000ms...
  [Retry] Attempt 1 failed, retrying in 1000ms...
  [Retry] Attempt 1 failed, retrying in 1000ms...
  [Retry] Attempt 1 failed, retrying in 1000ms...
  [Retry] Attempt 1 failed, retrying in 1000ms...
  [Retry] Attempt 1 failed, retrying in 1000ms...
  [Retry] Attempt 1 failed, retrying in 1000ms...
  [Retry] Attempt 1 failed, retrying in 1000ms...
  [Retry] Attempt 1 failed, retrying in 1000ms...
  [Retry] Attempt 1 failed, retrying in 1000ms...
  [Retry] Attempt 1 failed, retrying in 1000ms...
  [Retry] Attempt 1 failed, retrying in 1000ms...
  [Retry] Attempt 1 failed, retrying in 1000ms...
  [Retry] Attempt 1 failed, retrying in 1000ms...
  [Retry] Attempt 1 failed, retrying in 1000ms...
  [Retry] Attempt 1 failed, retrying in 1000ms...
  [Retry] Attempt 1 failed, retrying in 1000ms...
  [Retry] Attempt 1 failed, retrying in 1000ms...
  [Retry] Attempt 1 failed, retrying in 1000ms...
  [Retry] Attempt 1 failed, retrying in 1000ms...
  [Retry] Attempt 1 failed, retrying in 1000ms...
  [Retry] Attempt 1 failed, retrying in 1000ms...
  [Retry] Attempt 1 failed, retrying in 1000ms...
  [Retry] Attempt 1 failed, retrying in 1000ms...
  [Retry] Attempt 1 failed, retrying in 1000ms...
  [Retry] Attempt 1 failed, retrying in 1000ms...
  [Retry] Attempt 1 failed, retrying in 1000ms...
  [Retry] Attempt 1 failed, retrying in 1000ms...
  [Retry] Attempt 1 failed, retrying in 1000ms...
  [Retry] Attempt 1 failed, retrying in 1000ms...
  [Retry] Attempt 1 failed, retrying in 1000ms...
  [Retry] Attempt 1 failed, retrying in 1000ms...
  [Retry] Attempt 1 failed, retrying in 1000ms...
  [Retry] Attempt 1 failed, retrying in 1000ms...
  [Retry] Attempt 1 failed, retrying in 1000ms...
  [Retry] Attempt 1 failed, retrying in 1000ms...
  [Retry] Attempt 1 failed, retrying in 1000ms...
  [Retry] Attempt 1 failed, retrying in 1000ms...
  [Retry] Attempt 1 failed, retrying in 1000ms...
  [Retry] Attempt 1 failed, retrying in 1000ms...
  [Retry] Attempt 1 failed, retrying in 1000ms...
  [Retry] Attempt 1 failed, retrying in 1000ms...
  [Retry] Attempt 1 failed, retrying in 1000ms...
  [Retry] Attempt 1 failed, retrying in 1000ms...
  [Retry] Attempt 1 failed, retrying in 1000ms...
  [Retry] Attempt 1 failed, retrying in 1000ms...
  [Retry] Attempt 1 failed, retrying in 1000ms...
  [Retry] Attempt 1 failed, retrying in 1000ms...
  [GolfNow] 2026-01-15: 0 tee times
  [GolfNow] Scraping 2026-01-16 (59 courses)...
  [Retry] Attempt 1 failed, retrying in 1000ms...
  [Retry] Attempt 1 failed, retrying in 1000ms...
  [Retry] Attempt 1 failed, retrying in 1000ms...
  [Retry] Attempt 1 failed, retrying in 1000ms...
  [Retry] Attempt 1 failed, retrying in 1000ms...
  [Retry] Attempt 1 failed, retrying in 1000ms...
  [Retry] Attempt 1 failed, retrying in 1000ms...
  [Retry] Attempt 1 failed, retrying in 1000ms...
  [Retry] Attempt 1 failed, retrying in 1000ms...
  [Retry] Attempt 1 failed, retrying in 1000ms...
  [Retry] Attempt 1 failed, retrying in 1000ms...
  [Retry] Attempt 1 failed, retrying in 1000ms...
  [Retry] Attempt 1 failed, retrying in 1000ms...
  [Retry] Attempt 1 failed, retrying in 1000ms...
  [Retry] Attempt 1 failed, retrying in 1000ms...
  [Retry] Attempt 1 failed, retrying in 1000ms...
  [Retry] Attempt 1 failed, retrying in 1000ms...
  [Retry] Attempt 1 failed, retrying in 1000ms...
  [Retry] Attempt 1 failed, retrying in 1000ms...
  [Retry] Attempt 1 failed, retrying in 1000ms...
  [Retry] Attempt 1 failed, retrying in 1000ms...
  [Retry] Attempt 1 failed, retrying in 1000ms...
  [Retry] Attempt 1 failed, retrying in 1000ms...
  [Retry] Attempt 1 failed, retrying in 1000ms...
  [Retry] Attempt 1 failed, retrying in 1000ms...
  [Retry] Attempt 1 failed, retrying in 1000ms...
  [Retry] Attempt 1 failed, retrying in 1000ms...
  [Retry] Attempt 1 failed, retrying in 1000ms...
  [Retry] Attempt 1 failed, retrying in 1000ms...
  [Retry] Attempt 1 failed, retrying in 1000ms...
  [Retry] Attempt 1 failed, retrying in 1000ms...
  [Retry] Attempt 1 failed, retrying in 1000ms...
  [Retry] Attempt 1 failed, retrying in 1000ms...
  [Retry] Attempt 1 failed, retrying in 1000ms...
  [Retry] Attempt 1 failed, retrying in 1000ms...
  [Retry] Attempt 1 failed, retrying in 1000ms...
  [Retry] Attempt 1 failed, retrying in 1000ms...
  [Retry] Attempt 1 failed, retrying in 1000ms...
  [Retry] Attempt 1 failed, retrying in 1000ms...
  [Retry] Attempt 1 failed, retrying in 1000ms...
  [Retry] Attempt 1 failed, retrying in 1000ms...
  [Retry] Attempt 1 failed, retrying in 1000ms...
  [Retry] Attempt 1 failed, retrying in 1000ms...
  [Retry] Attempt 1 failed, retrying in 1000ms...
  [Retry] Attempt 1 failed, retrying in 1000ms...
  [Retry] Attempt 1 failed, retrying in 1000ms...
  [Retry] Attempt 1 failed, retrying in 1000ms...
  [Retry] Attempt 1 failed, retrying in 1000ms...
  [Retry] Attempt 1 failed, retrying in 1000ms...
  [Retry] Attempt 1 failed, retrying in 1000ms...
  [Retry] Attempt 1 failed, retrying in 1000ms...
  [Retry] Attempt 1 failed, retrying in 1000ms...
  [Retry] Attempt 1 failed, retrying in 1000ms...
  [Retry] Attempt 1 failed, retrying in 1000ms...
  [Retry] Attempt 1 failed, retrying in 1000ms...
  [Retry] Attempt 1 failed, retrying in 1000ms...
  [Retry] Attempt 1 failed, retrying in 1000ms...
  [Retry] Attempt 1 failed, retrying in 1000ms...
  [Retry] Attempt 1 failed, retrying in 1000ms...
  [GolfNow] 2026-01-16: 0 tee times
[GolfNow] Inserting 1083 tee times...
[GolfNow] Complete: 1083 tee times in 891.8s
[GolfNow] Courses with data: 54/59
[GolfNow] Courses without tee times:
  - Shoreline Golf Links
  - Lake Chabot Golf Course
  - Spring Valley Golf Course
  - Montclair Golf Course
  - Sunken Gardens Golf Course
[1/10/2026, 9:36:38 AM] [GolfNow] Complete: 1083 tee times
[1/10/2026, 9:36:38 AM] Cleaning up stale data...
[1/10/2026, 9:36:38 AM] Deleted 10153 stale records, 0 past records
[1/10/2026, 9:36:38 AM] 
[1/10/2026, 9:36:38 AM] ============================================================
[1/10/2026, 9:36:38 AM] SCRAPE COMPLETE
[1/10/2026, 9:36:38 AM] ============================================================
[1/10/2026, 9:36:38 AM] Duration: 893.0s
[1/10/2026, 9:36:38 AM] Scrapers: 4/4 successful
[1/10/2026, 9:36:38 AM] Total tee times: 4186
[1/10/2026, 9:36:38 AM] 
[1/10/2026, 9:36:38 AM] Results by source:
[1/10/2026, 9:36:38 AM]   ✓ golfnow: 1083 tee times
[1/10/2026, 9:36:38 AM]   ✓ chronogolf: 1590 tee times
[1/10/2026, 9:36:38 AM]   ✓ totaleintegrated: 981 tee times
[1/10/2026, 9:36:38 AM]   ✓ cpsgolf: 532 tee times
[1/10/2026, 9:36:38 AM] 
[1/10/2026, 9:36:38 AM] Database status:
[1/10/2026, 9:36:38 AM]   Courses with data: 66
[1/10/2026, 9:36:38 AM]   Total tee times: 4186
[1/10/2026, 9:36:38 AM]   Date range: 2026-01-10 to 2026-01-16
[1/10/2026, 9:36:38 AM] ============================================================
[1/10/2026, 9:36:38 AM] Sleeping for 2 hours... Next scrape at 1/10/2026, 11:36:38 AM
[1/10/2026, 11:38:13 AM] ============================================================
[1/10/2026, 11:38:13 AM] SCHEDULED SCRAPE - 168 HOUR (7 DAY) COVERAGE
[1/10/2026, 11:38:13 AM] ============================================================
[1/10/2026, 11:38:14 AM] Loaded 92 courses
[1/10/2026, 11:38:14 AM] Starting parallel scrape...
[GolfNow] Starting direct facility scrape...
[Chronogolf API] Starting hybrid API scrape...
[TotaleIntegrated API] Starting scrape...
[TotaleIntegrated API] Fetching 28 course-day combinations...
[CPS Golf] Starting optimized scrape...
[GolfNow] Found 59 courses with GolfNow IDs
  [GolfNow] Scraping 2026-01-10 (59 courses)...
  [Chronogolf API] Establishing session...
[TotaleIntegrated API] Fetched all data in 4.7s, inserting...
  [Chronogolf API] Fetching tee times via API...
  [TotaleIntegrated API] San Jose Municipal Golf Course: 393 tee times
  [TotaleIntegrated API] Ancil Hoffman Golf Course: 117 tee times
  [TotaleIntegrated API] Mather Golf Course: 215 tee times
  [TotaleIntegrated API] Cherry Island Golf Course: 240 tee times
[TotaleIntegrated API] Complete: 4 courses, 965 tee times in 6.5s
[1/10/2026, 11:38:20 AM] [TotaleIntegrated] Complete: 965 tee times
[Chronogolf API] Complete: 7 courses, 1573 tee times in 10.9s
[1/10/2026, 11:38:24 AM] [Chronogolf] Complete: 1573 tee times
  [CPS Golf] Diablo Creek Golf Course: 304 tee times
  [CPS Golf] Northwood Golf Club: 223 tee times
[CPS Golf] Complete: 2 courses, 527 tee times in 32.5s
[1/10/2026, 11:38:46 AM] [CPS Golf] Complete: 527 tee times
  [GolfNow] 2026-01-10: 1057 tee times
  [GolfNow] Scraping 2026-01-11 (59 courses)...
  [GolfNow] 2026-01-11: 1477 tee times
  [GolfNow] Scraping 2026-01-12 (59 courses)...
  [GolfNow] 2026-01-12: 1561 tee times
  [GolfNow] Scraping 2026-01-13 (59 courses)...
  [GolfNow] 2026-01-13: 1684 tee times
  [GolfNow] Scraping 2026-01-14 (59 courses)...
  [GolfNow] 2026-01-14: 1645 tee times
  [GolfNow] Scraping 2026-01-15 (59 courses)...
  [GolfNow] 2026-01-15: 1648 tee times
  [GolfNow] Scraping 2026-01-16 (59 courses)...
  [GolfNow] 2026-01-16: 1636 tee times
[GolfNow] Inserting 10708 tee times...
[GolfNow] Complete: 10708 tee times in 885.2s
[GolfNow] Courses with data: 59/59
[1/10/2026, 11:52:59 AM] [GolfNow] Complete: 10708 tee times
[1/10/2026, 11:52:59 AM] Cleaning up stale data...
[1/10/2026, 11:52:59 AM] Deleted 370 stale records, 0 past records
[1/10/2026, 11:52:59 AM] 
[1/10/2026, 11:52:59 AM] ============================================================
[1/10/2026, 11:52:59 AM] SCRAPE COMPLETE
[1/10/2026, 11:52:59 AM] ============================================================
[1/10/2026, 11:52:59 AM] Duration: 886.5s
[1/10/2026, 11:52:59 AM] Scrapers: 4/4 successful
[1/10/2026, 11:52:59 AM] Total tee times: 13773
[1/10/2026, 11:52:59 AM] 
[1/10/2026, 11:52:59 AM] Results by source:
[1/10/2026, 11:52:59 AM]   ✓ golfnow: 10708 tee times
[1/10/2026, 11:52:59 AM]   ✓ chronogolf: 1573 tee times
[1/10/2026, 11:52:59 AM]   ✓ totaleintegrated: 965 tee times
[1/10/2026, 11:52:59 AM]   ✓ cpsgolf: 527 tee times
[1/10/2026, 11:52:59 AM] 
[1/10/2026, 11:52:59 AM] Database status:
[1/10/2026, 11:52:59 AM]   Courses with data: 71
[1/10/2026, 11:52:59 AM]   Total tee times: 13773
[1/10/2026, 11:52:59 AM]   Date range: 2026-01-10 to 2026-01-16
[1/10/2026, 11:52:59 AM] ============================================================
[1/10/2026, 11:52:59 AM] Sleeping for 2 hours... Next scrape at 1/10/2026, 1:52:59 PM
